[I 2024-12-01 15:17:46,221] Trial 218 finished with value: -0.10783333331346512 and parameters: {'lr': 1e-05, 'gamma': 0.85, 'max_grad_norm': 0.001, 'tau': 0.9}. Best is trial 0 with value: -0.09433334320783615.
[CONFIRMED] Environment variable exists: SUMO_HOME
[SUCCESS] Added module directory: /usr/share/sumo/tools
 Retrying in 1 seconds
device is:  cuda:0
[CONFIRMED] Environment variable exists: SUMO_HOME
[SUCCESS] Added module directory: /usr/share/sumo/tools
 Retrying in 1 seconds
device is:  cuda:0
[CONFIRMED] Environment variable exists: SUMO_HOME
[SUCCESS] Added module directory: /usr/share/sumo/tools
 Retrying in 1 seconds
device is:  cuda:0
[CONFIRMED] Environment variable exists: SUMO_HOME
[SUCCESS] Added module directory: /usr/share/sumo/tools
 Retrying in 1 seconds
device is:  cuda:0
[CONFIRMED] Environment variable exists: SUMO_HOME
[SUCCESS] Added module directory: /usr/share/sumo/tools
 Retrying in 1 seconds
device is:  cuda:0
[CONFIRMED] Environment variable exists: SUMO_HOME
[SUCCESS] Added module directory: /usr/share/sumo/tools
 Retrying in 1 seconds
device is:  cuda:0
[CONFIRMED] Environment variable exists: SUMO_HOME
[SUCCESS] Added module directory: /usr/share/sumo/tools
 Retrying in 1 seconds
device is:  cuda:0
[CONFIRMED] Environment variable exists: SUMO_HOME
[SUCCESS] Added module directory: /usr/share/sumo/tools
 Retrying in 1 seconds
device is:  cuda:0
[CONFIRMED] Environment variable exists: SUMO_HOME
[SUCCESS] Added module directory: /usr/share/sumo/tools
 Retrying in 1 seconds
device is:  cuda:0
[CONFIRMED] Environment variable exists: SUMO_HOME
[SUCCESS] Added module directory: /usr/share/sumo/tools
 Retrying in 1 seconds
device is:  cuda:0
[CONFIRMED] Environment variable exists: SUMO_HOME
[SUCCESS] Added module directory: /usr/share/sumo/tools
 Retrying in 1 seconds
device is:  cuda:0
[CONFIRMED] Environment variable exists: SUMO_HOME
[SUCCESS] Added module directory: /usr/share/sumo/tools
 Retrying in 1 seconds
device is:  cuda:0
[CONFIRMED] Environment variable exists: SUMO_HOME
[SUCCESS] Added module directory: /usr/share/sumo/tools
 Retrying in 1 seconds
device is:  cuda:0
[CONFIRMED] Environment variable exists: SUMO_HOME
[SUCCESS] Added module directory: /usr/share/sumo/tools
 Retrying in 1 seconds
device is:  cuda:0
[CONFIRMED] Environment variable exists: SUMO_HOME
[SUCCESS] Added module directory: /usr/share/sumo/tools
 Retrying in 1 seconds
device is:  cuda:0
[CONFIRMED] Environment variable exists: SUMO_HOME
[SUCCESS] Added module directory: /usr/share/sumo/tools
 Retrying in 1 seconds
device is:  cuda:0
[CONFIRMED] Environment variable exists: SUMO_HOME
[SUCCESS] Added module directory: /usr/share/sumo/tools
 Retrying in 1 seconds
device is:  cuda:0
[CONFIRMED] Environment variable exists: SUMO_HOME
[SUCCESS] Added module directory: /usr/share/sumo/tools
 Retrying in 1 seconds
device is:  cuda:0
[CONFIRMED] Environment variable exists: SUMO_HOME
[SUCCESS] Added module directory: /usr/share/sumo/tools
 Retrying in 1 seconds
device is:  cuda:0
[CONFIRMED] Environment variable exists: SUMO_HOME
[SUCCESS] Added module directory: /usr/share/sumo/tools
 Retrying in 1 seconds
device is:  cuda:0
[CONFIRMED] Environment variable exists: SUMO_HOME
[SUCCESS] Added module directory: /usr/share/sumo/tools
 Retrying in 1 seconds
device is:  cuda:0
[CONFIRMED] Environment variable exists: SUMO_HOME
[SUCCESS] Added module directory: /usr/share/sumo/tools
 Retrying in 1 seconds
device is:  cuda:0
[CONFIRMED] Environment variable exists: SUMO_HOME
[SUCCESS] Added module directory: /usr/share/sumo/tools
 Retrying in 1 seconds
device is:  cuda:0
[CONFIRMED] Environment variable exists: SUMO_HOME
[SUCCESS] Added module directory: /usr/share/sumo/tools
 Retrying in 1 seconds
device is:  cuda:0
[CONFIRMED] Environment variable exists: SUMO_HOME
[SUCCESS] Added module directory: /usr/share/sumo/tools
 Retrying in 1 seconds
device is:  cuda:0
[CONFIRMED] Environment variable exists: SUMO_HOME
[SUCCESS] Added module directory: /usr/share/sumo/tools
 Retrying in 1 seconds
device is:  cuda:0
[CONFIRMED] Environment variable exists: SUMO_HOME
[SUCCESS] Added module directory: /usr/share/sumo/tools
 Retrying in 1 seconds
device is:  cuda:0
[CONFIRMED] Environment variable exists: SUMO_HOME
[SUCCESS] Added module directory: /usr/share/sumo/tools
 Retrying in 1 seconds
device is:  cuda:0
[CONFIRMED] Environment variable exists: SUMO_HOME
[SUCCESS] Added module directory: /usr/share/sumo/tools
 Retrying in 1 seconds
device is:  cuda:0
[CONFIRMED] Environment variable exists: SUMO_HOME
[SUCCESS] Added module directory: /usr/share/sumo/tools
 Retrying in 1 seconds
device is:  cuda:0
[CONFIRMED] Environment variable exists: SUMO_HOME
[SUCCESS] Added module directory: /usr/share/sumo/tools
 Retrying in 1 seconds
device is:  cuda:0
[CONFIRMED] Environment variable exists: SUMO_HOME
[SUCCESS] Added module directory: /usr/share/sumo/tools
 Retrying in 1 seconds
device is:  cuda:0
[CONFIRMED] Environment variable exists: SUMO_HOME
[SUCCESS] Added module directory: /usr/share/sumo/tools
 Retrying in 1 seconds
device is:  cuda:0
[CONFIRMED] Environment variable exists: SUMO_HOME
[SUCCESS] Added module directory: /usr/share/sumo/tools
 Retrying in 1 seconds
device is:  cuda:0
[CONFIRMED] Environment variable exists: SUMO_HOME
[SUCCESS] Added module directory: /usr/share/sumo/tools
 Retrying in 1 seconds
device is:  cuda:0
[CONFIRMED] Environment variable exists: SUMO_HOME
[SUCCESS] Added module directory: /usr/share/sumo/tools
 Retrying in 1 seconds
device is:  cuda:0
[CONFIRMED] Environment variable exists: SUMO_HOME
[SUCCESS] Added module directory: /usr/share/sumo/tools
 Retrying in 1 seconds
device is:  cuda:0
[CONFIRMED] Environment variable exists: SUMO_HOME
[SUCCESS] Added module directory: /usr/share/sumo/tools
 Retrying in 1 seconds
device is:  cuda:0
[CONFIRMED] Environment variable exists: SUMO_HOME
[SUCCESS] Added module directory: /usr/share/sumo/tools
 Retrying in 1 seconds
device is:  cuda:0
[CONFIRMED] Environment variable exists: SUMO_HOME
[SUCCESS] Added module directory: /usr/share/sumo/tools
 Retrying in 1 seconds
device is:  cuda:0
[CONFIRMED] Environment variable exists: SUMO_HOME
[SUCCESS] Added module directory: /usr/share/sumo/tools
 Retrying in 1 seconds
device is:  cuda:0
[CONFIRMED] Environment variable exists: SUMO_HOME
[SUCCESS] Added module directory: /usr/share/sumo/tools
 Retrying in 1 seconds
device is:  cuda:0
[CONFIRMED] Environment variable exists: SUMO_HOME
[SUCCESS] Added module directory: /usr/share/sumo/tools
 Retrying in 1 seconds
device is:  cuda:0
[CONFIRMED] Environment variable exists: SUMO_HOME
[SUCCESS] Added module directory: /usr/share/sumo/tools
 Retrying in 1 seconds
device is:  cuda:0
[CONFIRMED] Environment variable exists: SUMO_HOME
[SUCCESS] Added module directory: /usr/share/sumo/tools
 Retrying in 1 seconds
device is:  cuda:0
[CONFIRMED] Environment variable exists: SUMO_HOME
[SUCCESS] Added module directory: /usr/share/sumo/tools
 Retrying in 1 seconds
device is:  cuda:0
[CONFIRMED] Environment variable exists: SUMO_HOME
[SUCCESS] Added module directory: /usr/share/sumo/tools
 Retrying in 1 seconds
device is:  cuda:0
[CONFIRMED] Environment variable exists: SUMO_HOME
[SUCCESS] Added module directory: /usr/share/sumo/tools
 Retrying in 1 seconds
device is:  cuda:0
[CONFIRMED] Environment variable exists: SUMO_HOME
[SUCCESS] Added module directory: /usr/share/sumo/tools
 Retrying in 1 seconds
device is:  cuda:0
[CONFIRMED] Environment variable exists: SUMO_HOME
[SUCCESS] Added module directory: /usr/share/sumo/tools
 Retrying in 1 seconds
device is:  cuda:0
[CONFIRMED] Environment variable exists: SUMO_HOME
[SUCCESS] Added module directory: /usr/share/sumo/tools
 Retrying in 1 seconds
device is:  cuda:0
[CONFIRMED] Environment variable exists: SUMO_HOME
[SUCCESS] Added module directory: /usr/share/sumo/tools
 Retrying in 1 seconds
device is:  cuda:0
[CONFIRMED] Environment variable exists: SUMO_HOME
[SUCCESS] Added module directory: /usr/share/sumo/tools
 Retrying in 1 seconds
device is:  cuda:0
[CONFIRMED] Environment variable exists: SUMO_HOME
[SUCCESS] Added module directory: /usr/share/sumo/tools
 Retrying in 1 seconds
device is:  cuda:0
[CONFIRMED] Environment variable exists: SUMO_HOME
[SUCCESS] Added module directory: /usr/share/sumo/tools
 Retrying in 1 seconds
device is:  [I 2024-12-01 15:26:41,974] Trial 219 finished with value: -0.10783333331346512 and parameters: {'lr': 0.01, 'gamma': 0.9, 'max_grad_norm': 0.001, 'tau': 1.0}. Best is trial 0 with value: -0.09433334320783615.
[I 2024-12-01 15:35:38,476] Trial 220 finished with value: -0.10783333331346512 and parameters: {'lr': 0.0001, 'gamma': 0.99, 'max_grad_norm': 0.1, 'tau': 0.85}. Best is trial 0 with value: -0.09433334320783615.
[I 2024-12-01 15:44:27,252] Trial 221 finished with value: -0.10783333331346512 and parameters: {'lr': 0.0001, 'gamma': 0.9, 'max_grad_norm': 0.001, 'tau': 0.9}. Best is trial 0 with value: -0.09433334320783615.
[I 2024-12-01 15:53:44,739] Trial 222 finished with value: -0.10108333826065063 and parameters: {'lr': 0.0001, 'gamma': 0.9, 'max_grad_norm': 0.001, 'tau': 0.9}. Best is trial 0 with value: -0.09433334320783615.
[I 2024-12-01 16:02:01,716] Trial 223 finished with value: -0.09433334320783615 and parameters: {'lr': 0.0001, 'gamma': 0.9, 'max_grad_norm': 0.001, 'tau': 0.9}. Best is trial 0 with value: -0.09433334320783615.
[I 2024-12-01 16:09:55,257] Trial 224 finished with value: -0.09433334320783615 and parameters: {'lr': 0.0001, 'gamma': 0.9, 'max_grad_norm': 0.001, 'tau': 0.9}. Best is trial 0 with value: -0.09433334320783615.
[I 2024-12-01 16:17:51,630] Trial 225 finished with value: -0.09433334320783615 and parameters: {'lr': 0.001, 'gamma': 0.8, 'max_grad_norm': 0.01, 'tau': 1.0}. Best is trial 0 with value: -0.09433334320783615.
[I 2024-12-01 16:25:48,542] Trial 226 finished with value: -0.10108333081007004 and parameters: {'lr': 0.0001, 'gamma': 0.9, 'max_grad_norm': 0.001, 'tau': 0.95}. Best is trial 0 with value: -0.09433334320783615.
[I 2024-12-01 16:33:51,235] Trial 227 finished with value: -0.10783333331346512 and parameters: {'lr': 0.01, 'gamma': 0.95, 'max_grad_norm': 0.001, 'tau': 0.9}. Best is trial 0 with value: -0.09433334320783615.
[I 2024-12-01 16:41:56,157] Trial 228 finished with value: -0.10108333826065063 and parameters: {'lr': 1e-05, 'gamma': 0.9, 'max_grad_norm': 0.01, 'tau': 1.0}. Best is trial 0 with value: -0.09433334320783615.
[I 2024-12-01 16:49:59,214] Trial 229 finished with value: -0.10108333081007004 and parameters: {'lr': 0.0001, 'gamma': 0.99, 'max_grad_norm': 0.1, 'tau': 0.85}. Best is trial 0 with value: -0.09433334320783615.
[I 2024-12-01 16:58:05,516] Trial 230 finished with value: -0.10783333331346512 and parameters: {'lr': 0.01, 'gamma': 0.8, 'max_grad_norm': 0.001, 'tau': 1.0}. Best is trial 0 with value: -0.09433334320783615.
[I 2024-12-01 17:06:14,560] Trial 231 finished with value: -0.09433334320783615 and parameters: {'lr': 0.001, 'gamma': 0.95, 'max_grad_norm': 0.001, 'tau': 0.85}. Best is trial 0 with value: -0.09433334320783615.
[I 2024-12-01 17:14:42,337] Trial 232 finished with value: -0.10783333331346512 and parameters: {'lr': 0.001, 'gamma': 0.95, 'max_grad_norm': 0.001, 'tau': 0.85}. Best is trial 0 with value: -0.09433334320783615.
[I 2024-12-01 17:22:47,411] Trial 233 finished with value: -0.10783333331346512 and parameters: {'lr': 0.001, 'gamma': 0.95, 'max_grad_norm': 0.001, 'tau': 0.85}. Best is trial 0 with value: -0.09433334320783615.
[I 2024-12-01 17:31:05,916] Trial 234 finished with value: -0.10783333331346512 and parameters: {'lr': 0.001, 'gamma': 0.95, 'max_grad_norm': 0.001, 'tau': 0.85}. Best is trial 0 with value: -0.09433334320783615.
[I 2024-12-01 17:38:59,892] Trial 235 finished with value: -0.09433334320783615 and parameters: {'lr': 0.001, 'gamma': 0.9, 'max_grad_norm': 0.01, 'tau': 0.95}. Best is trial 0 with value: -0.09433334320783615.
[I 2024-12-01 17:47:00,414] Trial 236 finished with value: -0.10783333331346512 and parameters: {'lr': 0.0001, 'gamma': 0.99, 'max_grad_norm': 0.001, 'tau': 0.85}. Best is trial 0 with value: -0.09433334320783615.
[I 2024-12-01 17:55:01,388] Trial 237 finished with value: -0.10783333331346512 and parameters: {'lr': 0.01, 'gamma': 0.8, 'max_grad_norm': 0.1, 'tau': 0.9}. Best is trial 0 with value: -0.09433334320783615.
[I 2024-12-01 18:02:56,418] Trial 238 finished with value: -0.10108333081007004 and parameters: {'lr': 0.0001, 'gamma': 0.9, 'max_grad_norm': 0.001, 'tau': 1.0}. Best is trial 0 with value: -0.09433334320783615.
