--- Installing dependencies ---
Defaulting to user installation because normal site-packages is not writeable

[notice] A new release of pip is available: 24.2 -> 24.3.1
[notice] To update, run: pip install --upgrade pip
ERROR: Could not open requirements file: [Errno 2] No such file or directory: 'requirements.txt'
--- Running main.py ---
[I 2024-11-30 10:20:19,366] A new study created in memory with name: no-name-eaa34ba5-b3b8-434f-bb72-7778f622604a
[I 2024-11-30 10:27:44,887] Trial 0 finished with value: -0.09433334320783615 and parameters: {'lr': 0.0001, 'gamma': 0.9, 'max_grad_norm': 0.01, 'tau': 1.0}. Best is trial 0 with value: -0.09433334320783615.
[I 2024-11-30 10:35:08,576] Trial 1 finished with value: -0.09433334320783615 and parameters: {'lr': 0.01, 'gamma': 0.8, 'max_grad_norm': 0.001, 'tau': 0.95}. Best is trial 0 with value: -0.09433334320783615.
[I 2024-11-30 10:42:38,568] Trial 2 finished with value: -0.10783333331346512 and parameters: {'lr': 0.001, 'gamma': 0.9, 'max_grad_norm': 0.01, 'tau': 0.95}. Best is trial 0 with value: -0.09433334320783615.
[I 2024-11-30 10:50:07,277] Trial 3 finished with value: -0.10108333081007004 and parameters: {'lr': 1e-05, 'gamma': 0.85, 'max_grad_norm': 0.001, 'tau': 1.0}. Best is trial 0 with value: -0.09433334320783615.
[I 2024-11-30 10:57:32,639] Trial 4 finished with value: -0.10316667705774307 and parameters: {'lr': 1e-05, 'gamma': 0.8, 'max_grad_norm': 0.1, 'tau': 0.95}. Best is trial 0 with value: -0.09433334320783615.
[I 2024-11-30 11:05:33,079] Trial 5 finished with value: -0.09433334320783615 and parameters: {'lr': 0.0001, 'gamma': 0.99, 'max_grad_norm': 0.001, 'tau': 0.9}. Best is trial 0 with value: -0.09433334320783615.
[I 2024-11-30 11:13:26,562] Trial 6 finished with value: -0.09433334320783615 and parameters: {'lr': 1e-05, 'gamma': 0.99, 'max_grad_norm': 0.1, 'tau': 1.0}. Best is trial 0 with value: -0.09433334320783615.
[I 2024-11-30 11:21:12,161] Trial 7 finished with value: -0.09433334320783615 and parameters: {'lr': 0.0001, 'gamma': 0.8, 'max_grad_norm': 0.1, 'tau': 0.85}. Best is trial 0 with value: -0.09433334320783615.
[I 2024-11-30 11:29:20,879] Trial 8 finished with value: -0.10783333331346512 and parameters: {'lr': 0.001, 'gamma': 0.99, 'max_grad_norm': 0.1, 'tau': 0.9}. Best is trial 0 with value: -0.09433334320783615.
[I 2024-11-30 11:37:21,626] Trial 9 finished with value: -0.09433334320783615 and parameters: {'lr': 0.001, 'gamma': 0.95, 'max_grad_norm': 0.001, 'tau': 0.85}. Best is trial 0 with value: -0.09433334320783615.
[I 2024-11-30 11:45:25,154] Trial 10 finished with value: -0.09433334320783615 and parameters: {'lr': 0.0001, 'gamma': 0.9, 'max_grad_norm': 0.01, 'tau': 1.0}. Best is trial 0 with value: -0.09433334320783615.
[I 2024-11-30 11:53:28,038] Trial 11 finished with value: -0.10783333331346512 and parameters: {'lr': 0.01, 'gamma': 0.8, 'max_grad_norm': 0.01, 'tau': 0.95}. Best is trial 0 with value: -0.09433334320783615.
[I 2024-11-30 12:01:22,667] Trial 12 finished with value: -0.09433334320783615 and parameters: {'lr': 0.01, 'gamma': 0.9, 'max_grad_norm': 0.001, 'tau': 0.95}. Best is trial 0 with value: -0.09433334320783615.
[I 2024-11-30 12:09:27,498] Trial 13 finished with value: -0.10783333331346512 and parameters: {'lr': 0.01, 'gamma': 0.95, 'max_grad_norm': 0.01, 'tau': 1.0}. Best is trial 0 with value: -0.09433334320783615.
[I 2024-11-30 12:17:33,004] Trial 14 finished with value: -0.10783333331346512 and parameters: {'lr': 0.0001, 'gamma': 0.85, 'max_grad_norm': 0.001, 'tau': 0.95}. Best is trial 0 with value: -0.09433334320783615.
[I 2024-11-30 12:25:33,144] Trial 15 finished with value: -0.09433334320783615 and parameters: {'lr': 0.01, 'gamma': 0.9, 'max_grad_norm': 0.01, 'tau': 1.0}. Best is trial 0 with value: -0.09433334320783615.
[I 2024-11-30 12:33:37,340] Trial 16 finished with value: -0.10108333081007004 and parameters: {'lr': 0.0001, 'gamma': 0.8, 'max_grad_norm': 0.01, 'tau': 0.9}. Best is trial 0 with value: -0.09433334320783615.
[I 2024-11-30 12:41:39,462] Trial 17 finished with value: -0.09433334320783615 and parameters: {'lr': 0.01, 'gamma': 0.9, 'max_grad_norm': 0.001, 'tau': 0.85}. Best is trial 0 with value: -0.09433334320783615.
[I 2024-11-30 12:49:38,556] Trial 18 finished with value: -0.09433334320783615 and parameters: {'lr': 0.0001, 'gamma': 0.8, 'max_grad_norm': 0.001, 'tau': 1.0}. Best is trial 0 with value: -0.09433334320783615.
[I 2024-11-30 12:57:40,356] Trial 19 finished with value: -0.10783333331346512 and parameters: {'lr': 0.01, 'gamma': 0.85, 'max_grad_norm': 0.01, 'tau': 0.95}. Best is trial 0 with value: -0.09433334320783615.
[I 2024-11-30 13:05:43,718] Trial 20 finished with value: -0.10783333331346512 and parameters: {'lr': 0.0001, 'gamma': 0.95, 'max_grad_norm': 0.001, 'tau': 1.0}. Best is trial 0 with value: -0.09433334320783615.
[I 2024-11-30 13:14:22,261] Trial 21 finished with value: -0.10108333826065063 and parameters: {'lr': 0.0001, 'gamma': 0.99, 'max_grad_norm': 0.001, 'tau': 0.9}. Best is trial 0 with value: -0.09433334320783615.
[I 2024-11-30 13:21:59,626] Trial 22 finished with value: -0.09433334320783615 and parameters: {'lr': 0.0001, 'gamma': 0.99, 'max_grad_norm': 0.001, 'tau': 0.9}. Best is trial 0 with value: -0.09433334320783615.
[I 2024-11-30 13:29:32,663] Trial 23 finished with value: -0.10108333081007004 and parameters: {'lr': 0.0001, 'gamma': 0.99, 'max_grad_norm': 0.001, 'tau': 0.9}. Best is trial 0 with value: -0.09433334320783615.
[I 2024-11-30 13:37:06,435] Trial 24 finished with value: -0.10783333331346512 and parameters: {'lr': 0.0001, 'gamma': 0.99, 'max_grad_norm': 0.001, 'tau': 0.9}. Best is trial 0 with value: -0.09433334320783615.
[I 2024-11-30 13:44:35,406] Trial 25 finished with value: -0.09433334320783615 and parameters: {'lr': 0.01, 'gamma': 0.9, 'max_grad_norm': 0.01, 'tau': 0.9}. Best is trial 0 with value: -0.09433334320783615.
[I 2024-11-30 13:52:14,882] Trial 26 finished with value: -0.10108333826065063 and parameters: {'lr': 1e-05, 'gamma': 0.8, 'max_grad_norm': 0.001, 'tau': 0.95}. Best is trial 0 with value: -0.09433334320783615.
[I 2024-11-30 13:59:53,189] Trial 27 finished with value: -0.10783333331346512 and parameters: {'lr': 0.001, 'gamma': 0.99, 'max_grad_norm': 0.001, 'tau': 0.85}. Best is trial 0 with value: -0.09433334320783615.
[I 2024-11-30 14:07:39,800] Trial 28 finished with value: -0.10783333331346512 and parameters: {'lr': 0.0001, 'gamma': 0.8, 'max_grad_norm': 0.1, 'tau': 0.9}. Best is trial 0 with value: -0.09433334320783615.
[I 2024-11-30 14:15:21,723] Trial 29 finished with value: -0.09433334320783615 and parameters: {'lr': 0.001, 'gamma': 0.9, 'max_grad_norm': 0.01, 'tau': 0.95}. Best is trial 0 with value: -0.09433334320783615.
[I 2024-11-30 14:23:00,042] Trial 30 finished with value: -0.09433334320783615 and parameters: {'lr': 0.01, 'gamma': 0.9, 'max_grad_norm': 0.01, 'tau': 1.0}. Best is trial 0 with value: -0.09433334320783615.
[I 2024-11-30 14:30:48,431] Trial 31 finished with value: -0.10783333331346512 and parameters: {'lr': 1e-05, 'gamma': 0.99, 'max_grad_norm': 0.1, 'tau': 1.0}. Best is trial 0 with value: -0.09433334320783615.
[I 2024-11-30 14:38:27,269] Trial 32 finished with value: -0.10108333081007004 and parameters: {'lr': 1e-05, 'gamma': 0.99, 'max_grad_norm': 0.1, 'tau': 1.0}. Best is trial 0 with value: -0.09433334320783615.
[I 2024-11-30 14:46:32,058] Trial 33 finished with value: -0.09433334320783615 and parameters: {'lr': 1e-05, 'gamma': 0.99, 'max_grad_norm': 0.1, 'tau': 1.0}. Best is trial 0 with value: -0.09433334320783615.
[I 2024-11-30 14:55:22,417] Trial 34 finished with value: -0.10783333331346512 and parameters: {'lr': 1e-05, 'gamma': 0.85, 'max_grad_norm': 0.1, 'tau': 1.0}. Best is trial 0 with value: -0.09433334320783615.
[I 2024-11-30 15:04:10,553] Trial 35 finished with value: -0.10108333081007004 and parameters: {'lr': 1e-05, 'gamma': 0.99, 'max_grad_norm': 0.1, 'tau': 0.95}. Best is trial 0 with value: -0.09433334320783615.
[I 2024-11-30 15:12:18,142] Trial 36 finished with value: -0.09433334320783615 and parameters: {'lr': 1e-05, 'gamma': 0.8, 'max_grad_norm': 0.1, 'tau': 1.0}. Best is trial 0 with value: -0.09433334320783615.
[I 2024-11-30 15:21:06,019] Trial 37 finished with value: -0.09433334320783615 and parameters: {'lr': 0.0001, 'gamma': 0.95, 'max_grad_norm': 0.001, 'tau': 0.85}. Best is trial 0 with value: -0.09433334320783615.
[I 2024-11-30 15:29:53,451] Trial 38 finished with value: -0.09433334320783615 and parameters: {'lr': 0.001, 'gamma': 0.99, 'max_grad_norm': 0.1, 'tau': 0.95}. Best is trial 0 with value: -0.09433334320783615.
[I 2024-11-30 15:38:02,788] Trial 39 finished with value: -0.09433334320783615 and parameters: {'lr': 0.0001, 'gamma': 0.8, 'max_grad_norm': 0.001, 'tau': 1.0}. Best is trial 0 with value: -0.09433334320783615.
[I 2024-11-30 15:46:51,643] Trial 40 finished with value: -0.10783333331346512 and parameters: {'lr': 1e-05, 'gamma': 0.9, 'max_grad_norm': 0.01, 'tau': 0.9}. Best is trial 0 with value: -0.09433334320783615.
[I 2024-11-30 15:55:41,398] Trial 41 finished with value: -0.10108333826065063 and parameters: {'lr': 0.0001, 'gamma': 0.8, 'max_grad_norm': 0.1, 'tau': 0.85}. Best is trial 0 with value: -0.09433334320783615.
[I 2024-11-30 16:03:59,578] Trial 42 finished with value: -0.09433334320783615 and parameters: {'lr': 0.0001, 'gamma': 0.8, 'max_grad_norm': 0.1, 'tau': 0.85}. Best is trial 0 with value: -0.09433334320783615.
[I 2024-11-30 16:12:38,582] Trial 43 finished with value: -0.10783333331346512 and parameters: {'lr': 0.0001, 'gamma': 0.8, 'max_grad_norm': 0.1, 'tau': 0.85}. Best is trial 0 with value: -0.09433334320783615.
[I 2024-11-30 16:21:25,772] Trial 44 finished with value: -0.10783333331346512 and parameters: {'lr': 0.01, 'gamma': 0.85, 'max_grad_norm': 0.1, 'tau': 0.85}. Best is trial 0 with value: -0.09433334320783615.
[I 2024-11-30 16:29:51,474] Trial 45 finished with value: -0.10783333331346512 and parameters: {'lr': 0.0001, 'gamma': 0.8, 'max_grad_norm': 0.01, 'tau': 0.95}. Best is trial 0 with value: -0.09433334320783615.
[I 2024-11-30 16:38:25,220] Trial 46 finished with value: -0.09433334320783615 and parameters: {'lr': 0.01, 'gamma': 0.95, 'max_grad_norm': 0.001, 'tau': 1.0}. Best is trial 0 with value: -0.09433334320783615.
[I 2024-11-30 16:47:11,037] Trial 47 finished with value: -0.10108333826065063 and parameters: {'lr': 0.0001, 'gamma': 0.9, 'max_grad_norm': 0.1, 'tau': 0.85}. Best is trial 0 with value: -0.09433334320783615.
[I 2024-11-30 16:55:41,194] Trial 48 finished with value: -0.10783333331346512 and parameters: {'lr': 0.001, 'gamma': 0.8, 'max_grad_norm': 0.01, 'tau': 0.95}. Best is trial 0 with value: -0.09433334320783615.
[I 2024-11-30 17:04:10,200] Trial 49 finished with value: -0.10783333331346512 and parameters: {'lr': 0.01, 'gamma': 0.99, 'max_grad_norm': 0.001, 'tau': 1.0}. Best is trial 0 with value: -0.09433334320783615.
[I 2024-11-30 17:13:07,316] Trial 50 finished with value: -0.09433334320783615 and parameters: {'lr': 0.0001, 'gamma': 0.9, 'max_grad_norm': 0.001, 'tau': 0.9}. Best is trial 0 with value: -0.09433334320783615.
[I 2024-11-30 17:21:44,143] Trial 51 finished with value: -0.09433334320783615 and parameters: {'lr': 0.001, 'gamma': 0.95, 'max_grad_norm': 0.001, 'tau': 0.85}. Best is trial 0 with value: -0.09433334320783615.
[I 2024-11-30 17:30:18,339] Trial 52 finished with value: -0.10783333331346512 and parameters: {'lr': 0.001, 'gamma': 0.95, 'max_grad_norm': 0.001, 'tau': 0.85}. Best is trial 0 with value: -0.09433334320783615.
[I 2024-11-30 17:39:10,584] Trial 53 finished with value: -0.10783333331346512 and parameters: {'lr': 0.001, 'gamma': 0.95, 'max_grad_norm': 0.001, 'tau': 0.85}. Best is trial 0 with value: -0.09433334320783615.
[I 2024-11-30 17:47:47,915] Trial 54 finished with value: -0.09433334320783615 and parameters: {'lr': 0.0001, 'gamma': 0.95, 'max_grad_norm': 0.001, 'tau': 0.85}. Best is trial 0 with value: -0.09433334320783615.
[I 2024-11-30 17:56:14,568] Trial 55 finished with value: -0.10783333331346512 and parameters: {'lr': 0.001, 'gamma': 0.99, 'max_grad_norm': 0.01, 'tau': 0.9}. Best is trial 0 with value: -0.09433334320783615.
[I 2024-11-30 18:04:58,855] Trial 56 finished with value: -0.09433334320783615 and parameters: {'lr': 0.01, 'gamma': 0.85, 'max_grad_norm': 0.001, 'tau': 0.95}. Best is trial 0 with value: -0.09433334320783615.
[I 2024-11-30 18:13:29,370] Trial 57 finished with value: -0.09433334320783615 and parameters: {'lr': 0.0001, 'gamma': 0.8, 'max_grad_norm': 0.001, 'tau': 1.0}. Best is trial 0 with value: -0.09433334320783615.
[I 2024-11-30 18:21:48,749] Trial 58 finished with value: -0.09433334320783615 and parameters: {'lr': 0.0001, 'gamma': 0.9, 'max_grad_norm': 0.01, 'tau': 0.85}. Best is trial 0 with value: -0.09433334320783615.
[I 2024-11-30 18:30:35,510] Trial 59 finished with value: -0.10783333331346512 and parameters: {'lr': 0.01, 'gamma': 0.99, 'max_grad_norm': 0.001, 'tau': 0.9}. Best is trial 0 with value: -0.09433334320783615.
[I 2024-11-30 18:39:14,623] Trial 60 finished with value: -0.10783333331346512 and parameters: {'lr': 1e-05, 'gamma': 0.95, 'max_grad_norm': 0.1, 'tau': 1.0}. Best is trial 0 with value: -0.09433334320783615.
[I 2024-11-30 18:47:35,888] Trial 61 finished with value: -0.10783333331346512 and parameters: {'lr': 0.0001, 'gamma': 0.9, 'max_grad_norm': 0.01, 'tau': 1.0}. Best is trial 0 with value: -0.09433334320783615.
[I 2024-11-30 18:56:22,824] Trial 62 finished with value: -0.09433334320783615 and parameters: {'lr': 0.0001, 'gamma': 0.9, 'max_grad_norm': 0.01, 'tau': 1.0}. Best is trial 0 with value: -0.09433334320783615.
[I 2024-11-30 19:05:05,568] Trial 63 finished with value: -0.10783333331346512 and parameters: {'lr': 0.0001, 'gamma': 0.9, 'max_grad_norm': 0.01, 'tau': 1.0}. Best is trial 0 with value: -0.09433334320783615.
[I 2024-11-30 19:12:53,461] Trial 64 finished with value: -0.10108333081007004 and parameters: {'lr': 0.0001, 'gamma': 0.9, 'max_grad_norm': 0.01, 'tau': 1.0}. Best is trial 0 with value: -0.09433334320783615.
[I 2024-11-30 19:20:22,520] Trial 65 finished with value: -0.09433334320783615 and parameters: {'lr': 0.001, 'gamma': 0.99, 'max_grad_norm': 0.01, 'tau': 0.95}. Best is trial 0 with value: -0.09433334320783615.
[I 2024-11-30 19:27:52,616] Trial 66 finished with value: -0.10783333331346512 and parameters: {'lr': 0.0001, 'gamma': 0.8, 'max_grad_norm': 0.001, 'tau': 1.0}. Best is trial 0 with value: -0.09433334320783615.
[I 2024-11-30 19:35:41,291] Trial 67 finished with value: -0.10783333331346512 and parameters: {'lr': 1e-05, 'gamma': 0.99, 'max_grad_norm': 0.1, 'tau': 0.9}. Best is trial 0 with value: -0.09433334320783615.
[I 2024-11-30 19:43:29,770] Trial 68 finished with value: -0.10783333331346512 and parameters: {'lr': 0.01, 'gamma': 0.9, 'max_grad_norm': 0.001, 'tau': 1.0}. Best is trial 0 with value: -0.09433334320783615.
[I 2024-11-30 19:51:14,372] Trial 69 finished with value: -0.09433334320783615 and parameters: {'lr': 0.0001, 'gamma': 0.8, 'max_grad_norm': 0.01, 'tau': 0.95}. Best is trial 0 with value: -0.09433334320783615.
[I 2024-11-30 19:58:59,320] Trial 70 finished with value: -0.10783333331346512 and parameters: {'lr': 1e-05, 'gamma': 0.85, 'max_grad_norm': 0.1, 'tau': 0.85}. Best is trial 0 with value: -0.09433334320783615.
[I 2024-11-30 20:06:44,562] Trial 71 finished with value: -0.10783333331346512 and parameters: {'lr': 0.01, 'gamma': 0.9, 'max_grad_norm': 0.001, 'tau': 0.95}. Best is trial 0 with value: -0.09433334320783615.
[I 2024-11-30 20:14:26,008] Trial 72 finished with value: -0.09433334320783615 and parameters: {'lr': 0.01, 'gamma': 0.9, 'max_grad_norm': 0.001, 'tau': 0.95}. Best is trial 0 with value: -0.09433334320783615.
[I 2024-11-30 20:22:13,157] Trial 73 finished with value: -0.10783333331346512 and parameters: {'lr': 0.01, 'gamma': 0.9, 'max_grad_norm': 0.001, 'tau': 0.95}. Best is trial 0 with value: -0.09433334320783615.
[I 2024-11-30 20:29:55,110] Trial 74 finished with value: -0.10783333331346512 and parameters: {'lr': 0.01, 'gamma': 0.9, 'max_grad_norm': 0.001, 'tau': 0.95}. Best is trial 0 with value: -0.09433334320783615.
[I 2024-11-30 20:37:48,333] Trial 75 finished with value: -0.10108333826065063 and parameters: {'lr': 0.0001, 'gamma': 0.99, 'max_grad_norm': 0.1, 'tau': 1.0}. Best is trial 0 with value: -0.09433334320783615.
[I 2024-11-30 20:45:37,262] Trial 76 finished with value: -0.09433334320783615 and parameters: {'lr': 0.001, 'gamma': 0.8, 'max_grad_norm': 0.001, 'tau': 0.9}. Best is trial 0 with value: -0.09433334320783615.
[I 2024-11-30 20:53:11,861] Trial 77 finished with value: -0.09433334320783615 and parameters: {'lr': 0.01, 'gamma': 0.95, 'max_grad_norm': 0.01, 'tau': 0.85}. Best is trial 0 with value: -0.09433334320783615.
[I 2024-11-30 21:00:35,742] Trial 78 finished with value: -0.09433334320783615 and parameters: {'lr': 0.0001, 'gamma': 0.9, 'max_grad_norm': 0.1, 'tau': 0.95}. Best is trial 0 with value: -0.09433334320783615.
[I 2024-11-30 21:08:03,901] Trial 79 finished with value: -0.09433334320783615 and parameters: {'lr': 1e-05, 'gamma': 0.99, 'max_grad_norm': 0.001, 'tau': 1.0}. Best is trial 0 with value: -0.09433334320783615.
[I 2024-11-30 21:15:30,077] Trial 80 finished with value: -0.10108333826065063 and parameters: {'lr': 0.0001, 'gamma': 0.8, 'max_grad_norm': 0.001, 'tau': 0.9}. Best is trial 0 with value: -0.09433334320783615.
[I 2024-11-30 21:22:53,940] Trial 81 finished with value: -0.09433334320783615 and parameters: {'lr': 0.01, 'gamma': 0.9, 'max_grad_norm': 0.01, 'tau': 1.0}. Best is trial 0 with value: -0.09433334320783615.
[I 2024-11-30 21:30:18,281] Trial 82 finished with value: -0.09433334320783615 and parameters: {'lr': 0.01, 'gamma': 0.9, 'max_grad_norm': 0.01, 'tau': 1.0}. Best is trial 0 with value: -0.09433334320783615.
[I 2024-11-30 21:37:46,102] Trial 83 finished with value: -0.10783333331346512 and parameters: {'lr': 0.01, 'gamma': 0.9, 'max_grad_norm': 0.01, 'tau': 1.0}. Best is trial 0 with value: -0.09433334320783615.
[I 2024-11-30 21:45:24,652] Trial 84 finished with value: -0.09433334320783615 and parameters: {'lr': 0.01, 'gamma': 0.9, 'max_grad_norm': 0.01, 'tau': 0.85}. Best is trial 0 with value: -0.09433334320783615.
[I 2024-11-30 21:53:14,725] Trial 85 finished with value: -0.10783333331346512 and parameters: {'lr': 0.001, 'gamma': 0.95, 'max_grad_norm': 0.1, 'tau': 1.0}. Best is trial 0 with value: -0.09433334320783615.
[I 2024-11-30 22:00:39,852] Trial 86 finished with value: -0.09433334320783615 and parameters: {'lr': 0.01, 'gamma': 0.99, 'max_grad_norm': 0.01, 'tau': 1.0}. Best is trial 0 with value: -0.09433334320783615.
[I 2024-11-30 22:08:33,133] Trial 87 finished with value: -0.10108333081007004 and parameters: {'lr': 0.0001, 'gamma': 0.8, 'max_grad_norm': 0.001, 'tau': 0.95}. Best is trial 0 with value: -0.09433334320783615.
[I 2024-11-30 22:17:02,668] Trial 88 finished with value: -0.10783333331346512 and parameters: {'lr': 1e-05, 'gamma': 0.85, 'max_grad_norm': 0.1, 'tau': 0.85}. Best is trial 0 with value: -0.09433334320783615.
[I 2024-11-30 22:25:30,684] Trial 89 finished with value: -0.10108333826065063 and parameters: {'lr': 0.0001, 'gamma': 0.9, 'max_grad_norm': 0.01, 'tau': 0.9}. Best is trial 0 with value: -0.09433334320783615.
[I 2024-11-30 22:34:06,536] Trial 90 finished with value: -0.09433334320783615 and parameters: {'lr': 0.01, 'gamma': 0.99, 'max_grad_norm': 0.001, 'tau': 1.0}. Best is trial 0 with value: -0.09433334320783615.
[I 2024-11-30 22:42:35,053] Trial 91 finished with value: -0.10783333331346512 and parameters: {'lr': 0.01, 'gamma': 0.9, 'max_grad_norm': 0.001, 'tau': 0.85}. Best is trial 0 with value: -0.09433334320783615.
[I 2024-11-30 22:51:12,230] Trial 92 finished with value: -0.09433334320783615 and parameters: {'lr': 0.01, 'gamma': 0.9, 'max_grad_norm': 0.001, 'tau': 0.85}. Best is trial 0 with value: -0.09433334320783615.
[I 2024-11-30 22:59:39,831] Trial 93 finished with value: -0.09433334320783615 and parameters: {'lr': 0.01, 'gamma': 0.9, 'max_grad_norm': 0.001, 'tau': 0.85}. Best is trial 0 with value: -0.09433334320783615.
[I 2024-11-30 23:07:59,604] Trial 94 finished with value: -0.09433334320783615 and parameters: {'lr': 0.001, 'gamma': 0.9, 'max_grad_norm': 0.001, 'tau': 0.85}. Best is trial 0 with value: -0.09433334320783615.
[I 2024-11-30 23:16:27,360] Trial 95 finished with value: -0.10783333331346512 and parameters: {'lr': 0.0001, 'gamma': 0.8, 'max_grad_norm': 0.001, 'tau': 0.85}. Best is trial 0 with value: -0.09433334320783615.
[I 2024-11-30 23:24:55,245] Trial 96 finished with value: -0.09433334320783615 and parameters: {'lr': 0.01, 'gamma': 0.95, 'max_grad_norm': 0.1, 'tau': 1.0}. Best is trial 0 with value: -0.09433334320783615.
[I 2024-11-30 23:33:19,122] Trial 97 finished with value: -0.09433334320783615 and parameters: {'lr': 0.0001, 'gamma': 0.9, 'max_grad_norm': 0.01, 'tau': 0.95}. Best is trial 0 with value: -0.09433334320783615.
[I 2024-11-30 23:41:45,166] Trial 98 finished with value: -0.09433334320783615 and parameters: {'lr': 1e-05, 'gamma': 0.99, 'max_grad_norm': 0.001, 'tau': 0.85}. Best is trial 0 with value: -0.09433334320783615.
[I 2024-11-30 23:50:11,975] Trial 99 finished with value: -0.10783333331346512 and parameters: {'lr': 0.01, 'gamma': 0.8, 'max_grad_norm': 0.01, 'tau': 1.0}. Best is trial 0 with value: -0.09433334320783615.
[I 2024-11-30 23:58:34,623] Trial 100 finished with value: -0.09433334320783615 and parameters: {'lr': 0.0001, 'gamma': 0.9, 'max_grad_norm': 0.001, 'tau': 0.9}. Best is trial 0 with value: -0.09433334320783615.
[I 2024-12-01 00:07:00,485] Trial 101 finished with value: -0.10783333331346512 and parameters: {'lr': 0.0001, 'gamma': 0.8, 'max_grad_norm': 0.001, 'tau': 1.0}. Best is trial 0 with value: -0.09433334320783615.
