[I 2024-12-01 07:41:07,303] Trial 163 finished with value: -0.09433334320783615 and parameters: {'lr': 1e-05, 'gamma': 0.8, 'max_grad_norm': 0.1, 'tau': 1.0}. Best is trial 0 with value: -0.09433334320783615.
[SUCCESS] Added module directory: /usr/share/sumo/tools
 Retrying in 1 seconds
device is:  cuda:0
[CONFIRMED] Environment variable exists: SUMO_HOME
[SUCCESS] Added module directory: /usr/share/sumo/tools
 Retrying in 1 seconds
device is:  cuda:0
[CONFIRMED] Environment variable exists: SUMO_HOME
[SUCCESS] Added module directory: /usr/share/sumo/tools
 Retrying in 1 seconds
device is:  cuda:0
[CONFIRMED] Environment variable exists: SUMO_HOME
[SUCCESS] Added module directory: /usr/share/sumo/tools
 Retrying in 1 seconds
device is:  cuda:0
[CONFIRMED] Environment variable exists: SUMO_HOME
[SUCCESS] Added module directory: /usr/share/sumo/tools
 Retrying in 1 seconds
device is:  cuda:0
[CONFIRMED] Environment variable exists: SUMO_HOME
[SUCCESS] Added module directory: /usr/share/sumo/tools
 Retrying in 1 seconds
device is:  cuda:0
[CONFIRMED] Environment variable exists: SUMO_HOME
[SUCCESS] Added module directory: /usr/share/sumo/tools
 Retrying in 1 seconds
device is:  cuda:0
[CONFIRMED] Environment variable exists: SUMO_HOME
[SUCCESS] Added module directory: /usr/share/sumo/tools
 Retrying in 1 seconds
device is:  cuda:0
[CONFIRMED] Environment variable exists: SUMO_HOME
[SUCCESS] Added module directory: /usr/share/sumo/tools
 Retrying in 1 seconds
device is:  cuda:0
[CONFIRMED] Environment variable exists: SUMO_HOME
[SUCCESS] Added module directory: /usr/share/sumo/tools
 Retrying in 1 seconds
device is:  cuda:0
[CONFIRMED] Environment variable exists: SUMO_HOME
[SUCCESS] Added module directory: /usr/share/sumo/tools
 Retrying in 1 seconds
device is:  cuda:0
[CONFIRMED] Environment variable exists: SUMO_HOME
[SUCCESS] Added module directory: /usr/share/sumo/tools
 Retrying in 1 seconds
device is:  cuda:0
[CONFIRMED] Environment variable exists: SUMO_HOME
[SUCCESS] Added module directory: /usr/share/sumo/tools
 Retrying in 1 seconds
device is:  cuda:0
[CONFIRMED] Environment variable exists: SUMO_HOME
[SUCCESS] Added module directory: /usr/share/sumo/tools
 Retrying in 1 seconds
device is:  cuda:0
[CONFIRMED] Environment variable exists: SUMO_HOME
[SUCCESS] Added module directory: /usr/share/sumo/tools
 Retrying in 1 seconds
device is:  cuda:0
[CONFIRMED] Environment variable exists: SUMO_HOME
[SUCCESS] Added module directory: /usr/share/sumo/tools
 Retrying in 1 seconds
device is:  cuda:0
[CONFIRMED] Environment variable exists: SUMO_HOME
[SUCCESS] Added module directory: /usr/share/sumo/tools
 Retrying in 1 seconds
device is:  cuda:0
[CONFIRMED] Environment variable exists: SUMO_HOME
[SUCCESS] Added module directory: /usr/share/sumo/tools
 Retrying in 1 seconds
device is:  cuda:0
[CONFIRMED] Environment variable exists: SUMO_HOME
[SUCCESS] Added module directory: /usr/share/sumo/tools
 Retrying in 1 seconds
device is:  cuda:0
[CONFIRMED] Environment variable exists: SUMO_HOME
[SUCCESS] Added module directory: /usr/share/sumo/tools
 Retrying in 1 seconds
device is:  cuda:0
[CONFIRMED] Environment variable exists: SUMO_HOME
[SUCCESS] Added module directory: /usr/share/sumo/tools
 Retrying in 1 seconds
device is:  cuda:0
[CONFIRMED] Environment variable exists: SUMO_HOME
[SUCCESS] Added module directory: /usr/share/sumo/tools
 Retrying in 1 seconds
device is:  cuda:0
[CONFIRMED] Environment variable exists: SUMO_HOME
[SUCCESS] Added module directory: /usr/share/sumo/tools
 Retrying in 1 seconds
device is:  cuda:0
[CONFIRMED] Environment variable exists: SUMO_HOME
[SUCCESS] Added module directory: /usr/share/sumo/tools
 Retrying in 1 seconds
device is:  cuda:0
[CONFIRMED] Environment variable exists: SUMO_HOME
[SUCCESS] Added module directory: /usr/share/sumo/tools
 Retrying in 1 seconds
device is:  cuda:0
[CONFIRMED] Environment variable exists: SUMO_HOME
[SUCCESS] Added module directory: /usr/share/sumo/tools
 Retrying in 1 seconds
device is:  cuda:0
[CONFIRMED] Environment variable exists: SUMO_HOME
[SUCCESS] Added module directory: /usr/share/sumo/tools
 Retrying in 1 seconds
device is:  cuda:0
[CONFIRMED] Environment variable exists: SUMO_HOME
[SUCCESS] Added module directory: /usr/share/sumo/tools
 Retrying in 1 seconds
device is:  cuda:0
[CONFIRMED] Environment variable exists: SUMO_HOME
[SUCCESS] Added module directory: /usr/share/sumo/tools
 Retrying in 1 seconds
device is:  cuda:0
[CONFIRMED] Environment variable exists: SUMO_HOME
[SUCCESS] Added module directory: /usr/share/sumo/tools
 Retrying in 1 seconds
device is:  cuda:0
[CONFIRMED] Environment variable exists: SUMO_HOME
[SUCCESS] Added module directory: /usr/share/sumo/tools
 Retrying in 1 seconds
device is:  cuda:0
[CONFIRMED] Environment variable exists: SUMO_HOME
[SUCCESS] Added module directory: /usr/share/sumo/tools
 Retrying in 1 seconds
device is:  cuda:0
[CONFIRMED] Environment variable exists: SUMO_HOME
[SUCCESS] Added module directory: /usr/share/sumo/tools
 Retrying in 1 seconds
device is:  cuda:0
[CONFIRMED] Environment variable exists: SUMO_HOME
[SUCCESS] Added module directory: /usr/share/sumo/tools
 Retrying in 1 seconds
device is:  cuda:0
[CONFIRMED] Environment variable exists: SUMO_HOME
[SUCCESS] Added module directory: /usr/share/sumo/tools
 Retrying in 1 seconds
device is:  cuda:0
[CONFIRMED] Environment variable exists: SUMO_HOME
[SUCCESS] Added module directory: /usr/share/sumo/tools
 Retrying in 1 seconds
device is:  cuda:0
[CONFIRMED] Environment variable exists: SUMO_HOME
[SUCCESS] Added module directory: /usr/share/sumo/tools
 Retrying in 1 seconds
device is:  cuda:0
[CONFIRMED] Environment variable exists: SUMO_HOME
[SUCCESS] Added module directory: /usr/share/sumo/tools
 Retrying in 1 seconds
device is:  cuda:0
[CONFIRMED] Environment variable exists: SUMO_HOME
[SUCCESS] Added module directory: /usr/share/sumo/tools
 Retrying in 1 seconds
device is:  cuda:0
[CONFIRMED] Environment variable exists: SUMO_HOME
[SUCCESS] Added module directory: /usr/share/sumo/tools
 Retrying in 1 seconds
device is:  cuda:0
[CONFIRMED] Environment variable exists: SUMO_HOME
[SUCCESS] Added module directory: /usr/share/sumo/tools
 Retrying in 1 seconds
device is:  cuda:0
[CONFIRMED] Environment variable exists: SUMO_HOME
[SUCCESS] Added module directory: /usr/share/sumo/tools
 Retrying in 1 seconds
device is:  cuda:0
[CONFIRMED] Environment variable exists: SUMO_HOME
[SUCCESS] Added module directory: /usr/share/sumo/tools
 Retrying in 1 seconds
device is:  cuda:0
[CONFIRMED] Environment variable exists: SUMO_HOME
[SUCCESS] Added module directory: /usr/share/sumo/tools
 Retrying in 1 seconds
device is:  cuda:0
[CONFIRMED] Environment variable exists: SUMO_HOME
[SUCCESS] Added module directory: /usr/share/sumo/tools
 Retrying in 1 seconds
device is:  cuda:0
[CONFIRMED] Environment variable exists: SUMO_HOME
[SUCCESS] Added module directory: /usr/share/sumo/tools
 Retrying in 1 seconds
device is:  cuda:0
[CONFIRMED] Environment variable exists: SUMO_HOME
[SUCCESS] Added module directory: /usr/share/sumo/tools
 Retrying in 1 seconds
device is:  cuda:0
[CONFIRMED] Environment variable exists: SUMO_HOME
[SUCCESS] Added module directory: /usr/share/sumo/tools
 Retrying in 1 seconds
device is:  cuda:0
[CONFIRMED] Environment variable exists: SUMO_HOME
[SUCCESS] Added module directory: /usr/share/sumo/tools
 Retrying in 1 seconds
device is:  cuda:0
[CONFIRMED] Environment variable exists: SUMO_HOME
[SUCCESS] Added module directory: /usr/share/sumo/tools
 Retrying in 1 seconds
device is:  cuda:0
[CONFIRMED] Environment variable exists: SUMO_HOME
[SUCCESS] Added module directory: /usr/share/sumo/tools
 Retrying in 1 seconds
device is:  cuda:0
[CONFIRMED] Environment variable exists: SUMO_HOME
[SUCCESS] Added module directory: /usr/share/sumo/tools
 Retrying in 1 seconds
device is:  cuda:0
[CONFIRMED] Environment variable exists: SUMO_HOME
[SUCCESS] Added module directory: /usr/share/sumo/tools
 Retrying in 1 seconds
device is:  cuda:0
[CONFIRMED] Environment variable exists: SUMO_HOME
[SUCCESS] Added module directory: /usr/share/sumo/tools
 Retrying in 1 seconds
device is:  cuda:0
[CONFIRMED] Environment variable exists: SUMO_HOME
[SUCCESS] Added module directory: /usr/share/sumo/tools
 Retrying in 1 seconds
device is:  cuda:0
[I 2024-12-01 07:48:16,633] Trial 164 finished with value: -0.10783333331346512 and parameters: {'lr': 1e-05, 'gamma': 0.8, 'max_grad_norm': 0.1, 'tau': 1.0}. Best is trial 0 with value: -0.09433334320783615.
[I 2024-12-01 07:55:25,353] Trial 165 finished with value: -0.10783333331346512 and parameters: {'lr': 0.01, 'gamma': 0.8, 'max_grad_norm': 0.001, 'tau': 1.0}. Best is trial 0 with value: -0.09433334320783615.
[I 2024-12-01 08:02:29,381] Trial 166 finished with value: -0.09433334320783615 and parameters: {'lr': 1e-05, 'gamma': 0.9, 'max_grad_norm': 0.01, 'tau': 0.9}. Best is trial 0 with value: -0.09433334320783615.
[I 2024-12-01 08:09:33,465] Trial 167 finished with value: -0.09433334320783615 and parameters: {'lr': 0.0001, 'gamma': 0.8, 'max_grad_norm': 0.1, 'tau': 0.95}. Best is trial 0 with value: -0.09433334320783615.
[I 2024-12-01 08:16:43,691] Trial 168 finished with value: -0.10783333331346512 and parameters: {'lr': 0.01, 'gamma': 0.9, 'max_grad_norm': 0.001, 'tau': 1.0}. Best is trial 0 with value: -0.09433334320783615.
[I 2024-12-01 08:23:48,015] Trial 169 finished with value: -0.09433334320783615 and parameters: {'lr': 0.001, 'gamma': 0.99, 'max_grad_norm': 0.01, 'tau': 0.85}. Best is trial 0 with value: -0.09433334320783615.
[I 2024-12-01 08:30:57,816] Trial 170 finished with value: -0.10783333331346512 and parameters: {'lr': 0.0001, 'gamma': 0.95, 'max_grad_norm': 0.001, 'tau': 0.9}. Best is trial 0 with value: -0.09433334320783615.
[I 2024-12-01 08:38:05,130] Trial 171 finished with value: -0.10783333331346512 and parameters: {'lr': 0.0001, 'gamma': 0.95, 'max_grad_norm': 0.001, 'tau': 0.85}. Best is trial 0 with value: -0.09433334320783615.
[I 2024-12-01 08:45:12,817] Trial 172 finished with value: -0.10783333331346512 and parameters: {'lr': 0.0001, 'gamma': 0.95, 'max_grad_norm': 0.001, 'tau': 0.85}. Best is trial 0 with value: -0.09433334320783615.
[I 2024-12-01 08:52:18,176] Trial 173 finished with value: -0.09433334320783615 and parameters: {'lr': 0.0001, 'gamma': 0.95, 'max_grad_norm': 0.001, 'tau': 0.85}. Best is trial 0 with value: -0.09433334320783615.
[I 2024-12-01 08:59:27,285] Trial 174 finished with value: -0.10783333331346512 and parameters: {'lr': 0.0001, 'gamma': 0.95, 'max_grad_norm': 0.001, 'tau': 0.85}. Best is trial 0 with value: -0.09433334320783615.
[I 2024-12-01 09:06:30,136] Trial 175 finished with value: -0.09433334320783615 and parameters: {'lr': 0.01, 'gamma': 0.9, 'max_grad_norm': 0.001, 'tau': 1.0}. Best is trial 0 with value: -0.09433334320783615.
[I 2024-12-01 09:14:24,069] Trial 176 finished with value: -0.09433334320783615 and parameters: {'lr': 0.0001, 'gamma': 0.9, 'max_grad_norm': 0.01, 'tau': 0.95}. Best is trial 0 with value: -0.09433334320783615.
[I 2024-12-01 09:22:50,709] Trial 177 finished with value: -0.10783333331346512 and parameters: {'lr': 0.01, 'gamma': 0.8, 'max_grad_norm': 0.1, 'tau': 0.85}. Best is trial 0 with value: -0.09433334320783615.
[I 2024-12-01 09:31:19,241] Trial 178 finished with value: -0.10783333331346512 and parameters: {'lr': 1e-05, 'gamma': 0.99, 'max_grad_norm': 0.001, 'tau': 1.0}. Best is trial 0 with value: -0.09433334320783615.
[I 2024-12-01 09:39:59,788] Trial 179 finished with value: -0.09433334320783615 and parameters: {'lr': 0.0001, 'gamma': 0.9, 'max_grad_norm': 0.01, 'tau': 0.9}. Best is trial 0 with value: -0.09433334320783615.
[I 2024-12-01 09:48:57,405] Trial 180 finished with value: -0.09433334320783615 and parameters: {'lr': 0.001, 'gamma': 0.9, 'max_grad_norm': 0.001, 'tau': 1.0}. Best is trial 0 with value: -0.09433334320783615.
[I 2024-12-01 09:57:56,040] Trial 181 finished with value: -0.09433334320783615 and parameters: {'lr': 0.001, 'gamma': 0.99, 'max_grad_norm': 0.1, 'tau': 0.95}. Best is trial 0 with value: -0.09433334320783615.
[I 2024-12-01 10:06:55,850] Trial 182 finished with value: -0.09433334320783615 and parameters: {'lr': 0.001, 'gamma': 0.99, 'max_grad_norm': 0.1, 'tau': 0.95}. Best is trial 0 with value: -0.09433334320783615.
[I 2024-12-01 10:15:52,705] Trial 183 finished with value: -0.10783333331346512 and parameters: {'lr': 0.001, 'gamma': 0.99, 'max_grad_norm': 0.1, 'tau': 0.95}. Best is trial 0 with value: -0.09433334320783615.
[I 2024-12-01 10:24:50,092] Trial 184 finished with value: -0.09433334320783615 and parameters: {'lr': 0.001, 'gamma': 0.99, 'max_grad_norm': 0.1, 'tau': 0.95}. Best is trial 0 with value: -0.09433334320783615.
[I 2024-12-01 10:33:54,546] Trial 185 finished with value: -0.10783333331346512 and parameters: {'lr': 0.01, 'gamma': 0.85, 'max_grad_norm': 0.1, 'tau': 0.95}. Best is trial 0 with value: -0.09433334320783615.
[I 2024-12-01 10:42:53,981] Trial 186 finished with value: -0.10783333331346512 and parameters: {'lr': 0.0001, 'gamma': 0.99, 'max_grad_norm': 0.01, 'tau': 0.85}. Best is trial 0 with value: -0.09433334320783615.
[I 2024-12-01 10:51:53,219] Trial 187 finished with value: -0.10783333331346512 and parameters: {'lr': 0.01, 'gamma': 0.8, 'max_grad_norm': 0.001, 'tau': 1.0}. Best is trial 0 with value: -0.09433334320783615.
[I 2024-12-01 11:00:48,410] Trial 188 finished with value: -0.10108333826065063 and parameters: {'lr': 1e-05, 'gamma': 0.95, 'max_grad_norm': 0.01, 'tau': 0.95}. Best is trial 0 with value: -0.09433334320783615.
[I 2024-12-01 11:09:45,682] Trial 189 finished with value: -0.10783333331346512 and parameters: {'lr': 0.0001, 'gamma': 0.9, 'max_grad_norm': 0.1, 'tau': 0.9}. Best is trial 0 with value: -0.09433334320783615.
[I 2024-12-01 11:18:41,682] Trial 190 finished with value: -0.10783333331346512 and parameters: {'lr': 0.001, 'gamma': 0.99, 'max_grad_norm': 0.001, 'tau': 1.0}. Best is trial 0 with value: -0.09433334320783615.
[I 2024-12-01 11:27:42,182] Trial 191 finished with value: -0.10783333331346512 and parameters: {'lr': 0.0001, 'gamma': 0.8, 'max_grad_norm': 0.001, 'tau': 1.0}. Best is trial 0 with value: -0.09433334320783615.
[I 2024-12-01 11:36:38,302] Trial 192 finished with value: -0.09433334320783615 and parameters: {'lr': 0.0001, 'gamma': 0.8, 'max_grad_norm': 0.001, 'tau': 1.0}. Best is trial 0 with value: -0.09433334320783615.
[I 2024-12-01 11:45:35,008] Trial 193 finished with value: -0.10783333331346512 and parameters: {'lr': 0.0001, 'gamma': 0.8, 'max_grad_norm': 0.001, 'tau': 1.0}. Best is trial 0 with value: -0.09433334320783615.
[I 2024-12-01 11:54:43,963] Trial 194 finished with value: -0.10783333331346512 and parameters: {'lr': 0.0001, 'gamma': 0.8, 'max_grad_norm': 0.001, 'tau': 1.0}. Best is trial 0 with value: -0.09433334320783615.
[I 2024-12-01 12:03:57,782] Trial 195 finished with value: -0.10783333331346512 and parameters: {'lr': 0.01, 'gamma': 0.9, 'max_grad_norm': 0.001, 'tau': 0.85}. Best is trial 0 with value: -0.09433334320783615.
[I 2024-12-01 12:12:54,798] Trial 196 finished with value: -0.09433334320783615 and parameters: {'lr': 0.0001, 'gamma': 0.8, 'max_grad_norm': 0.01, 'tau': 1.0}. Best is trial 0 with value: -0.09433334320783615.
[I 2024-12-01 12:21:53,983] Trial 197 finished with value: -0.10783333331346512 and parameters: {'lr': 0.01, 'gamma': 0.9, 'max_grad_norm': 0.1, 'tau': 1.0}. Best is trial 0 with value: -0.09433334320783615.
[I 2024-12-01 12:30:55,501] Trial 198 finished with value: -0.09433334320783615 and parameters: {'lr': 1e-05, 'gamma': 0.99, 'max_grad_norm': 0.001, 'tau': 0.95}. Best is trial 0 with value: -0.09433334320783615.
[I 2024-12-01 12:39:08,810] Trial 199 finished with value: -0.10783333331346512 and parameters: {'lr': 0.0001, 'gamma': 0.8, 'max_grad_norm': 0.01, 'tau': 0.9}. Best is trial 0 with value: -0.09433334320783615.
[I 2024-12-01 12:46:57,491] Trial 200 finished with value: -0.09433334320783615 and parameters: {'lr': 0.001, 'gamma': 0.9, 'max_grad_norm': 0.001, 'tau': 0.85}. Best is trial 0 with value: -0.09433334320783615.
[I 2024-12-01 12:54:54,742] Trial 201 finished with value: -0.10783333331346512 and parameters: {'lr': 0.0001, 'gamma': 0.8, 'max_grad_norm': 0.1, 'tau': 0.85}. Best is trial 0 with value: -0.09433334320783615.
[I 2024-12-01 13:02:47,119] Trial 202 finished with value: -0.10783333331346512 and parameters: {'lr': 0.0001, 'gamma': 0.8, 'max_grad_norm': 0.1, 'tau': 0.85}. Best is trial 0 with value: -0.09433334320783615.
[I 2024-12-01 13:10:37,209] Trial 203 finished with value: -0.09433334320783615 and parameters: {'lr': 0.0001, 'gamma': 0.8, 'max_grad_norm': 0.1, 'tau': 0.85}. Best is trial 0 with value: -0.09433334320783615.
[I 2024-12-01 13:18:33,254] Trial 204 finished with value: -0.10108333081007004 and parameters: {'lr': 0.0001, 'gamma': 0.8, 'max_grad_norm': 0.1, 'tau': 0.85}. Best is trial 0 with value: -0.09433334320783615.
[I 2024-12-01 13:26:23,168] Trial 205 finished with value: -0.10108333826065063 and parameters: {'lr': 0.0001, 'gamma': 0.95, 'max_grad_norm': 0.1, 'tau': 1.0}. Best is trial 0 with value: -0.09433334320783615.
[I 2024-12-01 13:34:16,004] Trial 206 finished with value: -0.09433334320783615 and parameters: {'lr': 0.01, 'gamma': 0.9, 'max_grad_norm': 0.01, 'tau': 0.85}. Best is trial 0 with value: -0.09433334320783615.
[I 2024-12-01 13:42:11,202] Trial 207 finished with value: -0.09433334320783615 and parameters: {'lr': 0.0001, 'gamma': 0.8, 'max_grad_norm': 0.001, 'tau': 1.0}. Best is trial 0 with value: -0.09433334320783615.
[I 2024-12-01 13:50:08,850] Trial 208 finished with value: -0.10783333331346512 and parameters: {'lr': 1e-05, 'gamma': 0.99, 'max_grad_norm': 0.1, 'tau': 0.95}. Best is trial 0 with value: -0.09433334320783615.
[I 2024-12-01 13:58:18,243] Trial 209 finished with value: -0.10783333331346512 and parameters: {'lr': 0.01, 'gamma': 0.9, 'max_grad_norm': 0.001, 'tau': 0.9}. Best is trial 0 with value: -0.09433334320783615.
[I 2024-12-01 14:07:43,770] Trial 210 finished with value: -0.09433334320783615 and parameters: {'lr': 0.0001, 'gamma': 0.8, 'max_grad_norm': 0.01, 'tau': 1.0}. Best is trial 0 with value: -0.09433334320783615.
[I 2024-12-01 14:16:25,355] Trial 211 finished with value: -0.10783333331346512 and parameters: {'lr': 0.01, 'gamma': 0.95, 'max_grad_norm': 0.001, 'tau': 1.0}. Best is trial 0 with value: -0.09433334320783615.
[I 2024-12-01 14:25:03,306] Trial 212 finished with value: -0.09433334320783615 and parameters: {'lr': 0.01, 'gamma': 0.95, 'max_grad_norm': 0.001, 'tau': 1.0}. Best is trial 0 with value: -0.09433334320783615.
[I 2024-12-01 14:33:47,946] Trial 213 finished with value: -0.09433334320783615 and parameters: {'lr': 0.01, 'gamma': 0.95, 'max_grad_norm': 0.001, 'tau': 1.0}. Best is trial 0 with value: -0.09433334320783615.
[I 2024-12-01 14:42:34,696] Trial 214 finished with value: -0.10783333331346512 and parameters: {'lr': 0.01, 'gamma': 0.95, 'max_grad_norm': 0.001, 'tau': 1.0}. Best is trial 0 with value: -0.09433334320783615.
[I 2024-12-01 14:51:25,169] Trial 215 finished with value: -0.10783333331346512 and parameters: {'lr': 0.001, 'gamma': 0.95, 'max_grad_norm': 0.001, 'tau': 0.85}. Best is trial 0 with value: -0.09433334320783615.
[I 2024-12-01 15:00:11,006] Trial 216 finished with value: -0.09433334320783615 and parameters: {'lr': 0.01, 'gamma': 0.99, 'max_grad_norm': 0.1, 'tau': 1.0}. Best is trial 0 with value: -0.09433334320783615.
[I 2024-12-01 15:08:55,497] Trial 217 finished with value: -0.09433334320783615 and parameters: {'lr': 0.0001, 'gamma': 0.9, 'max_grad_norm': 0.01, 'tau': 0.95}. Best is trial 0 with value: -0.09433334320783615.
