[I 2024-12-14 16:50:59,887] Trial 138 finished with value: -0.10371667146682739 and parameters: {'lr': 0.0001, 'gamma': 0.99, 'max_grad_norm': 2.0, 'lmbda': 0.95, 'clip_epsilon': 0.3, 'entropy_coef': 0.0001}. Best is trial 93 with value: -0.09643332660198212.
[I 2024-12-14 17:03:06,479] Trial 139 finished with value: -0.10316666960716248 and parameters: {'lr': 1e-05, 'gamma': 0.99, 'max_grad_norm': 2.0, 'lmbda': 0.85, 'clip_epsilon': 0.3, 'entropy_coef': 0.0}. Best is trial 93 with value: -0.09643332660198212.
[I 2024-12-14 17:15:49,975] Trial 140 finished with value: -0.12016665935516357 and parameters: {'lr': 0.01, 'gamma': 0.6, 'max_grad_norm': 2.0, 'lmbda': 0.95, 'clip_epsilon': 0.3, 'entropy_coef': 0.0001}. Best is trial 93 with value: -0.09643332660198212.
[I 2024-12-14 17:27:53,040] Trial 141 finished with value: -0.10455000400543213 and parameters: {'lr': 1e-05, 'gamma': 0.99, 'max_grad_norm': 2.0, 'lmbda': 0.95, 'clip_epsilon': 0.3, 'entropy_coef': 0.0}. Best is trial 93 with value: -0.09643332660198212.
[I 2024-12-14 17:39:56,011] Trial 142 finished with value: -0.10168333351612091 and parameters: {'lr': 1e-05, 'gamma': 0.99, 'max_grad_norm': 2.0, 'lmbda': 0.95, 'clip_epsilon': 0.3, 'entropy_coef': 0.0}. Best is trial 93 with value: -0.09643332660198212.
[I 2024-12-14 17:52:00,551] Trial 143 finished with value: -0.10333334654569626 and parameters: {'lr': 1e-05, 'gamma': 0.99, 'max_grad_norm': 2.0, 'lmbda': 0.95, 'clip_epsilon': 0.3, 'entropy_coef': 0.0}. Best is trial 93 with value: -0.09643332660198212.
[I 2024-12-14 18:04:05,689] Trial 144 finished with value: -0.10266666114330292 and parameters: {'lr': 1e-05, 'gamma': 0.99, 'max_grad_norm': 2.0, 'lmbda': 0.95, 'clip_epsilon': 0.3, 'entropy_coef': 0.0}. Best is trial 93 with value: -0.09643332660198212.
[I 2024-12-14 18:16:09,290] Trial 145 finished with value: -0.109866663813591 and parameters: {'lr': 1e-05, 'gamma': 0.8, 'max_grad_norm': 2.0, 'lmbda': 0.95, 'clip_epsilon': 0.3, 'entropy_coef': 0.0}. Best is trial 93 with value: -0.09643332660198212.
[I 2024-12-14 18:28:14,026] Trial 146 finished with value: -0.10076667368412018 and parameters: {'lr': 1e-05, 'gamma': 0.99, 'max_grad_norm': 2.0, 'lmbda': 0.95, 'clip_epsilon': 0.3, 'entropy_coef': 0.01}. Best is trial 93 with value: -0.09643332660198212.
[I 2024-12-14 18:40:18,546] Trial 147 finished with value: -0.10178332775831223 and parameters: {'lr': 1e-05, 'gamma': 0.99, 'max_grad_norm': 2.0, 'lmbda': 0.95, 'clip_epsilon': 0.3, 'entropy_coef': 0.01}. Best is trial 93 with value: -0.09643332660198212.
[I 2024-12-14 18:52:24,076] Trial 148 finished with value: -0.10053333640098572 and parameters: {'lr': 1e-05, 'gamma': 0.99, 'max_grad_norm': 2.0, 'lmbda': 0.95, 'clip_epsilon': 0.3, 'entropy_coef': 0.01}. Best is trial 93 with value: -0.09643332660198212.
[I 2024-12-14 19:04:30,155] Trial 149 finished with value: -0.10526666790246964 and parameters: {'lr': 1e-05, 'gamma': 0.99, 'max_grad_norm': 2.0, 'lmbda': 0.95, 'clip_epsilon': 0.3, 'entropy_coef': 0.01}. Best is trial 93 with value: -0.09643332660198212.
[I 2024-12-14 19:16:35,229] Trial 150 finished with value: -0.10899999737739563 and parameters: {'lr': 1e-05, 'gamma': 0.9, 'max_grad_norm': 2.0, 'lmbda': 0.9, 'clip_epsilon': 0.3, 'entropy_coef': 0.01}. Best is trial 93 with value: -0.09643332660198212.
[I 2024-12-14 19:28:41,348] Trial 151 finished with value: -0.10323333740234375 and parameters: {'lr': 1e-05, 'gamma': 0.99, 'max_grad_norm': 2.0, 'lmbda': 0.95, 'clip_epsilon': 0.3, 'entropy_coef': 0.01}. Best is trial 93 with value: -0.09643332660198212.
[I 2024-12-14 19:40:46,229] Trial 152 finished with value: -0.10170000046491623 and parameters: {'lr': 1e-05, 'gamma': 0.99, 'max_grad_norm': 2.0, 'lmbda': 0.95, 'clip_epsilon': 0.3, 'entropy_coef': 0.01}. Best is trial 93 with value: -0.09643332660198212.
[I 2024-12-14 19:52:52,714] Trial 153 finished with value: -0.10284999758005142 and parameters: {'lr': 1e-05, 'gamma': 0.99, 'max_grad_norm': 2.0, 'lmbda': 0.95, 'clip_epsilon': 0.3, 'entropy_coef': 0.01}. Best is trial 93 with value: -0.09643332660198212.
[I 2024-12-14 20:04:51,149] Trial 154 finished with value: -0.10764999687671661 and parameters: {'lr': 1e-07, 'gamma': 0.99, 'max_grad_norm': 2.0, 'lmbda': 0.95, 'clip_epsilon': 0.3, 'entropy_coef': 0.01}. Best is trial 93 with value: -0.09643332660198212.
[I 2024-12-14 20:16:55,422] Trial 155 finished with value: -0.1004333421587944 and parameters: {'lr': 1e-05, 'gamma': 0.99, 'max_grad_norm': 2.0, 'lmbda': 0.95, 'clip_epsilon': 0.3, 'entropy_coef': 0.01}. Best is trial 93 with value: -0.09643332660198212.
[I 2024-12-14 20:29:00,591] Trial 156 finished with value: -0.10066665709018707 and parameters: {'lr': 1e-05, 'gamma': 0.99, 'max_grad_norm': 1.5, 'lmbda': 0.95, 'clip_epsilon': 0.3, 'entropy_coef': 0.01}. Best is trial 93 with value: -0.09643332660198212.
[I 2024-12-14 20:41:05,210] Trial 157 finished with value: -0.10733332484960556 and parameters: {'lr': 1e-05, 'gamma': 0.99, 'max_grad_norm': 1.5, 'lmbda': 0.95, 'clip_epsilon': 0.1, 'entropy_coef': 0.01}. Best is trial 93 with value: -0.09643332660198212.
[I 2024-12-14 20:53:25,841] Trial 158 finished with value: -0.10370000451803207 and parameters: {'lr': 0.001, 'gamma': 0.99, 'max_grad_norm': 1.5, 'lmbda': 0.95, 'clip_epsilon': 0.2, 'entropy_coef': 0.01}. Best is trial 93 with value: -0.09643332660198212.
[I 2024-12-14 21:05:27,539] Trial 159 finished with value: -0.11048334091901779 and parameters: {'lr': 1e-06, 'gamma': 0.75, 'max_grad_norm': 0.5, 'lmbda': 1.0, 'clip_epsilon': 0.3, 'entropy_coef': 0.01}. Best is trial 93 with value: -0.09643332660198212.
[I 2024-12-14 21:17:35,087] Trial 160 finished with value: -0.10231666266918182 and parameters: {'lr': 1e-05, 'gamma': 0.99, 'max_grad_norm': 1.5, 'lmbda': 0.95, 'clip_epsilon': 0.3, 'entropy_coef': 0.01}. Best is trial 93 with value: -0.09643332660198212.
[I 2024-12-14 21:29:39,818] Trial 161 finished with value: -0.10066667199134827 and parameters: {'lr': 1e-05, 'gamma': 0.99, 'max_grad_norm': 1.5, 'lmbda': 0.95, 'clip_epsilon': 0.3, 'entropy_coef': 0.01}. Best is trial 93 with value: -0.09643332660198212.
[I 2024-12-14 21:41:45,259] Trial 162 finished with value: -0.1034500002861023 and parameters: {'lr': 1e-05, 'gamma': 0.99, 'max_grad_norm': 1.5, 'lmbda': 0.95, 'clip_epsilon': 0.3, 'entropy_coef': 0.01}. Best is trial 93 with value: -0.09643332660198212.
[I 2024-12-14 21:53:51,005] Trial 163 finished with value: -0.10294999927282333 and parameters: {'lr': 1e-05, 'gamma': 0.99, 'max_grad_norm': 1.5, 'lmbda': 0.95, 'clip_epsilon': 0.3, 'entropy_coef': 0.01}. Best is trial 93 with value: -0.09643332660198212.
[I 2024-12-14 22:05:56,182] Trial 164 finished with value: -0.10076667368412018 and parameters: {'lr': 1e-05, 'gamma': 0.99, 'max_grad_norm': 1.5, 'lmbda': 0.95, 'clip_epsilon': 0.3, 'entropy_coef': 0.01}. Best is trial 93 with value: -0.09643332660198212.
[I 2024-12-14 22:18:03,564] Trial 165 finished with value: -0.10031666606664658 and parameters: {'lr': 1e-05, 'gamma': 0.99, 'max_grad_norm': 1.5, 'lmbda': 0.95, 'clip_epsilon': 0.3, 'entropy_coef': 0.01}. Best is trial 93 with value: -0.09643332660198212.
[I 2024-12-14 22:30:07,701] Trial 166 finished with value: -0.10275000333786011 and parameters: {'lr': 1e-05, 'gamma': 0.99, 'max_grad_norm': 1.5, 'lmbda': 0.95, 'clip_epsilon': 0.3, 'entropy_coef': 0.01}. Best is trial 93 with value: -0.09643332660198212.
[I 2024-12-14 22:42:12,885] Trial 167 finished with value: -0.10481666773557663 and parameters: {'lr': 1e-05, 'gamma': 0.99, 'max_grad_norm': 1.5, 'lmbda': 0.95, 'clip_epsilon': 0.3, 'entropy_coef': 0.01}. Best is trial 93 with value: -0.09643332660198212.
[I 2024-12-14 22:54:17,432] Trial 168 finished with value: -0.10275000333786011 and parameters: {'lr': 1e-05, 'gamma': 0.99, 'max_grad_norm': 1.5, 'lmbda': 0.95, 'clip_epsilon': 0.3, 'entropy_coef': 0.01}. Best is trial 93 with value: -0.09643332660198212.
[I 2024-12-14 23:06:22,441] Trial 169 finished with value: -0.10801666229963303 and parameters: {'lr': 1e-05, 'gamma': 0.85, 'max_grad_norm': 1.5, 'lmbda': 0.95, 'clip_epsilon': 0.3, 'entropy_coef': 0.01}. Best is trial 93 with value: -0.09643332660198212.
[I 2024-12-14 23:18:25,564] Trial 170 finished with value: -0.10939999669790268 and parameters: {'lr': 1e-05, 'gamma': 0.7, 'max_grad_norm': 1.5, 'lmbda': 0.95, 'clip_epsilon': 0.3, 'entropy_coef': 0.01}. Best is trial 93 with value: -0.09643332660198212.
[I 2024-12-14 23:30:30,226] Trial 171 finished with value: -0.10543333739042282 and parameters: {'lr': 1e-05, 'gamma': 0.99, 'max_grad_norm': 1.5, 'lmbda': 0.95, 'clip_epsilon': 0.3, 'entropy_coef': 0.01}. Best is trial 93 with value: -0.09643332660198212.
[I 2024-12-14 23:42:37,090] Trial 172 finished with value: -0.10296666622161865 and parameters: {'lr': 1e-05, 'gamma': 0.99, 'max_grad_norm': 1.5, 'lmbda': 0.95, 'clip_epsilon': 0.3, 'entropy_coef': 0.01}. Best is trial 93 with value: -0.09643332660198212.
[I 2024-12-14 23:54:41,244] Trial 173 finished with value: -0.10381666570901871 and parameters: {'lr': 1e-05, 'gamma': 0.99, 'max_grad_norm': 1.5, 'lmbda': 0.95, 'clip_epsilon': 0.3, 'entropy_coef': 0.01}. Best is trial 93 with value: -0.09643332660198212.
[I 2024-12-15 00:06:48,361] Trial 174 finished with value: -0.10175000131130219 and parameters: {'lr': 1e-05, 'gamma': 0.99, 'max_grad_norm': 1.5, 'lmbda': 0.95, 'clip_epsilon': 0.3, 'entropy_coef': 0.01}. Best is trial 93 with value: -0.09643332660198212.
[I 2024-12-15 00:19:01,624] Trial 175 finished with value: -0.11136665940284729 and parameters: {'lr': 0.0001, 'gamma': 0.99, 'max_grad_norm': 1.5, 'lmbda': 0.85, 'clip_epsilon': 0.3, 'entropy_coef': 0.01}. Best is trial 93 with value: -0.09643332660198212.
[I 2024-12-15 00:31:06,658] Trial 176 finished with value: -0.10616666078567505 and parameters: {'lr': 1e-05, 'gamma': 0.99, 'max_grad_norm': 1.5, 'lmbda': 0.9, 'clip_epsilon': 0.3, 'entropy_coef': 0.01}. Best is trial 93 with value: -0.09643332660198212.
[I 2024-12-15 00:43:09,701] Trial 177 finished with value: -0.10270000249147415 and parameters: {'lr': 1e-05, 'gamma': 0.95, 'max_grad_norm': 1.5, 'lmbda': 0.95, 'clip_epsilon': 0.3, 'entropy_coef': 0.01}. Best is trial 93 with value: -0.09643332660198212.
[I 2024-12-15 00:55:15,782] Trial 178 finished with value: -0.1033666655421257 and parameters: {'lr': 1e-05, 'gamma': 0.99, 'max_grad_norm': 1.5, 'lmbda': 0.95, 'clip_epsilon': 0.3, 'entropy_coef': 0.01}. Best is trial 93 with value: -0.09643332660198212.
[I 2024-12-15 01:07:55,813] Trial 179 finished with value: -0.10516667366027832 and parameters: {'lr': 0.01, 'gamma': 0.99, 'max_grad_norm': 1.0, 'lmbda': 0.95, 'clip_epsilon': 0.3, 'entropy_coef': 0.01}. Best is trial 93 with value: -0.09643332660198212.
[I 2024-12-15 01:19:58,461] Trial 180 finished with value: -0.11000000685453415 and parameters: {'lr': 1e-05, 'gamma': 0.6, 'max_grad_norm': 2.0, 'lmbda': 0.95, 'clip_epsilon': 0.3, 'entropy_coef': 0.01}. Best is trial 93 with value: -0.09643332660198212.
[I 2024-12-15 01:32:01,080] Trial 181 finished with value: -0.1033666655421257 and parameters: {'lr': 1e-05, 'gamma': 0.99, 'max_grad_norm': 2.0, 'lmbda': 0.95, 'clip_epsilon': 0.3, 'entropy_coef': 0.001}. Best is trial 93 with value: -0.09643332660198212.
[I 2024-12-15 01:44:06,557] Trial 182 finished with value: -0.10231667757034302 and parameters: {'lr': 1e-05, 'gamma': 0.99, 'max_grad_norm': 2.0, 'lmbda': 0.95, 'clip_epsilon': 0.3, 'entropy_coef': 0.01}. Best is trial 93 with value: -0.09643332660198212.
[I 2024-12-15 01:56:10,117] Trial 183 finished with value: -0.10275000333786011 and parameters: {'lr': 1e-05, 'gamma': 0.99, 'max_grad_norm': 2.0, 'lmbda': 0.95, 'clip_epsilon': 0.3, 'entropy_coef': 0.0001}. Best is trial 93 with value: -0.09643332660198212.
[I 2024-12-15 02:08:11,557] Trial 184 finished with value: -0.09991666674613953 and parameters: {'lr': 1e-05, 'gamma': 0.99, 'max_grad_norm': 2.0, 'lmbda': 0.95, 'clip_epsilon': 0.3, 'entropy_coef': 0.01}. Best is trial 93 with value: -0.09643332660198212.
[I 2024-12-15 02:20:15,914] Trial 185 finished with value: -0.10388333350419998 and parameters: {'lr': 1e-05, 'gamma': 0.99, 'max_grad_norm': 2.0, 'lmbda': 0.95, 'clip_epsilon': 0.3, 'entropy_coef': 0.01}. Best is trial 93 with value: -0.09643332660198212.
[I 2024-12-15 02:32:20,260] Trial 186 finished with value: -0.10395000129938126 and parameters: {'lr': 1e-05, 'gamma': 0.99, 'max_grad_norm': 2.0, 'lmbda': 0.95, 'clip_epsilon': 0.3, 'entropy_coef': 0.01}. Best is trial 93 with value: -0.09643332660198212.
[I 2024-12-15 02:44:23,814] Trial 187 finished with value: -0.10146667063236237 and parameters: {'lr': 1e-05, 'gamma': 0.99, 'max_grad_norm': 2.0, 'lmbda': 0.95, 'clip_epsilon': 0.3, 'entropy_coef': 0.01}. Best is trial 93 with value: -0.09643332660198212.
[SUCCESS] Added module directory: /usr/share/sumo/tools
 Retrying in 1 seconds
[CONFIRMED] Environment variable exists: SUMO_HOME
[SUCCESS] Added module directory: /usr/share/sumo/tools
 Retrying in 1 seconds
[CONFIRMED] Environment variable exists: SUMO_HOME
[SUCCESS] Added module directory: /usr/share/sumo/tools
 Retrying in 1 seconds
[CONFIRMED] Environment variable exists: SUMO_HOME
[SUCCESS] Added module directory: /usr/share/sumo/tools
 Retrying in 1 seconds
[CONFIRMED] Environment variable exists: SUMO_HOME
[SUCCESS] Added module directory: /usr/share/sumo/tools
 Retrying in 1 seconds
[CONFIRMED] Environment variable exists: SUMO_HOME
[SUCCESS] Added module directory: /usr/share/sumo/tools
 Retrying in 1 seconds
[CONFIRMED] Environment variable exists: SUMO_HOME
[SUCCESS] Added module directory: /usr/share/sumo/tools
 Retrying in 1 seconds
[CONFIRMED] Environment variable exists: SUMO_HOME
[SUCCESS] Added module directory: /usr/share/sumo/tools
 Retrying in 1 seconds
[CONFIRMED] Environment variable exists: SUMO_HOME
[SUCCESS] Added module directory: /usr/share/sumo/tools
 Retrying in 1 seconds
[CONFIRMED] Environment variable exists: SUMO_HOME
[SUCCESS] Added module directory: /usr/share/sumo/tools
 Retrying in 1 seconds
[CONFIRMED] Environment variable exists: SUMO_HOME
[SUCCESS] Added module directory: /usr/share/sumo/tools
 Retrying in 1 seconds
[CONFIRMED] Environment variable exists: SUMO_HOME
[SUCCESS] Added module directory: /usr/share/sumo/tools
 Retrying in 1 seconds
[CONFIRMED] Environment variable exists: SUMO_HOME
[SUCCESS] Added module directory: /usr/share/sumo/tools
 Retrying in 1 seconds
[CONFIRMED] Environment variable exists: SUMO_HOME
[SUCCESS] Added module directory: /usr/share/sumo/tools
 Retrying in 1 seconds
[CONFIRMED] Environment variable exists: SUMO_HOME
[SUCCESS] Added module directory: /usr/share/sumo/tools
 Retrying in 1 seconds
[CONFIRMED] Environment variable exists: SUMO_HOME
[SUCCESS] Added module directory: /usr/share/sumo/tools
 Retrying in 1 seconds
[CONFIRMED] Environment variable exists: SUMO_HOME
[SUCCESS] Added module directory: /usr/share/sumo/tools
 Retrying in 1 seconds
[CONFIRMED] Environment variable exists: SUMO_HOME
[SUCCESS] Added module directory: /usr/share/sumo/tools
 Retrying in 1 seconds
[CONFIRMED] Environment variable exists: SUMO_HOME
[SUCCESS] Added module directory: /usr/share/sumo/tools
 Retrying in 1 seconds
[CONFIRMED] Environment variable exists: SUMO_HOME
[SUCCESS] Added module directory: /usr/share/sumo/tools
 Retrying in 1 seconds
[CONFIRMED] Environment variable exists: SUMO_HOME
[SUCCESS] Added module directory: /usr/share/sumo/tools
 Retrying in 1 seconds
[CONFIRMED] Environment variable exists: SUMO_HOME
[SUCCESS] Added module directory: /usr/share/sumo/tools
 Retrying in 1 seconds
[CONFIRMED] Environment variable exists: SUMO_HOME
[SUCCESS] Added module directory: /usr/share/sumo/tools
 Retrying in 1 seconds
[CONFIRMED] Environment variable exists: SUMO_HOME
[SUCCESS] Added module directory: /usr/share/sumo/tools
 Retrying in 1 seconds
[CONFIRMED] Environment variable exists: SUMO_HOME
[SUCCESS] Added module directory: /usr/share/sumo/tools
 Retrying in 1 seconds
[CONFIRMED] Environment variable exists: SUMO_HOME
[SUCCESS] Added module directory: /usr/share/sumo/tools
 Retrying in 1 seconds
[CONFIRMED] Environment variable exists: SUMO_HOME
[SUCCESS] Added module directory: /usr/share/sumo/tools
 Retrying in 1 seconds
[CONFIRMED] Environment variable exists: SUMO_HOME
[SUCCESS] Added module directory: /usr/share/sumo/tools
 Retrying in 1 seconds
[CONFIRMED] Environment variable exists: SUMO_HOME
[SUCCESS] Added module directory: /usr/share/sumo/tools
 Retrying in 1 seconds
[CONFIRMED] Environment variable exists: SUMO_HOME
[SUCCESS] Added module directory: /usr/share/sumo/tools
 Retrying in 1 seconds
[CONFIRMED] Environment variable exists: SUMO_HOME
[SUCCESS] Added module directory: /usr/share/sumo/tools
 Retrying in 1 seconds
[CONFIRMED] Environment variable exists: SUMO_HOME
[SUCCESS] Added module directory: /usr/share/sumo/tools
 Retrying in 1 seconds
[CONFIRMED] Environment variable exists: SUMO_HOME
[SUCCESS] Added module directory: /usr/share/sumo/tools
 Retrying in 1 seconds
[CONFIRMED] Environment variable exists: SUMO_HOME
[SUCCESS] Added module directory: /usr/share/sumo/tools
 Retrying in 1 seconds
[CONFIRMED] Environment variable exists: SUMO_HOME
[SUCCESS] Added module directory: /usr/share/sumo/tools
 Retrying in 1 seconds
[CONFIRMED] Environment variable exists: SUMO_HOME
[SUCCESS] Added module directory: /usr/share/sumo/tools
 Retrying in 1 seconds
[CONFIRMED] Environment variable exists: SUMO_HOME
[SUCCESS] Added module directory: /usr/share/sumo/tools
 Retrying in 1 seconds
[CONFIRMED] Environment variable exists: SUMO_HOME
[SUCCESS] Added module directory: /usr/share/sumo/tools
 Retrying in 1 seconds
[CONFIRMED] Environment variable exists: SUMO_HOME
[SUCCESS] Added module directory: /usr/share/sumo/tools
 Retrying in 1 seconds
[CONFIRMED] Environment variable exists: SUMO_HOME
[SUCCESS] Added module directory: /usr/share/sumo/tools
 Retrying in 1 seconds
[CONFIRMED] Environment variable exists: SUMO_HOME
[SUCCESS] Added module directory: /usr/share/sumo/tools
 Retrying in 1 seconds
[CONFIRMED] Environment variable exists: SUMO_HOME
[SUCCESS] Added module directory: /usr/share/sumo/tools
 Retrying in 1 seconds
[CONFIRMED] Environment variable exists: SUMO_HOME
[SUCCESS] Added module directory: /usr/share/sumo/tools
 Retrying in 1 seconds
[CONFIRMED] Environment variable exists: SUMO_HOME
[SUCCESS] Added module directory: /usr/share/sumo/tools
 Retrying in 1 seconds
[CONFIRMED] Environment variable exists: SUMO_HOME
[SUCCESS] Added module directory: /usr/share/sumo/tools
 Retrying in 1 seconds
[CONFIRMED] Environment variable exists: SUMO_HOME
[SUCCESS] Added module directory: /usr/share/sumo/tools
 Retrying in 1 seconds
[CONFIRMED] Environment variable exists: SUMO_HOME
[SUCCESS] Added module directory: /usr/share/sumo/tools
 Retrying in 1 seconds
[CONFIRMED] Environment variable exists: SUMO_HOME
[SUCCESS] Added module directory: /usr/share/sumo/tools
 Retrying in 1 seconds
[CONFIRMED] Environment variable exists: SUMO_HOME
[SUCCESS] Added module directory: /usr/share/sumo/tools
 Retrying in 1 seconds
[CONFIRMED] Environment variable exists: SUMO_HOME
[SUCCESS] Added module directory: /usr/share/sumo/tools
 Retrying in 1 seconds
[CONFIRMED] Environment variable exists: SUMO_HOME
[SUCCESS] Added module directory: /usr/share/sumo/tools
 Retrying in 1 seconds
[CONFIRMED] Environment variable exists: SUMO_HOME
[SUCCESS] Added module directory: /usr/share/sumo/tools
 Retrying in 1 seconds
[CONFIRMED] Environment variable exists: SUMO_HOME
[SUCCESS] Added module directory: /usr/share/sumo/tools
 Retrying in 1 seconds
[CONFIRMED] Environment variable exists: SUMO_HOME
[SUCCESS] Added module directory: /usr/share/sumo/tools
 Retrying in 1 seconds
[CONFIRMED] Environment variable exists: SUMO_HOME
[SUCCESS] Added module directory: /usr/share/sumo/tools
 Retrying in 1 seconds
[CONFIRMED] Environment variable exists: SUMO_HOME
[SUCCESS] Added module directory: /usr/share/sumo/tools
 Retrying in 1 seconds
[CONFIRMED] Environment variable exists: SUMO_HOME
[SUCCESS] Added module directory: /usr/share/sumo/tools
 Retrying in 1 seconds
[CONFIRMED] Environment variable exists: SUMO_HOME
[SUCCESS] Added module directory: /usr/share/sumo/tools
 Retrying in 1 seconds
[CONFIRMED] Environment variable exists: SUMO_HOME
[SUCCESS] Added module directory: /usr/share/sumo/tools
 Retrying in 1 seconds
[CONFIRMED] Environment variable exists: SUMO_HOME
[SUCCESS] Added module directory: /usr/share/sumo/tools
 Retrying in 1 seconds
[CONFIRMED] Environment variable exists: SUMO_HOME
[SUCCESS] Added module directory: /usr/share/sumo/tools
 Retrying in 1 seconds
[CONFIRMED] Environment variable exists: SUMO_HOME
[SUCCESS] Added module directory: /usr/share/sumo/tools
 Retrying in 1 seconds
[CONFIRMED] Environment variable exists: SUMO_HOME
[SUCCESS] Added module directory: /usr/share/sumo/tools
 Retrying in 1 seconds
[CONFIRMED] Environment variable exists: SUMO_HOME
[I 2024-12-15 02:56:29,953] Trial 188 finished with value: -0.10823334008455276 and parameters: {'lr': 1e-05, 'gamma': 0.8, 'max_grad_norm': 2.0, 'lmbda': 0.95, 'clip_epsilon': 0.3, 'entropy_coef': 0.01}. Best is trial 93 with value: -0.09643332660198212.
[I 2024-12-15 03:08:33,246] Trial 189 finished with value: -0.10468332469463348 and parameters: {'lr': 1e-05, 'gamma': 0.99, 'max_grad_norm': 2.0, 'lmbda': 0.95, 'clip_epsilon': 0.2, 'entropy_coef': 0.01}. Best is trial 93 with value: -0.09643332660198212.
[I 2024-12-15 03:20:38,389] Trial 190 finished with value: -0.105766661465168 and parameters: {'lr': 1e-05, 'gamma': 0.99, 'max_grad_norm': 1.5, 'lmbda': 0.9, 'clip_epsilon': 0.1, 'entropy_coef': 0.01}. Best is trial 93 with value: -0.09643332660198212.
