[I 2024-12-14 17:23:44,863] Trial 138 finished with value: -0.11205000430345535 and parameters: {'lr': 1e-06, 'gamma': 0.99, 'max_grad_norm': 1.5, 'lmbda': 0.9, 'clip_epsilon': 0.3, 'entropy_coef': 0.0001}. Best is trial 72 with value: -0.09833334386348724.
[I 2024-12-14 17:35:53,361] Trial 139 finished with value: -0.1102166622877121 and parameters: {'lr': 1e-05, 'gamma': 0.7, 'max_grad_norm': 1.0, 'lmbda': 1.0, 'clip_epsilon': 0.1, 'entropy_coef': 0.0001}. Best is trial 72 with value: -0.09833334386348724.
[I 2024-12-14 17:48:20,050] Trial 140 finished with value: -0.10769999772310257 and parameters: {'lr': 0.001, 'gamma': 0.8, 'max_grad_norm': 1.0, 'lmbda': 1.0, 'clip_epsilon': 0.2, 'entropy_coef': 0.0001}. Best is trial 72 with value: -0.09833334386348724.
[I 2024-12-14 18:00:29,364] Trial 141 finished with value: -0.10129999369382858 and parameters: {'lr': 1e-05, 'gamma': 0.99, 'max_grad_norm': 1.0, 'lmbda': 1.0, 'clip_epsilon': 0.1, 'entropy_coef': 0.0001}. Best is trial 72 with value: -0.09833334386348724.
[I 2024-12-14 18:12:40,083] Trial 142 finished with value: -0.10450000315904617 and parameters: {'lr': 1e-05, 'gamma': 0.99, 'max_grad_norm': 1.0, 'lmbda': 1.0, 'clip_epsilon': 0.1, 'entropy_coef': 0.0001}. Best is trial 72 with value: -0.09833334386348724.
[I 2024-12-14 18:24:53,331] Trial 143 finished with value: -0.10063333064317703 and parameters: {'lr': 1e-05, 'gamma': 0.99, 'max_grad_norm': 1.0, 'lmbda': 1.0, 'clip_epsilon': 0.1, 'entropy_coef': 0.0001}. Best is trial 72 with value: -0.09833334386348724.
[I 2024-12-14 18:37:04,242] Trial 144 finished with value: -0.10356666892766953 and parameters: {'lr': 1e-05, 'gamma': 0.99, 'max_grad_norm': 1.0, 'lmbda': 1.0, 'clip_epsilon': 0.1, 'entropy_coef': 0.0001}. Best is trial 72 with value: -0.09833334386348724.
[I 2024-12-14 18:49:54,058] Trial 145 finished with value: -0.11516667157411575 and parameters: {'lr': 0.01, 'gamma': 0.99, 'max_grad_norm': 2.0, 'lmbda': 1.0, 'clip_epsilon': 0.1, 'entropy_coef': 0.0001}. Best is trial 72 with value: -0.09833334386348724.
[I 2024-12-14 19:02:03,028] Trial 146 finished with value: -0.10908334702253342 and parameters: {'lr': 1e-05, 'gamma': 0.8, 'max_grad_norm': 1.0, 'lmbda': 1.0, 'clip_epsilon': 0.1, 'entropy_coef': 0.0001}. Best is trial 72 with value: -0.09833334386348724.
[I 2024-12-14 19:15:01,206] Trial 147 finished with value: -0.12200000137090683 and parameters: {'lr': 0.01, 'gamma': 0.99, 'max_grad_norm': 0.5, 'lmbda': 1.0, 'clip_epsilon': 0.1, 'entropy_coef': 0.0001}. Best is trial 72 with value: -0.09833334386348724.
[I 2024-12-14 19:27:10,180] Trial 148 finished with value: -0.10856666415929794 and parameters: {'lr': 1e-05, 'gamma': 0.75, 'max_grad_norm': 1.0, 'lmbda': 1.0, 'clip_epsilon': 0.1, 'entropy_coef': 0.0001}. Best is trial 72 with value: -0.09833334386348724.
[I 2024-12-14 19:39:19,493] Trial 149 finished with value: -0.10251667350530624 and parameters: {'lr': 1e-05, 'gamma': 0.99, 'max_grad_norm': 1.0, 'lmbda': 0.9, 'clip_epsilon': 0.1, 'entropy_coef': 0.0001}. Best is trial 72 with value: -0.09833334386348724.
[I 2024-12-14 19:52:10,073] Trial 150 finished with value: -0.10533332824707031 and parameters: {'lr': 0.01, 'gamma': 0.99, 'max_grad_norm': 1.0, 'lmbda': 0.9, 'clip_epsilon': 0.1, 'entropy_coef': 0.0001}. Best is trial 72 with value: -0.09833334386348724.
[I 2024-12-14 20:04:20,699] Trial 151 finished with value: -0.1033666729927063 and parameters: {'lr': 1e-05, 'gamma': 0.99, 'max_grad_norm': 1.0, 'lmbda': 0.9, 'clip_epsilon': 0.1, 'entropy_coef': 0.0001}. Best is trial 72 with value: -0.09833334386348724.
[I 2024-12-14 20:16:33,059] Trial 152 finished with value: -0.10601666569709778 and parameters: {'lr': 1e-05, 'gamma': 0.99, 'max_grad_norm': 1.0, 'lmbda': 0.9, 'clip_epsilon': 0.1, 'entropy_coef': 0.0001}. Best is trial 72 with value: -0.09833334386348724.
[I 2024-12-14 20:28:44,035] Trial 153 finished with value: -0.10643333196640015 and parameters: {'lr': 1e-05, 'gamma': 0.99, 'max_grad_norm': 1.0, 'lmbda': 0.9, 'clip_epsilon': 0.1, 'entropy_coef': 0.001}. Best is trial 72 with value: -0.09833334386348724.
[I 2024-12-14 20:40:55,948] Trial 154 finished with value: -0.11053333431482315 and parameters: {'lr': 1e-05, 'gamma': 0.8, 'max_grad_norm': 1.0, 'lmbda': 1.0, 'clip_epsilon': 0.1, 'entropy_coef': 0.0001}. Best is trial 72 with value: -0.09833334386348724.
[I 2024-12-14 20:53:25,421] Trial 155 finished with value: -0.10606665909290314 and parameters: {'lr': 0.001, 'gamma': 0.99, 'max_grad_norm': 1.0, 'lmbda': 0.9, 'clip_epsilon': 0.1, 'entropy_coef': 0.0001}. Best is trial 72 with value: -0.09833334386348724.
[I 2024-12-14 21:05:36,960] Trial 156 finished with value: -0.10171667486429214 and parameters: {'lr': 1e-05, 'gamma': 0.99, 'max_grad_norm': 0.5, 'lmbda': 1.0, 'clip_epsilon': 0.3, 'entropy_coef': 0.0001}. Best is trial 72 with value: -0.09833334386348724.
[I 2024-12-14 21:17:47,575] Trial 157 finished with value: -0.10249999910593033 and parameters: {'lr': 1e-05, 'gamma': 0.99, 'max_grad_norm': 0.5, 'lmbda': 1.0, 'clip_epsilon': 0.3, 'entropy_coef': 0.0001}. Best is trial 72 with value: -0.09833334386348724.
[I 2024-12-14 21:30:39,201] Trial 158 finished with value: -0.1133333295583725 and parameters: {'lr': 0.01, 'gamma': 0.99, 'max_grad_norm': 0.5, 'lmbda': 1.0, 'clip_epsilon': 0.3, 'entropy_coef': 0.0001}. Best is trial 72 with value: -0.09833334386348724.
[I 2024-12-14 21:42:51,461] Trial 159 finished with value: -0.0984666645526886 and parameters: {'lr': 1e-05, 'gamma': 0.99, 'max_grad_norm': 0.5, 'lmbda': 1.0, 'clip_epsilon': 0.3, 'entropy_coef': 0.0001}. Best is trial 72 with value: -0.09833334386348724.
[I 2024-12-14 21:55:03,698] Trial 160 finished with value: -0.09776666015386581 and parameters: {'lr': 1e-05, 'gamma': 0.99, 'max_grad_norm': 0.5, 'lmbda': 1.0, 'clip_epsilon': 0.3, 'entropy_coef': 0.0001}. Best is trial 160 with value: -0.09776666015386581.
[I 2024-12-14 22:07:19,212] Trial 161 finished with value: -0.10450000315904617 and parameters: {'lr': 1e-05, 'gamma': 0.99, 'max_grad_norm': 0.5, 'lmbda': 1.0, 'clip_epsilon': 0.3, 'entropy_coef': 0.0001}. Best is trial 160 with value: -0.09776666015386581.
[I 2024-12-14 22:19:33,028] Trial 162 finished with value: -0.09771666675806046 and parameters: {'lr': 1e-05, 'gamma': 0.99, 'max_grad_norm': 0.5, 'lmbda': 1.0, 'clip_epsilon': 0.3, 'entropy_coef': 0.0001}. Best is trial 162 with value: -0.09771666675806046.
[I 2024-12-14 22:31:45,722] Trial 163 finished with value: -0.1018500030040741 and parameters: {'lr': 1e-05, 'gamma': 0.99, 'max_grad_norm': 0.5, 'lmbda': 1.0, 'clip_epsilon': 0.3, 'entropy_coef': 0.0001}. Best is trial 162 with value: -0.09771666675806046.
[I 2024-12-14 22:43:58,857] Trial 164 finished with value: -0.10374999791383743 and parameters: {'lr': 1e-05, 'gamma': 0.99, 'max_grad_norm': 0.5, 'lmbda': 1.0, 'clip_epsilon': 0.3, 'entropy_coef': 0.0001}. Best is trial 162 with value: -0.09771666675806046.
[I 2024-12-14 22:56:11,997] Trial 165 finished with value: -0.10409999638795853 and parameters: {'lr': 1e-05, 'gamma': 0.99, 'max_grad_norm': 0.5, 'lmbda': 1.0, 'clip_epsilon': 0.3, 'entropy_coef': 0.0001}. Best is trial 162 with value: -0.09771666675806046.
[I 2024-12-14 23:08:24,541] Trial 166 finished with value: -0.10194999724626541 and parameters: {'lr': 1e-05, 'gamma': 0.99, 'max_grad_norm': 0.5, 'lmbda': 1.0, 'clip_epsilon': 0.3, 'entropy_coef': 0.0001}. Best is trial 162 with value: -0.09771666675806046.
[I 2024-12-14 23:20:36,531] Trial 167 finished with value: -0.10464999824762344 and parameters: {'lr': 1e-05, 'gamma': 0.99, 'max_grad_norm': 0.5, 'lmbda': 1.0, 'clip_epsilon': 0.3, 'entropy_coef': 0.0001}. Best is trial 162 with value: -0.09771666675806046.
[I 2024-12-14 23:32:46,465] Trial 168 finished with value: -0.09825000166893005 and parameters: {'lr': 1e-05, 'gamma': 0.99, 'max_grad_norm': 0.5, 'lmbda': 1.0, 'clip_epsilon': 0.3, 'entropy_coef': 0.0001}. Best is trial 162 with value: -0.09771666675806046.
[I 2024-12-14 23:45:01,088] Trial 169 finished with value: -0.10166667401790619 and parameters: {'lr': 1e-05, 'gamma': 0.99, 'max_grad_norm': 0.5, 'lmbda': 1.0, 'clip_epsilon': 0.3, 'entropy_coef': 0.0001}. Best is trial 162 with value: -0.09771666675806046.
[I 2024-12-14 23:57:14,223] Trial 170 finished with value: -0.10794999450445175 and parameters: {'lr': 1e-05, 'gamma': 0.6, 'max_grad_norm': 0.5, 'lmbda': 1.0, 'clip_epsilon': 0.3, 'entropy_coef': 0.0001}. Best is trial 162 with value: -0.09771666675806046.
[I 2024-12-15 00:09:29,507] Trial 171 finished with value: -0.10246667265892029 and parameters: {'lr': 1e-05, 'gamma': 0.99, 'max_grad_norm': 0.5, 'lmbda': 1.0, 'clip_epsilon': 0.3, 'entropy_coef': 0.0001}. Best is trial 162 with value: -0.09771666675806046.
[I 2024-12-15 00:21:44,238] Trial 172 finished with value: -0.1023833379149437 and parameters: {'lr': 1e-05, 'gamma': 0.99, 'max_grad_norm': 0.5, 'lmbda': 1.0, 'clip_epsilon': 0.3, 'entropy_coef': 0.0001}. Best is trial 162 with value: -0.09771666675806046.
[I 2024-12-15 00:33:58,038] Trial 173 finished with value: -0.10441666841506958 and parameters: {'lr': 1e-05, 'gamma': 0.99, 'max_grad_norm': 0.5, 'lmbda': 1.0, 'clip_epsilon': 0.3, 'entropy_coef': 0.0001}. Best is trial 162 with value: -0.09771666675806046.
[I 2024-12-15 00:46:12,255] Trial 174 finished with value: -0.10233333706855774 and parameters: {'lr': 1e-05, 'gamma': 0.99, 'max_grad_norm': 0.5, 'lmbda': 1.0, 'clip_epsilon': 0.3, 'entropy_coef': 0.0001}. Best is trial 162 with value: -0.09771666675806046.
[I 2024-12-15 00:58:24,434] Trial 175 finished with value: -0.10328332334756851 and parameters: {'lr': 1e-05, 'gamma': 0.99, 'max_grad_norm': 0.5, 'lmbda': 1.0, 'clip_epsilon': 0.3, 'entropy_coef': 0.0001}. Best is trial 162 with value: -0.09771666675806046.
[I 2024-12-15 01:10:35,569] Trial 176 finished with value: -0.10991665720939636 and parameters: {'lr': 1e-05, 'gamma': 0.75, 'max_grad_norm': 0.5, 'lmbda': 1.0, 'clip_epsilon': 0.3, 'entropy_coef': 0.0001}. Best is trial 162 with value: -0.09771666675806046.
[I 2024-12-15 01:22:48,068] Trial 177 finished with value: -0.10308332741260529 and parameters: {'lr': 1e-05, 'gamma': 0.99, 'max_grad_norm': 0.5, 'lmbda': 1.0, 'clip_epsilon': 0.3, 'entropy_coef': 0.0001}. Best is trial 162 with value: -0.09771666675806046.
[I 2024-12-15 01:34:52,441] Trial 178 finished with value: -0.11266667395830154 and parameters: {'lr': 1e-07, 'gamma': 0.7, 'max_grad_norm': 0.5, 'lmbda': 0.95, 'clip_epsilon': 0.3, 'entropy_coef': 0.0001}. Best is trial 162 with value: -0.09771666675806046.
[I 2024-12-15 01:47:04,283] Trial 179 finished with value: -0.09916666895151138 and parameters: {'lr': 1e-05, 'gamma': 0.99, 'max_grad_norm': 0.5, 'lmbda': 1.0, 'clip_epsilon': 0.3, 'entropy_coef': 0.0001}. Best is trial 162 with value: -0.09771666675806046.
[I 2024-12-15 01:59:17,853] Trial 180 finished with value: -0.10448332875967026 and parameters: {'lr': 1e-05, 'gamma': 0.99, 'max_grad_norm': 0.5, 'lmbda': 1.0, 'clip_epsilon': 0.3, 'entropy_coef': 0.0001}. Best is trial 162 with value: -0.09771666675806046.
[I 2024-12-15 02:11:32,644] Trial 181 finished with value: -0.1004333347082138 and parameters: {'lr': 1e-05, 'gamma': 0.99, 'max_grad_norm': 0.5, 'lmbda': 1.0, 'clip_epsilon': 0.3, 'entropy_coef': 0.0001}. Best is trial 162 with value: -0.09771666675806046.
[I 2024-12-15 02:23:45,844] Trial 182 finished with value: -0.10323333740234375 and parameters: {'lr': 1e-05, 'gamma': 0.99, 'max_grad_norm': 0.5, 'lmbda': 1.0, 'clip_epsilon': 0.3, 'entropy_coef': 0.0001}. Best is trial 162 with value: -0.09771666675806046.
[I 2024-12-15 02:35:59,469] Trial 183 finished with value: -0.10144999623298645 and parameters: {'lr': 1e-05, 'gamma': 0.99, 'max_grad_norm': 0.5, 'lmbda': 1.0, 'clip_epsilon': 0.3, 'entropy_coef': 0.0001}. Best is trial 162 with value: -0.09771666675806046.
[I 2024-12-15 02:48:13,984] Trial 184 finished with value: -0.10833332687616348 and parameters: {'lr': 1e-05, 'gamma': 0.85, 'max_grad_norm': 0.5, 'lmbda': 1.0, 'clip_epsilon': 0.3, 'entropy_coef': 0.0001}. Best is trial 162 with value: -0.09771666675806046.
[I 2024-12-15 03:00:22,068] Trial 185 finished with value: -0.11241665482521057 and parameters: {'lr': 1e-06, 'gamma': 0.99, 'max_grad_norm': 0.5, 'lmbda': 1.0, 'clip_epsilon': 0.3, 'entropy_coef': 0.0001}. Best is trial 162 with value: -0.09771666675806046.
[I 2024-12-15 03:12:33,170] Trial 186 finished with value: -0.1009666696190834 and parameters: {'lr': 1e-05, 'gamma': 0.99, 'max_grad_norm': 0.5, 'lmbda': 1.0, 'clip_epsilon': 0.3, 'entropy_coef': 0.0001}. Best is trial 162 with value: -0.09771666675806046.
[I 2024-12-15 03:25:03,275] Trial 187 finished with value: -0.1090666800737381 and parameters: {'lr': 0.001, 'gamma': 0.99, 'max_grad_norm': 0.5, 'lmbda': 1.0, 'clip_epsilon': 0.3, 'entropy_coef': 0.0001}. Best is trial 162 with value: -0.09771666675806046.
[SUCCESS] Added module directory: /usr/share/sumo/tools
 Retrying in 1 seconds
[CONFIRMED] Environment variable exists: SUMO_HOME
[SUCCESS] Added module directory: /usr/share/sumo/tools
 Retrying in 1 seconds
[CONFIRMED] Environment variable exists: SUMO_HOME
[SUCCESS] Added module directory: /usr/share/sumo/tools
 Retrying in 1 seconds
[CONFIRMED] Environment variable exists: SUMO_HOME
[SUCCESS] Added module directory: /usr/share/sumo/tools
 Retrying in 1 seconds
[CONFIRMED] Environment variable exists: SUMO_HOME
[SUCCESS] Added module directory: /usr/share/sumo/tools
 Retrying in 1 seconds
[CONFIRMED] Environment variable exists: SUMO_HOME
[SUCCESS] Added module directory: /usr/share/sumo/tools
 Retrying in 1 seconds
[CONFIRMED] Environment variable exists: SUMO_HOME
[SUCCESS] Added module directory: /usr/share/sumo/tools
 Retrying in 1 seconds
[CONFIRMED] Environment variable exists: SUMO_HOME
[SUCCESS] Added module directory: /usr/share/sumo/tools
 Retrying in 1 seconds
[CONFIRMED] Environment variable exists: SUMO_HOME
[SUCCESS] Added module directory: /usr/share/sumo/tools
 Retrying in 1 seconds
[CONFIRMED] Environment variable exists: SUMO_HOME
[SUCCESS] Added module directory: /usr/share/sumo/tools
 Retrying in 1 seconds
[CONFIRMED] Environment variable exists: SUMO_HOME
[SUCCESS] Added module directory: /usr/share/sumo/tools
 Retrying in 1 seconds
[CONFIRMED] Environment variable exists: SUMO_HOME
[SUCCESS] Added module directory: /usr/share/sumo/tools
 Retrying in 1 seconds
[CONFIRMED] Environment variable exists: SUMO_HOME
[SUCCESS] Added module directory: /usr/share/sumo/tools
 Retrying in 1 seconds
[CONFIRMED] Environment variable exists: SUMO_HOME
[SUCCESS] Added module directory: /usr/share/sumo/tools
 Retrying in 1 seconds
[CONFIRMED] Environment variable exists: SUMO_HOME
[SUCCESS] Added module directory: /usr/share/sumo/tools
 Retrying in 1 seconds
[CONFIRMED] Environment variable exists: SUMO_HOME
[SUCCESS] Added module directory: /usr/share/sumo/tools
 Retrying in 1 seconds
[CONFIRMED] Environment variable exists: SUMO_HOME
[SUCCESS] Added module directory: /usr/share/sumo/tools
 Retrying in 1 seconds
[CONFIRMED] Environment variable exists: SUMO_HOME
[SUCCESS] Added module directory: /usr/share/sumo/tools
 Retrying in 1 seconds
[CONFIRMED] Environment variable exists: SUMO_HOME
[SUCCESS] Added module directory: /usr/share/sumo/tools
 Retrying in 1 seconds
[CONFIRMED] Environment variable exists: SUMO_HOME
[SUCCESS] Added module directory: /usr/share/sumo/tools
 Retrying in 1 seconds
[CONFIRMED] Environment variable exists: SUMO_HOME
[SUCCESS] Added module directory: /usr/share/sumo/tools
 Retrying in 1 seconds
[CONFIRMED] Environment variable exists: SUMO_HOME
[SUCCESS] Added module directory: /usr/share/sumo/tools
 Retrying in 1 seconds
[CONFIRMED] Environment variable exists: SUMO_HOME
[SUCCESS] Added module directory: /usr/share/sumo/tools
 Retrying in 1 seconds
[CONFIRMED] Environment variable exists: SUMO_HOME
[SUCCESS] Added module directory: /usr/share/sumo/tools
 Retrying in 1 seconds
[CONFIRMED] Environment variable exists: SUMO_HOME
[SUCCESS] Added module directory: /usr/share/sumo/tools
 Retrying in 1 seconds
[CONFIRMED] Environment variable exists: SUMO_HOME
[SUCCESS] Added module directory: /usr/share/sumo/tools
 Retrying in 1 seconds
[CONFIRMED] Environment variable exists: SUMO_HOME
[SUCCESS] Added module directory: /usr/share/sumo/tools
 Retrying in 1 seconds
[CONFIRMED] Environment variable exists: SUMO_HOME
[SUCCESS] Added module directory: /usr/share/sumo/tools
 Retrying in 1 seconds
[CONFIRMED] Environment variable exists: SUMO_HOME
[SUCCESS] Added module directory: /usr/share/sumo/tools
 Retrying in 1 seconds
[CONFIRMED] Environment variable exists: SUMO_HOME
[SUCCESS] Added module directory: /usr/share/sumo/tools
 Retrying in 1 seconds
[CONFIRMED] Environment variable exists: SUMO_HOME
[SUCCESS] Added module directory: /usr/share/sumo/tools
 Retrying in 1 seconds
[CONFIRMED] Environment variable exists: SUMO_HOME
[SUCCESS] Added module directory: /usr/share/sumo/tools
 Retrying in 1 seconds
[CONFIRMED] Environment variable exists: SUMO_HOME
[SUCCESS] Added module directory: /usr/share/sumo/tools
 Retrying in 1 seconds
[CONFIRMED] Environment variable exists: SUMO_HOME
[SUCCESS] Added module directory: /usr/share/sumo/tools
 Retrying in 1 seconds
[CONFIRMED] Environment variable exists: SUMO_HOME
[SUCCESS] Added module directory: /usr/share/sumo/tools
 Retrying in 1 seconds
[CONFIRMED] Environment variable exists: SUMO_HOME
[SUCCESS] Added module directory: /usr/share/sumo/tools
 Retrying in 1 seconds
[CONFIRMED] Environment variable exists: SUMO_HOME
[SUCCESS] Added module directory: /usr/share/sumo/tools
 Retrying in 1 seconds
[CONFIRMED] Environment variable exists: SUMO_HOME
[SUCCESS] Added module directory: /usr/share/sumo/tools
 Retrying in 1 seconds
[CONFIRMED] Environment variable exists: SUMO_HOME
[SUCCESS] Added module directory: /usr/share/sumo/tools
 Retrying in 1 seconds
[CONFIRMED] Environment variable exists: SUMO_HOME
[SUCCESS] Added module directory: /usr/share/sumo/tools
 Retrying in 1 seconds
[CONFIRMED] Environment variable exists: SUMO_HOME
[SUCCESS] Added module directory: /usr/share/sumo/tools
 Retrying in 1 seconds
[CONFIRMED] Environment variable exists: SUMO_HOME
[SUCCESS] Added module directory: /usr/share/sumo/tools
 Retrying in 1 seconds
[CONFIRMED] Environment variable exists: SUMO_HOME
[SUCCESS] Added module directory: /usr/share/sumo/tools
 Retrying in 1 seconds
[CONFIRMED] Environment variable exists: SUMO_HOME
[SUCCESS] Added module directory: /usr/share/sumo/tools
 Retrying in 1 seconds
[CONFIRMED] Environment variable exists: SUMO_HOME
[SUCCESS] Added module directory: /usr/share/sumo/tools
 Retrying in 1 seconds
[CONFIRMED] Environment variable exists: SUMO_HOME
[SUCCESS] Added module directory: /usr/share/sumo/tools
 Retrying in 1 seconds
[CONFIRMED] Environment variable exists: SUMO_HOME
[SUCCESS] Added module directory: /usr/share/sumo/tools
 Retrying in 1 seconds
[CONFIRMED] Environment variable exists: SUMO_HOME
[SUCCESS] Added module directory: /usr/share/sumo/tools
 Retrying in 1 seconds
[CONFIRMED] Environment variable exists: SUMO_HOME
[SUCCESS] Added module directory: /usr/share/sumo/tools
 Retrying in 1 seconds
[CONFIRMED] Environment variable exists: SUMO_HOME
[SUCCESS] Added module directory: /usr/share/sumo/tools
 Retrying in 1 seconds
[CONFIRMED] Environment variable exists: SUMO_HOME
[SUCCESS] Added module directory: /usr/share/sumo/tools
 Retrying in 1 seconds
[CONFIRMED] Environment variable exists: SUMO_HOME
[SUCCESS] Added module directory: /usr/share/sumo/tools
 Retrying in 1 seconds
[CONFIRMED] Environment variable exists: SUMO_HOME
[SUCCESS] Added module directory: /usr/share/sumo/tools
 Retrying in 1 seconds
[CONFIRMED] Environment variable exists: SUMO_HOME
[SUCCESS] Added module directory: /usr/share/sumo/tools
 Retrying in 1 seconds
[CONFIRMED] Environment variable exists: SUMO_HOME
[SUCCESS] Added module directory: /usr/share/sumo/tools
 Retrying in 1 seconds
[CONFIRMED] Environment variable exists: SUMO_HOME
[SUCCESS] Added module directory: /usr/share/sumo/tools
 Retrying in 1 seconds
[CONFIRMED] Environment variable exists: SUMO_HOME
[SUCCESS] Added module directory: /usr/share/sumo/tools
 Retrying in 1 seconds
[CONFIRMED] Environment variable exists: SUMO_HOME
[SUCCESS] Added module directory: /usr/share/sumo/tools
 Retrying in 1 seconds
[CONFIRMED] Environment variable exists: SUMO_HOME
[SUCCESS] Added module directory: /usr/share/sumo/tools
 Retrying in 1 seconds
[CONFIRMED] Environment variable exists: SUMO_HOME
[SUCCESS] Added module directory: /usr/share/sumo/tools
 Retrying in 1 seconds
[CONFIRMED] Environment variable exists: SUMO_HOME
[SUCCESS] Added module directory: /usr/share/sumo/tools
 Retrying in 1 seconds
[CONFIRMED] Environment variable exists: SUMO_HOME
[SUCCESS] Added module directory: /usr/share/sumo/tools
 Retrying in 1 seconds
[CONFIRMED] Environment variable exists: SUMO_HOME
[SUCCESS] Added module directory: /usr/share/sumo/tools
 Retrying in 1 seconds
[CONFIRMED] Environment variable exists: SUMO_HOME
[I 2024-12-15 03:37:19,005] Trial 188 finished with value: -0.10353332757949829 and parameters: {'lr': 1e-05, 'gamma': 0.99, 'max_grad_norm': 0.5, 'lmbda': 1.0, 'clip_epsilon': 0.3, 'entropy_coef': 0.0001}. Best is trial 162 with value: -0.09771666675806046.
[I 2024-12-15 03:49:30,861] Trial 189 finished with value: -0.10883333534002304 and parameters: {'lr': 1e-05, 'gamma': 0.75, 'max_grad_norm': 0.5, 'lmbda': 1.0, 'clip_epsilon': 0.3, 'entropy_coef': 0.0001}. Best is trial 162 with value: -0.09771666675806046.
[I 2024-12-15 04:01:44,595] Trial 190 finished with value: -0.10295000672340393 and parameters: {'lr': 1e-05, 'gamma': 0.99, 'max_grad_norm': 0.5, 'lmbda': 1.0, 'clip_epsilon': 0.3, 'entropy_coef': 0.0001}. Best is trial 162 with value: -0.09771666675806046.
