[I 2024-12-01 00:15:29,490] Trial 102 finished with value: -0.09433334320783615 and parameters: {'lr': 0.0001, 'gamma': 0.8, 'max_grad_norm': 0.001, 'tau': 1.0}. Best is trial 0 with value: -0.09433334320783615.
[I 2024-12-01 00:23:57,057] Trial 103 finished with value: -0.10783333331346512 and parameters: {'lr': 0.0001, 'gamma': 0.8, 'max_grad_norm': 0.001, 'tau': 1.0}. Best is trial 0 with value: -0.09433334320783615.
[I 2024-12-01 00:32:21,881] Trial 104 finished with value: -0.10108333081007004 and parameters: {'lr': 0.0001, 'gamma': 0.8, 'max_grad_norm': 0.001, 'tau': 1.0}. Best is trial 0 with value: -0.09433334320783615.
[I 2024-12-01 00:40:41,782] Trial 105 finished with value: -0.09433334320783615 and parameters: {'lr': 0.001, 'gamma': 0.95, 'max_grad_norm': 0.1, 'tau': 0.95}. Best is trial 0 with value: -0.09433334320783615.
[I 2024-12-01 00:49:05,091] Trial 106 finished with value: -0.09433334320783615 and parameters: {'lr': 0.0001, 'gamma': 0.85, 'max_grad_norm': 0.001, 'tau': 1.0}. Best is trial 0 with value: -0.09433334320783615.
[I 2024-12-01 00:57:26,431] Trial 107 finished with value: -0.09433334320783615 and parameters: {'lr': 1e-05, 'gamma': 0.99, 'max_grad_norm': 0.01, 'tau': 0.85}. Best is trial 0 with value: -0.09433334320783615.
[I 2024-12-01 01:05:44,590] Trial 108 finished with value: -0.09433334320783615 and parameters: {'lr': 0.01, 'gamma': 0.9, 'max_grad_norm': 0.001, 'tau': 1.0}. Best is trial 0 with value: -0.09433334320783615.



IQL OPTUNA






IQL optuna



device is:  cuda:0
[CONFIRMED] Environment variable exists: SUMO_HOME
[SUCCESS] Added module directory: /usr/share/sumo/tools
 Retrying in 1 seconds
device is:  cuda:0
[CONFIRMED] Environment variable exists: SUMO_HOME
[SUCCESS] Added module directory: /usr/share/sumo/tools
 Retrying in 1 seconds
device is:  cuda:0
[CONFIRMED] Environment variable exists: SUMO_HOME
[SUCCESS] Added module directory: /usr/share/sumo/tools
 Retrying in 1 seconds
device is:  cuda:0
[CONFIRMED] Environment variable exists: SUMO_HOME
[SUCCESS] Added module directory: /usr/share/sumo/tools
 Retrying in 1 seconds
device is:  cuda:0
[CONFIRMED] Environment variable exists: SUMO_HOME
[SUCCESS] Added module directory: /usr/share/sumo/tools
 Retrying in 1 seconds
device is:  cuda:0
[CONFIRMED] Environment variable exists: SUMO_HOME
[SUCCESS] Added module directory: /usr/share/sumo/tools
 Retrying in 1 seconds
device is:  cuda:0
[CONFIRMED] Environment variable exists: SUMO_HOME
[SUCCESS] Added module directory: /usr/share/sumo/tools
 Retrying in 1 seconds
device is:  cuda:0
[CONFIRMED] Environment variable exists: SUMO_HOME
[SUCCESS] Added module directory: /usr/share/sumo/tools
 Retrying in 1 seconds
device is:  cuda:0
[CONFIRMED] Environment variable exists: SUMO_HOME
[SUCCESS] Added module directory: /usr/share/sumo/tools
 Retrying in 1 seconds
device is:  cuda:0
[CONFIRMED] Environment variable exists: SUMO_HOME
[SUCCESS] Added module directory: /usr/share/sumo/tools
 Retrying in 1 seconds
device is:  cuda:0
[CONFIRMED] Environment variable exists: SUMO_HOME
[SUCCESS] Added module directory: /usr/share/sumo/tools
 Retrying in 1 seconds
device is:  cuda:0
[CONFIRMED] Environment variable exists: SUMO_HOME
[SUCCESS] Added module directory: /usr/share/sumo/tools
 Retrying in 1 seconds
device is:  cuda:0
[CONFIRMED] Environment variable exists: SUMO_HOME
[SUCCESS] Added module directory: /usr/share/sumo/tools
 Retrying in 1 seconds
device is:  cuda:0
[CONFIRMED] Environment variable exists: SUMO_HOME
[SUCCESS] Added module directory: /usr/share/sumo/tools
 Retrying in 1 seconds
device is:  cuda:0
[CONFIRMED] Environment variable exists: SUMO_HOME
[SUCCESS] Added module directory: /usr/share/sumo/tools
 Retrying in 1 seconds
device is:  cuda:0
[CONFIRMED] Environment variable exists: SUMO_HOME
[SUCCESS] Added module directory: /usr/share/sumo/tools
 Retrying in 1 seconds
device is:  cuda:0
[CONFIRMED] Environment variable exists: SUMO_HOME
[SUCCESS] Added module directory: /usr/share/sumo/tools
 Retrying in 1 seconds
device is:  cuda:0
[CONFIRMED] Environment variable exists: SUMO_HOME
[SUCCESS] Added module directory: /usr/share/sumo/tools
 Retrying in 1 seconds
device is:  cuda:0
[CONFIRMED] Environment variable exists: SUMO_HOME
[SUCCESS] Added module directory: /usr/share/sumo/tools
 Retrying in 1 seconds
device is:  cuda:0
[CONFIRMED] Environment variable exists: SUMO_HOME
[SUCCESS] Added module directory: /usr/share/sumo/tools
 Retrying in 1 seconds
device is:  cuda:0
[CONFIRMED] Environment variable exists: SUMO_HOME
[SUCCESS] Added module directory: /usr/share/sumo/tools
 Retrying in 1 seconds
device is:  cuda:0
[CONFIRMED] Environment variable exists: SUMO_HOME
[SUCCESS] Added module directory: /usr/share/sumo/tools
 Retrying in 1 seconds
device is:  cuda:0
[CONFIRMED] Environment variable exists: SUMO_HOME
[SUCCESS] Added module directory: /usr/share/sumo/tools
 Retrying in 1 seconds
device is:  cuda:0
[CONFIRMED] Environment variable exists: SUMO_HOME
[SUCCESS] Added module directory: /usr/share/sumo/tools
 Retrying in 1 seconds
device is:  cuda:0
[CONFIRMED] Environment variable exists: SUMO_HOME
[SUCCESS] Added module directory: /usr/share/sumo/tools
 Retrying in 1 seconds
device is:  cuda:0
[CONFIRMED] Environment variable exists: SUMO_HOME
[SUCCESS] Added module directory: /usr/share/sumo/tools
 Retrying in 1 seconds
device is:  cuda:0
[CONFIRMED] Environment variable exists: SUMO_HOME
[SUCCESS] Added module directory: /usr/share/sumo/tools
 Retrying in 1 seconds
device is:  cuda:0
[CONFIRMED] Environment variable exists: SUMO_HOME
[SUCCESS] Added module directory: /usr/share/sumo/tools
 Retrying in 1 seconds
device is:  cuda:0
[CONFIRMED] Environment variable exists: SUMO_HOME
[SUCCESS] Added module directory: /usr/share/sumo/tools
 Retrying in 1 seconds
device is:  cuda:0
[CONFIRMED] Environment variable exists: SUMO_HOME
[SUCCESS] Added module directory: /usr/share/sumo/tools
 Retrying in 1 seconds
device is:  cuda:0
[CONFIRMED] Environment variable exists: SUMO_HOME
[SUCCESS] Added module directory: /usr/share/sumo/tools
 Retrying in 1 seconds
device is:  cuda:0
[CONFIRMED] Environment variable exists: SUMO_HOME
[SUCCESS] Added module directory: /usr/share/sumo/tools
 Retrying in 1 seconds
device is:  cuda:0
[CONFIRMED] Environment variable exists: SUMO_HOME
[SUCCESS] Added module directory: /usr/share/sumo/tools
 Retrying in 1 seconds
device is:  cuda:0
[CONFIRMED] Environment variable exists: SUMO_HOME
[SUCCESS] Added module directory: /usr/share/sumo/tools
 Retrying in 1 seconds
device is:  cuda:0
[CONFIRMED] Environment variable exists: SUMO_HOME
[SUCCESS] Added module directory: /usr/share/sumo/tools
 Retrying in 1 seconds
device is:  cuda:0
[CONFIRMED] Environment variable exists: SUMO_HOME
[SUCCESS] Added module directory: /usr/share/sumo/tools
 Retrying in 1 seconds
device is:  cuda:0
[CONFIRMED] Environment variable exists: SUMO_HOME
[SUCCESS] Added module directory: /usr/share/sumo/tools
 Retrying in 1 seconds
device is:  cuda:0
[CONFIRMED] Environment variable exists: SUMO_HOME
[SUCCESS] Added module directory: /usr/share/sumo/tools
 Retrying in 1 seconds
device is:  cuda:0
[CONFIRMED] Environment variable exists: SUMO_HOME
[SUCCESS] Added module directory: /usr/share/sumo/tools
 Retrying in 1 seconds
device is:  cuda:0
[CONFIRMED] Environment variable exists: SUMO_HOME
[SUCCESS] Added module directory: /usr/share/sumo/tools
 Retrying in 1 seconds
device is:  cuda:0
[CONFIRMED] Environment variable exists: SUMO_HOME
[SUCCESS] Added module directory: /usr/share/sumo/tools
 Retrying in 1 seconds
device is:  cuda:0
[CONFIRMED] Environment variable exists: SUMO_HOME
[SUCCESS] Added module directory: /usr/share/sumo/tools
 Retrying in 1 seconds
device is:  cuda:0
[CONFIRMED] Environment variable exists: SUMO_HOME
[SUCCESS] Added module directory: /usr/share/sumo/tools
 Retrying in 1 seconds
device is:  cuda:0
[CONFIRMED] Environment variable exists: SUMO_HOME
[SUCCESS] Added module directory: /usr/share/sumo/tools
 Retrying in 1 seconds
device is:  cuda:0
[CONFIRMED] Environment variable exists: SUMO_HOME
[SUCCESS] Added module directory: /usr/share/sumo/tools
 Retrying in 1 seconds
device is:  cuda:0
[CONFIRMED] Environment variable exists: SUMO_HOME
[SUCCESS] Added module directory: /usr/share/sumo/tools
 Retrying in 1 seconds
device is:  cuda:0
[CONFIRMED] Environment variable exists: SUMO_HOME
[SUCCESS] Added module directory: /usr/share/sumo/tools
 Retrying in 1 seconds
device is:  cuda:0
[CONFIRMED] Environment variable exists: SUMO_HOME
[SUCCESS] Added module directory: /usr/share/sumo/tools
 Retrying in 1 seconds
device is:  cuda:0
[CONFIRMED] Environment variable exists: SUMO_HOME
[SUCCESS] Added module directory: /usr/share/sumo/tools
 Retrying in 1 seconds
device is:  cuda:0
[CONFIRMED] Environment variable exists: SUMO_HOME
[SUCCESS] Added module directory: /usr/share/sumo/tools
 Retrying in 1 seconds
device is:  cuda:0
[CONFIRMED] Environment variable exists: SUMO_HOME
[SUCCESS] Added module directory: /usr/share/sumo/tools
 Retrying in 1 seconds
device is:  cuda:0
[CONFIRMED] Environment variable exists: SUMO_HOME
[SUCCESS] Added module directory: /usr/share/sumo/tools
 Retrying in 1 seconds
device is:  cuda:0
[CONFIRMED] Environment variable exists: SUMO_HOME
[SUCCESS] Added module directory: /usr/share/sumo/tools
 Retrying in 1 seconds
device is:  cuda:0
[CONFIRMED] Environment variable exists: SUMO_HOME
[SUCCESS] Added module directory: /usr/share/sumo/tools
 Retrying in 1 seconds
device is:  cuda:0
[CONFIRMED] Environment variable exists: SUMO_HOME
[I 2024-12-01 01:14:09,482] Trial 109 finished with value: -0.10783333331346512 and parameters: {'lr': 0.0001, 'gamma': 0.8, 'max_grad_norm': 0.1, 'tau': 0.95}. Best is trial 0 with value: -0.09433334320783615.
[I 2024-12-01 01:22:28,174] Trial 110 finished with value: -0.09433334320783615 and parameters: {'lr': 0.01, 'gamma': 0.9, 'max_grad_norm': 0.001, 'tau': 0.9}. Best is trial 0 with value: -0.09433334320783615.
[I 2024-12-01 01:30:50,605] Trial 111 finished with value: -0.10783333331346512 and parameters: {'lr': 0.0001, 'gamma': 0.99, 'max_grad_norm': 0.001, 'tau': 0.9}. Best is trial 0 with value: -0.09433334320783615.
[I 2024-12-01 01:38:14,646] Trial 112 finished with value: -0.10783333331346512 and parameters: {'lr': 0.0001, 'gamma': 0.99, 'max_grad_norm': 0.001, 'tau': 0.9}. Best is trial 0 with value: -0.09433334320783615.
[I 2024-12-01 01:45:30,132] Trial 113 finished with value: -0.10783333331346512 and parameters: {'lr': 0.0001, 'gamma': 0.99, 'max_grad_norm': 0.001, 'tau': 0.9}. Best is trial 0 with value: -0.09433334320783615.
[I 2024-12-01 01:52:45,354] Trial 114 finished with value: -0.09433334320783615 and parameters: {'lr': 0.0001, 'gamma': 0.99, 'max_grad_norm': 0.001, 'tau': 0.9}. Best is trial 0 with value: -0.09433334320783615.
[I 2024-12-01 01:59:55,907] Trial 115 finished with value: -0.09433334320783615 and parameters: {'lr': 0.001, 'gamma': 0.99, 'max_grad_norm': 0.01, 'tau': 0.85}. Best is trial 0 with value: -0.09433334320783615.
[I 2024-12-01 02:07:02,324] Trial 116 finished with value: -0.10108333081007004 and parameters: {'lr': 0.0001, 'gamma': 0.9, 'max_grad_norm': 0.1, 'tau': 1.0}. Best is trial 0 with value: -0.09433334320783615.
[I 2024-12-01 02:14:10,768] Trial 117 finished with value: -0.10783333331346512 and parameters: {'lr': 1e-05, 'gamma': 0.95, 'max_grad_norm': 0.001, 'tau': 0.95}. Best is trial 0 with value: -0.09433334320783615.
[I 2024-12-01 02:21:15,024] Trial 118 finished with value: -0.09433334320783615 and parameters: {'lr': 0.01, 'gamma': 0.8, 'max_grad_norm': 0.01, 'tau': 1.0}. Best is trial 0 with value: -0.09433334320783615.
[I 2024-12-01 02:28:20,381] Trial 119 finished with value: -0.10108333826065063 and parameters: {'lr': 0.0001, 'gamma': 0.9, 'max_grad_norm': 0.001, 'tau': 0.9}. Best is trial 0 with value: -0.09433334320783615.
[I 2024-12-01 02:35:25,737] Trial 120 finished with value: -0.09433334320783615 and parameters: {'lr': 0.0001, 'gamma': 0.99, 'max_grad_norm': 0.001, 'tau': 0.85}. Best is trial 0 with value: -0.09433334320783615.
[I 2024-12-01 02:42:31,113] Trial 121 finished with value: -0.09433334320783615 and parameters: {'lr': 0.01, 'gamma': 0.9, 'max_grad_norm': 0.01, 'tau': 0.9}. Best is trial 0 with value: -0.09433334320783615.
[I 2024-12-01 02:49:36,769] Trial 122 finished with value: -0.09433334320783615 and parameters: {'lr': 0.01, 'gamma': 0.9, 'max_grad_norm': 0.01, 'tau': 0.9}. Best is trial 0 with value: -0.09433334320783615.
[I 2024-12-01 02:56:40,034] Trial 123 finished with value: -0.09433334320783615 and parameters: {'lr': 0.01, 'gamma': 0.9, 'max_grad_norm': 0.01, 'tau': 0.9}. Best is trial 0 with value: -0.09433334320783615.
[I 2024-12-01 03:03:43,370] Trial 124 finished with value: -0.09433334320783615 and parameters: {'lr': 0.01, 'gamma': 0.9, 'max_grad_norm': 0.01, 'tau': 0.9}. Best is trial 0 with value: -0.09433334320783615.
[I 2024-12-01 03:10:50,963] Trial 125 finished with value: -0.10783333331346512 and parameters: {'lr': 0.01, 'gamma': 0.8, 'max_grad_norm': 0.1, 'tau': 1.0}. Best is trial 0 with value: -0.09433334320783615.
[I 2024-12-01 03:17:58,092] Trial 126 finished with value: -0.10783333331346512 and parameters: {'lr': 0.001, 'gamma': 0.9, 'max_grad_norm': 0.01, 'tau': 0.95}. Best is trial 0 with value: -0.09433334320783615.
[I 2024-12-01 03:25:07,529] Trial 127 finished with value: -0.10783333331346512 and parameters: {'lr': 0.01, 'gamma': 0.85, 'max_grad_norm': 0.001, 'tau': 0.85}. Best is trial 0 with value: -0.09433334320783615.
[I 2024-12-01 03:32:12,062] Trial 128 finished with value: -0.09433334320783615 and parameters: {'lr': 0.0001, 'gamma': 0.95, 'max_grad_norm': 0.01, 'tau': 1.0}. Best is trial 0 with value: -0.09433334320783615.
[I 2024-12-01 03:39:16,703] Trial 129 finished with value: -0.09433334320783615 and parameters: {'lr': 1e-05, 'gamma': 0.9, 'max_grad_norm': 0.1, 'tau': 0.9}. Best is trial 0 with value: -0.09433334320783615.
[I 2024-12-01 03:46:22,422] Trial 130 finished with value: -0.09433334320783615 and parameters: {'lr': 0.01, 'gamma': 0.99, 'max_grad_norm': 0.001, 'tau': 1.0}. Best is trial 0 with value: -0.09433334320783615.
[I 2024-12-01 03:53:30,782] Trial 131 finished with value: -0.10783333331346512 and parameters: {'lr': 0.001, 'gamma': 0.9, 'max_grad_norm': 0.01, 'tau': 0.95}. Best is trial 0 with value: -0.09433334320783615.
[I 2024-12-01 04:00:40,198] Trial 132 finished with value: -0.10783333331346512 and parameters: {'lr': 0.001, 'gamma': 0.9, 'max_grad_norm': 0.01, 'tau': 0.95}. Best is trial 0 with value: -0.09433334320783615.
[I 2024-12-01 04:07:51,530] Trial 133 finished with value: -0.10783333331346512 and parameters: {'lr': 0.001, 'gamma': 0.9, 'max_grad_norm': 0.01, 'tau': 0.95}. Best is trial 0 with value: -0.09433334320783615.
[I 2024-12-01 04:14:56,099] Trial 134 finished with value: -0.09433334320783615 and parameters: {'lr': 0.001, 'gamma': 0.9, 'max_grad_norm': 0.01, 'tau': 0.95}. Best is trial 0 with value: -0.09433334320783615.
[I 2024-12-01 04:22:03,001] Trial 135 finished with value: -0.10783333331346512 and parameters: {'lr': 0.0001, 'gamma': 0.8, 'max_grad_norm': 0.01, 'tau': 0.85}. Best is trial 0 with value: -0.09433334320783615.
[I 2024-12-01 04:29:12,847] Trial 136 finished with value: -0.10783333331346512 and parameters: {'lr': 0.001, 'gamma': 0.9, 'max_grad_norm': 0.001, 'tau': 0.95}. Best is trial 0 with value: -0.09433334320783615.
[I 2024-12-01 04:36:21,822] Trial 137 finished with value: -0.10783333331346512 and parameters: {'lr': 0.0001, 'gamma': 0.9, 'max_grad_norm': 0.01, 'tau': 1.0}. Best is trial 0 with value: -0.09433334320783615.
[I 2024-12-01 04:43:31,244] Trial 138 finished with value: -0.10783333331346512 and parameters: {'lr': 0.01, 'gamma': 0.8, 'max_grad_norm': 0.001, 'tau': 0.85}. Best is trial 0 with value: -0.09433334320783615.
[I 2024-12-01 04:50:38,252] Trial 139 finished with value: -0.10783333331346512 and parameters: {'lr': 0.0001, 'gamma': 0.99, 'max_grad_norm': 0.1, 'tau': 0.95}. Best is trial 0 with value: -0.09433334320783615.
[I 2024-12-01 04:57:43,538] Trial 140 finished with value: -0.09433334320783615 and parameters: {'lr': 1e-05, 'gamma': 0.9, 'max_grad_norm': 0.001, 'tau': 0.9}. Best is trial 0 with value: -0.09433334320783615.
[I 2024-12-01 05:04:46,951] Trial 141 finished with value: -0.09433334320783615 and parameters: {'lr': 0.01, 'gamma': 0.9, 'max_grad_norm': 0.01, 'tau': 1.0}. Best is trial 0 with value: -0.09433334320783615.
[I 2024-12-01 05:11:53,345] Trial 142 finished with value: -0.09433334320783615 and parameters: {'lr': 0.01, 'gamma': 0.9, 'max_grad_norm': 0.01, 'tau': 1.0}. Best is trial 0 with value: -0.09433334320783615.
[I 2024-12-01 05:18:57,705] Trial 143 finished with value: -0.10783333331346512 and parameters: {'lr': 0.01, 'gamma': 0.9, 'max_grad_norm': 0.01, 'tau': 1.0}. Best is trial 0 with value: -0.09433334320783615.
[I 2024-12-01 05:26:06,848] Trial 144 finished with value: -0.10783333331346512 and parameters: {'lr': 0.01, 'gamma': 0.95, 'max_grad_norm': 0.01, 'tau': 1.0}. Best is trial 0 with value: -0.09433334320783615.
[I 2024-12-01 05:33:15,093] Trial 145 finished with value: -0.10783333331346512 and parameters: {'lr': 0.01, 'gamma': 0.9, 'max_grad_norm': 0.01, 'tau': 1.0}. Best is trial 0 with value: -0.09433334320783615.
[I 2024-12-01 05:40:20,422] Trial 146 finished with value: -0.09433334320783615 and parameters: {'lr': 0.0001, 'gamma': 0.8, 'max_grad_norm': 0.001, 'tau': 1.0}. Best is trial 0 with value: -0.09433334320783615.
[I 2024-12-01 05:47:24,801] Trial 147 finished with value: -0.09433334320783615 and parameters: {'lr': 0.01, 'gamma': 0.99, 'max_grad_norm': 0.1, 'tau': 0.85}. Best is trial 0 with value: -0.09433334320783615.
[I 2024-12-01 05:54:33,511] Trial 148 finished with value: -0.10783333331346512 and parameters: {'lr': 0.001, 'gamma': 0.9, 'max_grad_norm': 0.01, 'tau': 0.95}. Best is trial 0 with value: -0.09433334320783615.
[I 2024-12-01 06:01:41,023] Trial 149 finished with value: -0.10783333331346512 and parameters: {'lr': 0.0001, 'gamma': 0.9, 'max_grad_norm': 0.001, 'tau': 0.9}. Best is trial 0 with value: -0.09433334320783615.
[I 2024-12-01 06:08:46,571] Trial 150 finished with value: -0.09433334320783615 and parameters: {'lr': 0.01, 'gamma': 0.8, 'max_grad_norm': 0.001, 'tau': 1.0}. Best is trial 0 with value: -0.09433334320783615.
[I 2024-12-01 06:15:54,199] Trial 151 finished with value: -0.10783333331346512 and parameters: {'lr': 1e-05, 'gamma': 0.99, 'max_grad_norm': 0.1, 'tau': 1.0}. Best is trial 0 with value: -0.09433334320783615.
[I 2024-12-01 06:23:00,060] Trial 152 finished with value: -0.10783333331346512 and parameters: {'lr': 1e-05, 'gamma': 0.99, 'max_grad_norm': 0.1, 'tau': 1.0}. Best is trial 0 with value: -0.09433334320783615.
[I 2024-12-01 06:30:07,547] Trial 153 finished with value: -0.10108333081007004 and parameters: {'lr': 1e-05, 'gamma': 0.99, 'max_grad_norm': 0.1, 'tau': 1.0}. Best is trial 0 with value: -0.09433334320783615.
[I 2024-12-01 06:37:15,690] Trial 154 finished with value: -0.10783333331346512 and parameters: {'lr': 1e-05, 'gamma': 0.99, 'max_grad_norm': 0.1, 'tau': 1.0}. Best is trial 0 with value: -0.09433334320783615.
[I 2024-12-01 06:44:24,106] Trial 155 finished with value: -0.10783333331346512 and parameters: {'lr': 1e-05, 'gamma': 0.99, 'max_grad_norm': 0.1, 'tau': 0.85}. Best is trial 0 with value: -0.09433334320783615.
[I 2024-12-01 06:51:29,980] Trial 156 finished with value: -0.09433334320783615 and parameters: {'lr': 0.0001, 'gamma': 0.85, 'max_grad_norm': 0.01, 'tau': 1.0}. Best is trial 0 with value: -0.09433334320783615.
[I 2024-12-01 06:58:33,175] Trial 157 finished with value: -0.09433334320783615 and parameters: {'lr': 0.01, 'gamma': 0.95, 'max_grad_norm': 0.001, 'tau': 0.9}. Best is trial 0 with value: -0.09433334320783615.
[I 2024-12-01 07:05:41,987] Trial 158 finished with value: -0.10783333331346512 and parameters: {'lr': 0.0001, 'gamma': 0.9, 'max_grad_norm': 0.001, 'tau': 1.0}. Best is trial 0 with value: -0.09433334320783615.
[I 2024-12-01 07:12:47,708] Trial 159 finished with value: -0.10783333331346512 and parameters: {'lr': 0.001, 'gamma': 0.9, 'max_grad_norm': 0.01, 'tau': 0.95}. Best is trial 0 with value: -0.09433334320783615.
[I 2024-12-01 07:19:53,594] Trial 160 finished with value: -0.10783333331346512 and parameters: {'lr': 0.0001, 'gamma': 0.99, 'max_grad_norm': 0.1, 'tau': 0.85}. Best is trial 0 with value: -0.09433334320783615.
[I 2024-12-01 07:26:57,691] Trial 161 finished with value: -0.09833334386348724 and parameters: {'lr': 1e-05, 'gamma': 0.8, 'max_grad_norm': 0.1, 'tau': 1.0}. Best is trial 0 with value: -0.09433334320783615.
[I 2024-12-01 07:34:03,795] Trial 162 finished with value: -0.10108333826065063 and parameters: {'lr': 1e-05, 'gamma': 0.8, 'max_grad_norm': 0.1, 'tau': 1.0}. Best is trial 0 with value: -0.09433334320783615.
