--- Installing dependencies ---
Defaulting to user installation because normal site-packages is not writeable

[notice] A new release of pip is available: 24.2 -> 24.3.1
[notice] To update, run: pip install --upgrade pip
ERROR: Could not open requirements file: [Errno 2] No such file or directory: 'requirements.txt'
--- Running main.py ---
[I 2025-01-10 17:08:46,106] A new study created in memory with name: no-name-c63828ec-bcfc-43f0-9b59-65b149d28f89
[I 2025-01-10 20:30:43,269] Trial 0 finished with value: -0.116654172539711 and parameters: {'lr': 1e-06, 'gamma': 0.85, 'max_grad_norm': 1.0, 'lmbda': 0.95, 'clip_epsilon': 0.3, 'entropy_coef': 0.0}. Best is trial 0 with value: -0.116654172539711.
[I 2025-01-11 03:27:54,480] Trial 1 finished with value: -0.1328333467245102 and parameters: {'lr': 0.001, 'gamma': 0.95, 'max_grad_norm': 1.5, 'lmbda': 0.9, 'clip_epsilon': 0.1, 'entropy_coef': 0.0}. Best is trial 0 with value: -0.116654172539711.
[I 2025-01-11 06:13:35,761] Trial 2 finished with value: -0.11842500418424606 and parameters: {'lr': 1e-07, 'gamma': 0.9, 'max_grad_norm': 2.0, 'lmbda': 0.95, 'clip_epsilon': 0.2, 'entropy_coef': 0.01}. Best is trial 0 with value: -0.116654172539711.
[I 2025-01-11 09:01:06,194] Trial 3 finished with value: -0.11748750507831573 and parameters: {'lr': 1e-05, 'gamma': 0.9, 'max_grad_norm': 2.0, 'lmbda': 1.0, 'clip_epsilon': 0.1, 'entropy_coef': 0.0001}. Best is trial 0 with value: -0.116654172539711.
[I 2025-01-11 15:30:05,423] Trial 4 finished with value: -0.14499999582767487 and parameters: {'lr': 0.001, 'gamma': 0.85, 'max_grad_norm': 0.5, 'lmbda': 0.9, 'clip_epsilon': 0.2, 'entropy_coef': 0.0001}. Best is trial 0 with value: -0.116654172539711.
[I 2025-01-12 01:57:40,968] Trial 5 finished with value: -0.13650000095367432 and parameters: {'lr': 0.01, 'gamma': 0.8, 'max_grad_norm': 0.5, 'lmbda': 0.95, 'clip_epsilon': 0.3, 'entropy_coef': 0.0}. Best is trial 0 with value: -0.116654172539711.
[I 2025-01-12 07:51:30,981] Trial 6 finished with value: -0.1612749993801117 and parameters: {'lr': 0.001, 'gamma': 0.8, 'max_grad_norm': 2.0, 'lmbda': 0.85, 'clip_epsilon': 0.3, 'entropy_coef': 0.01}. Best is trial 0 with value: -0.116654172539711.
[I 2025-01-12 15:26:22,203] Trial 7 finished with value: -0.12333334237337112 and parameters: {'lr': 0.001, 'gamma': 0.85, 'max_grad_norm': 1.0, 'lmbda': 1.0, 'clip_epsilon': 0.3, 'entropy_coef': 0.0001}. Best is trial 0 with value: -0.116654172539711.
