[I 2024-12-15 04:13:59,191] Trial 191 finished with value: -0.0991833359003067 and parameters: {'lr': 1e-05, 'gamma': 0.99, 'max_grad_norm': 0.5, 'lmbda': 1.0, 'clip_epsilon': 0.3, 'entropy_coef': 0.0001}. Best is trial 162 with value: -0.09771666675806046.
[I 2024-12-15 04:26:16,021] Trial 192 finished with value: -0.10189999639987946 and parameters: {'lr': 1e-05, 'gamma': 0.99, 'max_grad_norm': 0.5, 'lmbda': 1.0, 'clip_epsilon': 0.3, 'entropy_coef': 0.0001}. Best is trial 162 with value: -0.09771666675806046.
[I 2024-12-15 04:38:27,751] Trial 193 finished with value: -0.10286667197942734 and parameters: {'lr': 1e-05, 'gamma': 0.99, 'max_grad_norm': 0.5, 'lmbda': 1.0, 'clip_epsilon': 0.3, 'entropy_coef': 0.0001}. Best is trial 162 with value: -0.09771666675806046.
[I 2024-12-15 04:50:40,838] Trial 194 finished with value: -0.0987333282828331 and parameters: {'lr': 1e-05, 'gamma': 0.99, 'max_grad_norm': 0.5, 'lmbda': 1.0, 'clip_epsilon': 0.3, 'entropy_coef': 0.0001}. Best is trial 162 with value: -0.09771666675806046.
[I 2024-12-15 05:02:54,734] Trial 195 finished with value: -0.1072833389043808 and parameters: {'lr': 1e-05, 'gamma': 0.99, 'max_grad_norm': 0.5, 'lmbda': 1.0, 'clip_epsilon': 0.3, 'entropy_coef': 0.0001}. Best is trial 162 with value: -0.09771666675806046.
[I 2024-12-15 05:15:07,762] Trial 196 finished with value: -0.10494999587535858 and parameters: {'lr': 1e-05, 'gamma': 0.99, 'max_grad_norm': 0.5, 'lmbda': 0.95, 'clip_epsilon': 0.3, 'entropy_coef': 0.001}. Best is trial 162 with value: -0.09771666675806046.
[I 2024-12-15 05:27:17,219] Trial 197 finished with value: -0.10368333011865616 and parameters: {'lr': 1e-05, 'gamma': 0.99, 'max_grad_norm': 0.5, 'lmbda': 1.0, 'clip_epsilon': 0.3, 'entropy_coef': 0.0001}. Best is trial 162 with value: -0.09771666675806046.
[I 2024-12-15 05:39:31,458] Trial 198 finished with value: -0.10268333554267883 and parameters: {'lr': 1e-05, 'gamma': 0.99, 'max_grad_norm': 0.5, 'lmbda': 1.0, 'clip_epsilon': 0.3, 'entropy_coef': 0.0001}. Best is trial 162 with value: -0.09771666675806046.
[I 2024-12-15 05:52:01,653] Trial 199 finished with value: -0.11661665886640549 and parameters: {'lr': 0.001, 'gamma': 0.99, 'max_grad_norm': 0.5, 'lmbda': 1.0, 'clip_epsilon': 0.3, 'entropy_coef': 0.0001}. Best is trial 162 with value: -0.09771666675806046.
[I 2024-12-15 06:04:47,903] Trial 200 finished with value: -0.11249998211860657 and parameters: {'lr': 0.01, 'gamma': 0.8, 'max_grad_norm': 1.5, 'lmbda': 1.0, 'clip_epsilon': 0.3, 'entropy_coef': 0.0001}. Best is trial 162 with value: -0.09771666675806046.
[I 2024-12-15 06:17:01,934] Trial 201 finished with value: -0.10144999623298645 and parameters: {'lr': 1e-05, 'gamma': 0.99, 'max_grad_norm': 0.5, 'lmbda': 1.0, 'clip_epsilon': 0.3, 'entropy_coef': 0.0001}. Best is trial 162 with value: -0.09771666675806046.
[I 2024-12-15 06:29:13,858] Trial 202 finished with value: -0.10303333401679993 and parameters: {'lr': 1e-05, 'gamma': 0.99, 'max_grad_norm': 0.5, 'lmbda': 1.0, 'clip_epsilon': 0.3, 'entropy_coef': 0.0001}. Best is trial 162 with value: -0.09771666675806046.
[I 2024-12-15 06:41:25,489] Trial 203 finished with value: -0.10286667197942734 and parameters: {'lr': 1e-05, 'gamma': 0.99, 'max_grad_norm': 0.5, 'lmbda': 1.0, 'clip_epsilon': 0.3, 'entropy_coef': 0.0001}. Best is trial 162 with value: -0.09771666675806046.
[I 2024-12-15 06:53:38,872] Trial 204 finished with value: -0.10356666892766953 and parameters: {'lr': 1e-05, 'gamma': 0.99, 'max_grad_norm': 0.5, 'lmbda': 1.0, 'clip_epsilon': 0.3, 'entropy_coef': 0.0001}. Best is trial 162 with value: -0.09771666675806046.
[I 2024-12-15 07:05:52,005] Trial 205 finished with value: -0.10198333859443665 and parameters: {'lr': 1e-05, 'gamma': 0.99, 'max_grad_norm': 0.5, 'lmbda': 1.0, 'clip_epsilon': 0.3, 'entropy_coef': 0.0001}. Best is trial 162 with value: -0.09771666675806046.
[I 2024-12-15 07:18:05,387] Trial 206 finished with value: -0.10218333452939987 and parameters: {'lr': 1e-05, 'gamma': 0.99, 'max_grad_norm': 0.5, 'lmbda': 1.0, 'clip_epsilon': 0.3, 'entropy_coef': 0.0001}. Best is trial 162 with value: -0.09771666675806046.
[I 2024-12-15 07:30:15,457] Trial 207 finished with value: -0.1115499958395958 and parameters: {'lr': 1e-05, 'gamma': 0.6, 'max_grad_norm': 2.0, 'lmbda': 1.0, 'clip_epsilon': 0.3, 'entropy_coef': 0.0001}. Best is trial 162 with value: -0.09771666675806046.
[I 2024-12-15 07:43:03,624] Trial 208 finished with value: -0.1081666573882103 and parameters: {'lr': 0.01, 'gamma': 0.75, 'max_grad_norm': 0.5, 'lmbda': 1.0, 'clip_epsilon': 0.3, 'entropy_coef': 0.0001}. Best is trial 162 with value: -0.09771666675806046.
[I 2024-12-15 07:55:13,281] Trial 209 finished with value: -0.10119999945163727 and parameters: {'lr': 1e-05, 'gamma': 0.99, 'max_grad_norm': 0.5, 'lmbda': 1.0, 'clip_epsilon': 0.3, 'entropy_coef': 0.0001}. Best is trial 162 with value: -0.09771666675806046.
[I 2024-12-15 08:07:26,768] Trial 210 finished with value: -0.10544999688863754 and parameters: {'lr': 1e-05, 'gamma': 0.99, 'max_grad_norm': 0.5, 'lmbda': 1.0, 'clip_epsilon': 0.3, 'entropy_coef': 0.0001}. Best is trial 162 with value: -0.09771666675806046.
[I 2024-12-15 08:19:40,427] Trial 211 finished with value: -0.10208332538604736 and parameters: {'lr': 1e-05, 'gamma': 0.99, 'max_grad_norm': 0.5, 'lmbda': 1.0, 'clip_epsilon': 0.3, 'entropy_coef': 0.0001}. Best is trial 162 with value: -0.09771666675806046.
[I 2024-12-15 08:31:53,720] Trial 212 finished with value: -0.10053332149982452 and parameters: {'lr': 1e-05, 'gamma': 0.99, 'max_grad_norm': 0.5, 'lmbda': 1.0, 'clip_epsilon': 0.3, 'entropy_coef': 0.0001}. Best is trial 162 with value: -0.09771666675806046.
[I 2024-12-15 08:44:06,547] Trial 213 finished with value: -0.10418333113193512 and parameters: {'lr': 1e-05, 'gamma': 0.99, 'max_grad_norm': 0.5, 'lmbda': 1.0, 'clip_epsilon': 0.3, 'entropy_coef': 0.0001}. Best is trial 162 with value: -0.09771666675806046.
[I 2024-12-15 08:56:17,262] Trial 214 finished with value: -0.10324999690055847 and parameters: {'lr': 1e-05, 'gamma': 0.99, 'max_grad_norm': 0.5, 'lmbda': 1.0, 'clip_epsilon': 0.3, 'entropy_coef': 0.0001}. Best is trial 162 with value: -0.09771666675806046.
[I 2024-12-15 09:08:28,499] Trial 215 finished with value: -0.10431666672229767 and parameters: {'lr': 1e-05, 'gamma': 0.99, 'max_grad_norm': 0.5, 'lmbda': 1.0, 'clip_epsilon': 0.3, 'entropy_coef': 0.0001}. Best is trial 162 with value: -0.09771666675806046.
[I 2024-12-15 09:20:41,511] Trial 216 finished with value: -0.10271667689085007 and parameters: {'lr': 1e-05, 'gamma': 0.99, 'max_grad_norm': 0.5, 'lmbda': 0.95, 'clip_epsilon': 0.3, 'entropy_coef': 0.0001}. Best is trial 162 with value: -0.09771666675806046.
[I 2024-12-15 09:32:54,238] Trial 217 finished with value: -0.10233332961797714 and parameters: {'lr': 1e-05, 'gamma': 0.99, 'max_grad_norm': 0.5, 'lmbda': 1.0, 'clip_epsilon': 0.3, 'entropy_coef': 0.0001}. Best is trial 162 with value: -0.09771666675806046.
[I 2024-12-15 09:45:07,318] Trial 218 finished with value: -0.10278332233428955 and parameters: {'lr': 1e-05, 'gamma': 0.99, 'max_grad_norm': 0.5, 'lmbda': 1.0, 'clip_epsilon': 0.3, 'entropy_coef': 0.0001}. Best is trial 162 with value: -0.09771666675806046.
[I 2024-12-15 09:57:25,471] Trial 219 finished with value: -0.105683334171772 and parameters: {'lr': 1e-05, 'gamma': 0.99, 'max_grad_norm': 0.5, 'lmbda': 1.0, 'clip_epsilon': 0.3, 'entropy_coef': 0.0001}. Best is trial 162 with value: -0.09771666675806046.
[I 2024-12-15 10:09:34,020] Trial 220 finished with value: -0.11106667667627335 and parameters: {'lr': 1e-07, 'gamma': 0.99, 'max_grad_norm': 0.5, 'lmbda': 1.0, 'clip_epsilon': 0.3, 'entropy_coef': 0.0001}. Best is trial 162 with value: -0.09771666675806046.
[I 2024-12-15 10:21:43,545] Trial 221 finished with value: -0.10980000346899033 and parameters: {'lr': 1e-05, 'gamma': 0.7, 'max_grad_norm': 0.5, 'lmbda': 1.0, 'clip_epsilon': 0.3, 'entropy_coef': 0.0001}. Best is trial 162 with value: -0.09771666675806046.
[I 2024-12-15 10:34:43,671] Trial 222 finished with value: -0.10783332586288452 and parameters: {'lr': 0.01, 'gamma': 0.8, 'max_grad_norm': 0.5, 'lmbda': 1.0, 'clip_epsilon': 0.3, 'entropy_coef': 0.0001}. Best is trial 162 with value: -0.09771666675806046.
[I 2024-12-15 10:47:18,726] Trial 223 finished with value: -0.1111999973654747 and parameters: {'lr': 1e-06, 'gamma': 0.99, 'max_grad_norm': 0.5, 'lmbda': 1.0, 'clip_epsilon': 0.3, 'entropy_coef': 0.0001}. Best is trial 162 with value: -0.09771666675806046.
[I 2024-12-15 10:59:33,325] Trial 224 finished with value: -0.10973332822322845 and parameters: {'lr': 1e-05, 'gamma': 0.85, 'max_grad_norm': 0.5, 'lmbda': 1.0, 'clip_epsilon': 0.3, 'entropy_coef': 0.001}. Best is trial 162 with value: -0.09771666675806046.
[I 2024-12-15 11:11:45,098] Trial 225 finished with value: -0.1099499985575676 and parameters: {'lr': 1e-05, 'gamma': 0.99, 'max_grad_norm': 0.5, 'lmbda': 1.0, 'clip_epsilon': 0.3, 'entropy_coef': 0.0001}. Best is trial 162 with value: -0.09771666675806046.
[I 2024-12-15 11:24:14,760] Trial 226 finished with value: -0.11151666194200516 and parameters: {'lr': 0.001, 'gamma': 0.99, 'max_grad_norm': 0.5, 'lmbda': 1.0, 'clip_epsilon': 0.2, 'entropy_coef': 0.0001}. Best is trial 162 with value: -0.09771666675806046.
[I 2024-12-15 11:36:27,756] Trial 227 finished with value: -0.09970000386238098 and parameters: {'lr': 1e-05, 'gamma': 0.99, 'max_grad_norm': 0.5, 'lmbda': 1.0, 'clip_epsilon': 0.3, 'entropy_coef': 0.0001}. Best is trial 162 with value: -0.09771666675806046.
[I 2024-12-15 11:48:41,086] Trial 228 finished with value: -0.10285000503063202 and parameters: {'lr': 1e-05, 'gamma': 0.99, 'max_grad_norm': 1.5, 'lmbda': 1.0, 'clip_epsilon': 0.3, 'entropy_coef': 0.0001}. Best is trial 162 with value: -0.09771666675806046.
[I 2024-12-15 12:00:56,514] Trial 229 finished with value: -0.10288333147764206 and parameters: {'lr': 1e-05, 'gamma': 0.99, 'max_grad_norm': 0.5, 'lmbda': 1.0, 'clip_epsilon': 0.3, 'entropy_coef': 0.0001}. Best is trial 162 with value: -0.09771666675806046.
[I 2024-12-15 12:13:09,770] Trial 230 finished with value: -0.10081666707992554 and parameters: {'lr': 1e-05, 'gamma': 0.99, 'max_grad_norm': 2.0, 'lmbda': 1.0, 'clip_epsilon': 0.3, 'entropy_coef': 0.0001}. Best is trial 162 with value: -0.09771666675806046.
[I 2024-12-15 12:25:23,373] Trial 231 finished with value: -0.10266666114330292 and parameters: {'lr': 1e-05, 'gamma': 0.99, 'max_grad_norm': 2.0, 'lmbda': 1.0, 'clip_epsilon': 0.3, 'entropy_coef': 0.0001}. Best is trial 162 with value: -0.09771666675806046.
[I 2024-12-15 12:37:37,095] Trial 232 finished with value: -0.10261666774749756 and parameters: {'lr': 1e-05, 'gamma': 0.99, 'max_grad_norm': 0.5, 'lmbda': 1.0, 'clip_epsilon': 0.3, 'entropy_coef': 0.0001}. Best is trial 162 with value: -0.09771666675806046.
