[I 2024-12-14 02:46:26,870] Trial 102 finished with value: -0.09433333575725555 and parameters: {'lr': 0.001, 'gamma': 0.85, 'max_grad_norm': 2.0, 'tau': 0.1}. Best is trial 10 with value: -0.09433333575725555.
[I 2024-12-14 02:52:26,791] Trial 103 finished with value: -0.10783333331346512 and parameters: {'lr': 0.001, 'gamma': 0.85, 'max_grad_norm': 2.0, 'tau': 0.1}. Best is trial 10 with value: -0.09433333575725555.
[I 2024-12-14 02:58:27,602] Trial 104 finished with value: -0.10783333331346512 and parameters: {'lr': 0.001, 'gamma': 0.85, 'max_grad_norm': 2.0, 'tau': 0.1}. Best is trial 10 with value: -0.09433333575725555.
[I 2024-12-14 03:04:28,726] Trial 105 finished with value: -0.09433333575725555 and parameters: {'lr': 0.001, 'gamma': 0.8, 'max_grad_norm': 0.5, 'tau': 0.1}. Best is trial 10 with value: -0.09433333575725555.
[I 2024-12-14 03:10:27,900] Trial 106 finished with value: -0.09433333575725555 and parameters: {'lr': 0.001, 'gamma': 0.85, 'max_grad_norm': 2.0, 'tau': 0.1}. Best is trial 10 with value: -0.09433333575725555.
[I 2024-12-14 03:16:25,177] Trial 107 finished with value: -0.10783333331346512 and parameters: {'lr': 0.001, 'gamma': 0.99, 'max_grad_norm': 1.0, 'tau': 0.1}. Best is trial 10 with value: -0.09433333575725555.
[I 2024-12-14 03:22:21,224] Trial 108 finished with value: -0.09433333575725555 and parameters: {'lr': 0.001, 'gamma': 0.85, 'max_grad_norm': 2.0, 'tau': 0.001}. Best is trial 10 with value: -0.09433333575725555.
[I 2024-12-14 03:28:17,922] Trial 109 finished with value: -0.1112000048160553 and parameters: {'lr': 0.0001, 'gamma': 0.9, 'max_grad_norm': 2.0, 'tau': 0.1}. Best is trial 10 with value: -0.09433333575725555.
[I 2024-12-14 03:34:17,754] Trial 110 finished with value: -0.10633334517478943 and parameters: {'lr': 0.001, 'gamma': 0.8, 'max_grad_norm': 2.0, 'tau': 0.1}. Best is trial 10 with value: -0.09433333575725555.
[I 2024-12-14 03:40:15,830] Trial 111 finished with value: -0.09433333575725555 and parameters: {'lr': 0.001, 'gamma': 0.99, 'max_grad_norm': 1.5, 'tau': 0.1}. Best is trial 10 with value: -0.09433333575725555.
[I 2024-12-14 03:46:13,157] Trial 112 finished with value: -0.09433333575725555 and parameters: {'lr': 0.001, 'gamma': 0.99, 'max_grad_norm': 1.5, 'tau': 0.1}. Best is trial 10 with value: -0.09433333575725555.
[I 2024-12-14 03:52:07,613] Trial 113 finished with value: -0.10783333331346512 and parameters: {'lr': 0.001, 'gamma': 0.99, 'max_grad_norm': 1.5, 'tau': 0.1}. Best is trial 10 with value: -0.09433333575725555.
[I 2024-12-14 03:58:04,686] Trial 114 finished with value: -0.09433333575725555 and parameters: {'lr': 0.001, 'gamma': 0.99, 'max_grad_norm': 1.5, 'tau': 0.1}. Best is trial 10 with value: -0.09433333575725555.
[I 2024-12-14 04:04:01,962] Trial 115 finished with value: -0.10783333331346512 and parameters: {'lr': 0.001, 'gamma': 0.99, 'max_grad_norm': 1.5, 'tau': 0.1}. Best is trial 10 with value: -0.09433333575725555.
[I 2024-12-14 04:09:57,406] Trial 116 finished with value: -0.1221500039100647 and parameters: {'lr': 0.01, 'gamma': 0.85, 'max_grad_norm': 2.0, 'tau': 0.1}. Best is trial 10 with value: -0.09433333575725555.
[I 2024-12-14 04:15:56,614] Trial 117 finished with value: -0.09433333575725555 and parameters: {'lr': 0.001, 'gamma': 0.85, 'max_grad_norm': 1.0, 'tau': 0.01}. Best is trial 10 with value: -0.09433333575725555.
[I 2024-12-14 04:21:52,120] Trial 118 finished with value: -0.12016667425632477 and parameters: {'lr': 1e-05, 'gamma': 0.95, 'max_grad_norm': 2.0, 'tau': 0.1}. Best is trial 10 with value: -0.09433333575725555.
[I 2024-12-14 04:27:51,000] Trial 119 finished with value: -0.09433333575725555 and parameters: {'lr': 0.001, 'gamma': 0.8, 'max_grad_norm': 2.0, 'tau': 0.1}. Best is trial 10 with value: -0.09433333575725555.
[I 2024-12-14 04:33:49,263] Trial 120 finished with value: -0.10783333331346512 and parameters: {'lr': 0.001, 'gamma': 0.99, 'max_grad_norm': 2.0, 'tau': 0.1}. Best is trial 10 with value: -0.09433333575725555.
[I 2024-12-14 04:39:49,197] Trial 121 finished with value: -0.10783333331346512 and parameters: {'lr': 0.001, 'gamma': 0.9, 'max_grad_norm': 2.0, 'tau': 0.1}. Best is trial 10 with value: -0.09433333575725555.
[I 2024-12-14 04:45:45,708] Trial 122 finished with value: -0.09433333575725555 and parameters: {'lr': 0.001, 'gamma': 0.9, 'max_grad_norm': 2.0, 'tau': 0.1}. Best is trial 10 with value: -0.09433333575725555.
[I 2024-12-14 04:51:45,908] Trial 123 finished with value: -0.10783333331346512 and parameters: {'lr': 0.001, 'gamma': 0.9, 'max_grad_norm': 2.0, 'tau': 0.1}. Best is trial 10 with value: -0.09433333575725555.
[I 2024-12-14 04:57:46,424] Trial 124 finished with value: -0.09433333575725555 and parameters: {'lr': 0.001, 'gamma': 0.9, 'max_grad_norm': 2.0, 'tau': 0.1}. Best is trial 10 with value: -0.09433333575725555.



VDN OPTUNA






VDN OPTUNA



[CONFIRMED] Environment variable exists: SUMO_HOME
[SUCCESS] Added module directory: /usr/share/sumo/tools
 Retrying in 1 seconds
[CONFIRMED] Environment variable exists: SUMO_HOME
[SUCCESS] Added module directory: /usr/share/sumo/tools
 Retrying in 1 seconds
[CONFIRMED] Environment variable exists: SUMO_HOME
[SUCCESS] Added module directory: /usr/share/sumo/tools
 Retrying in 1 seconds
[CONFIRMED] Environment variable exists: SUMO_HOME
[SUCCESS] Added module directory: /usr/share/sumo/tools
 Retrying in 1 seconds
[CONFIRMED] Environment variable exists: SUMO_HOME
[SUCCESS] Added module directory: /usr/share/sumo/tools
 Retrying in 1 seconds
[CONFIRMED] Environment variable exists: SUMO_HOME
[SUCCESS] Added module directory: /usr/share/sumo/tools
 Retrying in 1 seconds
[CONFIRMED] Environment variable exists: SUMO_HOME
[SUCCESS] Added module directory: /usr/share/sumo/tools
 Retrying in 1 seconds
[CONFIRMED] Environment variable exists: SUMO_HOME
[SUCCESS] Added module directory: /usr/share/sumo/tools
 Retrying in 1 seconds
[CONFIRMED] Environment variable exists: SUMO_HOME
[SUCCESS] Added module directory: /usr/share/sumo/tools
 Retrying in 1 seconds
[CONFIRMED] Environment variable exists: SUMO_HOME
[SUCCESS] Added module directory: /usr/share/sumo/tools
 Retrying in 1 seconds
[CONFIRMED] Environment variable exists: SUMO_HOME
[SUCCESS] Added module directory: /usr/share/sumo/tools
 Retrying in 1 seconds
[CONFIRMED] Environment variable exists: SUMO_HOME
[SUCCESS] Added module directory: /usr/share/sumo/tools
 Retrying in 1 seconds
[CONFIRMED] Environment variable exists: SUMO_HOME
[SUCCESS] Added module directory: /usr/share/sumo/tools
 Retrying in 1 seconds
[CONFIRMED] Environment variable exists: SUMO_HOME
[SUCCESS] Added module directory: /usr/share/sumo/tools
 Retrying in 1 seconds
[CONFIRMED] Environment variable exists: SUMO_HOME
[SUCCESS] Added module directory: /usr/share/sumo/tools
 Retrying in 1 seconds
[CONFIRMED] Environment variable exists: SUMO_HOME
[SUCCESS] Added module directory: /usr/share/sumo/tools
 Retrying in 1 seconds
[CONFIRMED] Environment variable exists: SUMO_HOME
[SUCCESS] Added module directory: /usr/share/sumo/tools
 Retrying in 1 seconds
[CONFIRMED] Environment variable exists: SUMO_HOME
[SUCCESS] Added module directory: /usr/share/sumo/tools
 Retrying in 1 seconds
[CONFIRMED] Environment variable exists: SUMO_HOME
[SUCCESS] Added module directory: /usr/share/sumo/tools
 Retrying in 1 seconds
[CONFIRMED] Environment variable exists: SUMO_HOME
[SUCCESS] Added module directory: /usr/share/sumo/tools
 Retrying in 1 seconds
[CONFIRMED] Environment variable exists: SUMO_HOME
[SUCCESS] Added module directory: /usr/share/sumo/tools
 Retrying in 1 seconds
[CONFIRMED] Environment variable exists: SUMO_HOME
[SUCCESS] Added module directory: /usr/share/sumo/tools
 Retrying in 1 seconds
[CONFIRMED] Environment variable exists: SUMO_HOME
[SUCCESS] Added module directory: /usr/share/sumo/tools
 Retrying in 1 seconds
[CONFIRMED] Environment variable exists: SUMO_HOME
[SUCCESS] Added module directory: /usr/share/sumo/tools
 Retrying in 1 seconds
[CONFIRMED] Environment variable exists: SUMO_HOME
[SUCCESS] Added module directory: /usr/share/sumo/tools
 Retrying in 1 seconds
[CONFIRMED] Environment variable exists: SUMO_HOME
[SUCCESS] Added module directory: /usr/share/sumo/tools
 Retrying in 1 seconds
[CONFIRMED] Environment variable exists: SUMO_HOME
[SUCCESS] Added module directory: /usr/share/sumo/tools
 Retrying in 1 seconds
[CONFIRMED] Environment variable exists: SUMO_HOME
[SUCCESS] Added module directory: /usr/share/sumo/tools
 Retrying in 1 seconds
[CONFIRMED] Environment variable exists: SUMO_HOME
[SUCCESS] Added module directory: /usr/share/sumo/tools
 Retrying in 1 seconds
[CONFIRMED] Environment variable exists: SUMO_HOME
[SUCCESS] Added module directory: /usr/share/sumo/tools
 Retrying in 1 seconds
[CONFIRMED] Environment variable exists: SUMO_HOME
[SUCCESS] Added module directory: /usr/share/sumo/tools
 Retrying in 1 seconds
[CONFIRMED] Environment variable exists: SUMO_HOME
[SUCCESS] Added module directory: /usr/share/sumo/tools
 Retrying in 1 seconds
[CONFIRMED] Environment variable exists: SUMO_HOME
[SUCCESS] Added module directory: /usr/share/sumo/tools
 Retrying in 1 seconds
[CONFIRMED] Environment variable exists: SUMO_HOME
[SUCCESS] Added module directory: /usr/share/sumo/tools
 Retrying in 1 seconds
[CONFIRMED] Environment variable exists: SUMO_HOME
[SUCCESS] Added module directory: /usr/share/sumo/tools
 Retrying in 1 seconds
[CONFIRMED] Environment variable exists: SUMO_HOME
[SUCCESS] Added module directory: /usr/share/sumo/tools
 Retrying in 1 seconds
[CONFIRMED] Environment variable exists: SUMO_HOME
[SUCCESS] Added module directory: /usr/share/sumo/tools
 Retrying in 1 seconds
[CONFIRMED] Environment variable exists: SUMO_HOME
[SUCCESS] Added module directory: /usr/share/sumo/tools
 Retrying in 1 seconds
[CONFIRMED] Environment variable exists: SUMO_HOME
[SUCCESS] Added module directory: /usr/share/sumo/tools
 Retrying in 1 seconds
[CONFIRMED] Environment variable exists: SUMO_HOME
[SUCCESS] Added module directory: /usr/share/sumo/tools
 Retrying in 1 seconds
[CONFIRMED] Environment variable exists: SUMO_HOME
[SUCCESS] Added module directory: /usr/share/sumo/tools
 Retrying in 1 seconds
[CONFIRMED] Environment variable exists: SUMO_HOME
[SUCCESS] Added module directory: /usr/share/sumo/tools
 Retrying in 1 seconds
[CONFIRMED] Environment variable exists: SUMO_HOME
[SUCCESS] Added module directory: /usr/share/sumo/tools
 Retrying in 1 seconds
[CONFIRMED] Environment variable exists: SUMO_HOME
[SUCCESS] Added module directory: /usr/share/sumo/tools
 Retrying in 1 seconds
[CONFIRMED] Environment variable exists: SUMO_HOME
[SUCCESS] Added module directory: /usr/share/sumo/tools
 Retrying in 1 seconds
[CONFIRMED] Environment variable exists: SUMO_HOME
[SUCCESS] Added module directory: /usr/share/sumo/tools
 Retrying in 1 seconds
[CONFIRMED] Environment variable exists: SUMO_HOME
[SUCCESS] Added module directory: /usr/share/sumo/tools
 Retrying in 1 seconds
[CONFIRMED] Environment variable exists: SUMO_HOME
[SUCCESS] Added module directory: /usr/share/sumo/tools
 Retrying in 1 seconds
[CONFIRMED] Environment variable exists: SUMO_HOME
[SUCCESS] Added module directory: /usr/share/sumo/tools
 Retrying in 1 seconds
[CONFIRMED] Environment variable exists: SUMO_HOME
[SUCCESS] Added module directory: /usr/share/sumo/tools
 Retrying in 1 seconds
[CONFIRMED] Environment variable exists: SUMO_HOME
[SUCCESS] Added module directory: /usr/share/sumo/tools
 Retrying in 1 seconds
[CONFIRMED] Environment variable exists: SUMO_HOME
[SUCCESS] Added module directory: /usr/share/sumo/tools
 Retrying in 1 seconds
[CONFIRMED] Environment variable exists: SUMO_HOME
[SUCCESS] Added module directory: /usr/share/sumo/tools
 Retrying in 1 seconds
[CONFIRMED] Environment variable exists: SUMO_HOME
[SUCCESS] Added module directory: /usr/share/sumo/tools
 Retrying in 1 seconds
[CONFIRMED] Environment variable exists: SUMO_HOME
[SUCCESS] Added module directory: /usr/share/sumo/tools
 Retrying in 1 seconds
[CONFIRMED] Environment variable exists: SUMO_HOME
[SUCCESS] Added module directory: /usr/share/sumo/tools
 Retrying in 1 seconds
[CONFIRMED] Environment variable exists: SUMO_HOME
[SUCCESS] Added module directory: /usr/share/sumo/tools
 Retrying in 1 seconds
[CONFIRMED] Environment variable exists: SUMO_HOME
[SUCCESS] Added module directory: /usr/share/sumo/tools
 Retrying in 1 seconds
[CONFIRMED] Environment variable exists: SUMO_HOME
[SUCCESS] Added module directory: /usr/share/sumo/tools
 Retrying in 1 seconds
[CONFIRMED] Environment variable exists: SUMO_HOME
[SUCCESS] Added module directory: /usr/share/sumo/tools
 Retrying in 1 seconds
[CONFIRMED] Environment variable exists: SUMO_HOME
[SUCCESS] Added module directory: /usr/share/sumo/tools
 Retrying in 1 seconds
[CONFIRMED] Environment variable exists: SUMO_HOME
[SUCCESS] Added module directory: /usr/share/sumo/tools
 Retrying in 1 seconds
[CONFIRMED] Environment variable exists: SUMO_HOME
[I 2024-12-14 05:03:44,880] Trial 125 finished with value: -0.09433333575725555 and parameters: {'lr': 0.001, 'gamma': 0.85, 'max_grad_norm': 2.0, 'tau': 0.1}. Best is trial 10 with value: -0.09433333575725555.
[I 2024-12-14 05:09:44,505] Trial 126 finished with value: -0.10783333331346512 and parameters: {'lr': 0.001, 'gamma': 0.9, 'max_grad_norm': 0.5, 'tau': 0.1}. Best is trial 10 with value: -0.09433333575725555.
[I 2024-12-14 05:15:43,813] Trial 127 finished with value: -0.09433333575725555 and parameters: {'lr': 0.01, 'gamma': 0.85, 'max_grad_norm': 2.0, 'tau': 0.1}. Best is trial 10 with value: -0.09433333575725555.
[I 2024-12-14 05:21:43,764] Trial 128 finished with value: -0.10783333331346512 and parameters: {'lr': 0.001, 'gamma': 0.8, 'max_grad_norm': 2.0, 'tau': 0.001}. Best is trial 10 with value: -0.09433333575725555.
[I 2024-12-14 05:27:44,550] Trial 129 finished with value: -0.09433333575725555 and parameters: {'lr': 0.001, 'gamma': 0.99, 'max_grad_norm': 1.0, 'tau': 0.1}. Best is trial 10 with value: -0.09433333575725555.
[I 2024-12-14 05:33:44,259] Trial 130 finished with value: -0.09433333575725555 and parameters: {'lr': 0.001, 'gamma': 0.9, 'max_grad_norm': 2.0, 'tau': 0.1}. Best is trial 10 with value: -0.09433333575725555.
[I 2024-12-14 05:39:44,531] Trial 131 finished with value: -0.10783333331346512 and parameters: {'lr': 0.001, 'gamma': 0.99, 'max_grad_norm': 1.0, 'tau': 0.1}. Best is trial 10 with value: -0.09433333575725555.
[I 2024-12-14 05:45:45,086] Trial 132 finished with value: -0.10633334517478943 and parameters: {'lr': 0.001, 'gamma': 0.99, 'max_grad_norm': 1.0, 'tau': 0.1}. Best is trial 10 with value: -0.09433333575725555.
[I 2024-12-14 05:51:44,706] Trial 133 finished with value: -0.10618333518505096 and parameters: {'lr': 0.001, 'gamma': 0.99, 'max_grad_norm': 1.0, 'tau': 0.1}. Best is trial 10 with value: -0.09433333575725555.
[I 2024-12-14 05:57:43,227] Trial 134 finished with value: -0.10633334517478943 and parameters: {'lr': 0.001, 'gamma': 0.99, 'max_grad_norm': 1.0, 'tau': 0.1}. Best is trial 10 with value: -0.09433333575725555.
[I 2024-12-14 06:03:43,396] Trial 135 finished with value: -0.10633334517478943 and parameters: {'lr': 0.0001, 'gamma': 0.85, 'max_grad_norm': 2.0, 'tau': 0.1}. Best is trial 10 with value: -0.09433333575725555.
[I 2024-12-14 06:09:43,953] Trial 136 finished with value: -0.10633334517478943 and parameters: {'lr': 0.001, 'gamma': 0.99, 'max_grad_norm': 1.0, 'tau': 0.1}. Best is trial 10 with value: -0.09433333575725555.
[I 2024-12-14 06:15:43,993] Trial 137 finished with value: -0.10783333331346512 and parameters: {'lr': 0.001, 'gamma': 0.85, 'max_grad_norm': 2.0, 'tau': 0.1}. Best is trial 10 with value: -0.09433333575725555.
[I 2024-12-14 06:21:44,051] Trial 138 finished with value: -0.09433333575725555 and parameters: {'lr': 0.001, 'gamma': 0.8, 'max_grad_norm': 1.5, 'tau': 0.1}. Best is trial 10 with value: -0.09433333575725555.
[I 2024-12-14 06:27:45,300] Trial 139 finished with value: -0.11083333194255829 and parameters: {'lr': 0.01, 'gamma': 0.85, 'max_grad_norm': 2.0, 'tau': 0.1}. Best is trial 10 with value: -0.09433333575725555.
[I 2024-12-14 06:33:46,093] Trial 140 finished with value: -0.10783333331346512 and parameters: {'lr': 0.001, 'gamma': 0.99, 'max_grad_norm': 2.0, 'tau': 0.01}. Best is trial 10 with value: -0.09433333575725555.
[I 2024-12-14 06:39:42,249] Trial 141 finished with value: -0.09433333575725555 and parameters: {'lr': 0.001, 'gamma': 0.9, 'max_grad_norm': 1.0, 'tau': 0.1}. Best is trial 10 with value: -0.09433333575725555.
[I 2024-12-14 06:45:40,988] Trial 142 finished with value: -0.10783333331346512 and parameters: {'lr': 0.001, 'gamma': 0.9, 'max_grad_norm': 1.0, 'tau': 0.1}. Best is trial 10 with value: -0.09433333575725555.
[I 2024-12-14 06:51:37,306] Trial 143 finished with value: -0.09433333575725555 and parameters: {'lr': 0.001, 'gamma': 0.9, 'max_grad_norm': 1.0, 'tau': 0.1}. Best is trial 10 with value: -0.09433333575725555.
[I 2024-12-14 06:57:36,825] Trial 144 finished with value: -0.09433333575725555 and parameters: {'lr': 0.001, 'gamma': 0.9, 'max_grad_norm': 1.0, 'tau': 0.1}. Best is trial 10 with value: -0.09433333575725555.
[I 2024-12-14 07:03:36,196] Trial 145 finished with value: -0.10783333331346512 and parameters: {'lr': 0.001, 'gamma': 0.9, 'max_grad_norm': 1.0, 'tau': 0.1}. Best is trial 10 with value: -0.09433333575725555.
[I 2024-12-14 07:09:35,929] Trial 146 finished with value: -0.09433333575725555 and parameters: {'lr': 0.001, 'gamma': 0.85, 'max_grad_norm': 2.0, 'tau': 0.1}. Best is trial 10 with value: -0.09433333575725555.
[I 2024-12-14 07:15:35,217] Trial 147 finished with value: -0.10783333331346512 and parameters: {'lr': 0.001, 'gamma': 0.95, 'max_grad_norm': 2.0, 'tau': 0.1}. Best is trial 10 with value: -0.09433333575725555.
[I 2024-12-14 07:21:28,820] Trial 148 finished with value: -0.09433333575725555 and parameters: {'lr': 1e-05, 'gamma': 0.85, 'max_grad_norm': 2.0, 'tau': 0.1}. Best is trial 10 with value: -0.09433333575725555.
[I 2024-12-14 07:27:27,223] Trial 149 finished with value: -0.10783333331346512 and parameters: {'lr': 0.001, 'gamma': 0.8, 'max_grad_norm': 1.5, 'tau': 0.1}. Best is trial 10 with value: -0.09433333575725555.
[I 2024-12-14 07:33:26,815] Trial 150 finished with value: -0.09433333575725555 and parameters: {'lr': 0.001, 'gamma': 0.99, 'max_grad_norm': 0.5, 'tau': 0.001}. Best is trial 10 with value: -0.09433333575725555.
[I 2024-12-14 07:39:26,771] Trial 151 finished with value: -0.09433333575725555 and parameters: {'lr': 0.001, 'gamma': 0.9, 'max_grad_norm': 1.0, 'tau': 0.1}. Best is trial 10 with value: -0.09433333575725555.
[I 2024-12-14 07:45:26,325] Trial 152 finished with value: -0.11211666464805603 and parameters: {'lr': 0.001, 'gamma': 0.9, 'max_grad_norm': 1.0, 'tau': 0.1}. Best is trial 10 with value: -0.09433333575725555.
[I 2024-12-14 07:51:26,931] Trial 153 finished with value: -0.10633334517478943 and parameters: {'lr': 0.001, 'gamma': 0.9, 'max_grad_norm': 1.0, 'tau': 0.1}. Best is trial 10 with value: -0.09433333575725555.
[I 2024-12-14 07:57:26,446] Trial 154 finished with value: -0.10783333331346512 and parameters: {'lr': 0.001, 'gamma': 0.9, 'max_grad_norm': 1.0, 'tau': 0.1}. Best is trial 10 with value: -0.09433333575725555.
[I 2024-12-14 08:03:30,062] Trial 155 finished with value: -0.10783333331346512 and parameters: {'lr': 0.001, 'gamma': 0.9, 'max_grad_norm': 2.0, 'tau': 0.1}. Best is trial 10 with value: -0.09433333575725555.
[I 2024-12-14 08:09:32,667] Trial 156 finished with value: -0.10458333790302277 and parameters: {'lr': 0.001, 'gamma': 0.85, 'max_grad_norm': 1.0, 'tau': 0.1}. Best is trial 10 with value: -0.09433333575725555.
[I 2024-12-14 08:15:34,758] Trial 157 finished with value: -0.10783333331346512 and parameters: {'lr': 0.01, 'gamma': 0.8, 'max_grad_norm': 2.0, 'tau': 0.1}. Best is trial 10 with value: -0.09433333575725555.
[I 2024-12-14 08:21:35,295] Trial 158 finished with value: -0.11383333057165146 and parameters: {'lr': 0.001, 'gamma': 0.85, 'max_grad_norm': 2.0, 'tau': 0.1}. Best is trial 10 with value: -0.09433333575725555.
[I 2024-12-14 08:27:36,237] Trial 159 finished with value: -0.11270000040531158 and parameters: {'lr': 0.0001, 'gamma': 0.99, 'max_grad_norm': 2.0, 'tau': 0.1}. Best is trial 10 with value: -0.09433333575725555.
[I 2024-12-14 08:33:38,724] Trial 160 finished with value: -0.09433333575725555 and parameters: {'lr': 0.001, 'gamma': 0.9, 'max_grad_norm': 1.0, 'tau': 0.1}. Best is trial 10 with value: -0.09433333575725555.
[I 2024-12-14 08:39:41,002] Trial 161 finished with value: -0.10783333331346512 and parameters: {'lr': 0.001, 'gamma': 0.99, 'max_grad_norm': 1.0, 'tau': 0.01}. Best is trial 10 with value: -0.09433333575725555.
[I 2024-12-14 08:45:40,341] Trial 162 finished with value: -0.10783333331346512 and parameters: {'lr': 0.001, 'gamma': 0.99, 'max_grad_norm': 1.0, 'tau': 0.01}. Best is trial 10 with value: -0.09433333575725555.
[I 2024-12-14 08:51:42,086] Trial 163 finished with value: -0.11436665803194046 and parameters: {'lr': 0.001, 'gamma': 0.99, 'max_grad_norm': 1.0, 'tau': 0.01}. Best is trial 10 with value: -0.09433333575725555.
[I 2024-12-14 08:57:43,431] Trial 164 finished with value: -0.10783333331346512 and parameters: {'lr': 0.001, 'gamma': 0.99, 'max_grad_norm': 1.0, 'tau': 0.01}. Best is trial 10 with value: -0.09433333575725555.
[I 2024-12-14 09:03:43,428] Trial 165 finished with value: -0.10783333331346512 and parameters: {'lr': 0.001, 'gamma': 0.99, 'max_grad_norm': 2.0, 'tau': 0.01}. Best is trial 10 with value: -0.09433333575725555.
[I 2024-12-14 09:09:43,663] Trial 166 finished with value: -0.09433333575725555 and parameters: {'lr': 0.001, 'gamma': 0.85, 'max_grad_norm': 1.5, 'tau': 0.1}. Best is trial 10 with value: -0.09433333575725555.
