[I 2024-12-14 15:47:30,193] Trial 232 finished with value: -0.10783333331346512 and parameters: {'lr': 0.01, 'gamma': 0.99, 'max_grad_norm': 2.0, 'tau': 0.1}. Best is trial 10 with value: -0.09433333575725555.
[I 2024-12-14 15:53:33,677] Trial 233 finished with value: -0.09433333575725555 and parameters: {'lr': 0.01, 'gamma': 0.99, 'max_grad_norm': 2.0, 'tau': 0.1}. Best is trial 10 with value: -0.09433333575725555.
[I 2024-12-14 15:59:35,025] Trial 234 finished with value: -0.09433333575725555 and parameters: {'lr': 0.01, 'gamma': 0.99, 'max_grad_norm': 2.0, 'tau': 0.1}. Best is trial 10 with value: -0.09433333575725555.
[I 2024-12-14 16:05:36,434] Trial 235 finished with value: -0.10783333331346512 and parameters: {'lr': 0.01, 'gamma': 0.99, 'max_grad_norm': 2.0, 'tau': 0.1}. Best is trial 10 with value: -0.09433333575725555.
[I 2024-12-14 16:11:37,332] Trial 236 finished with value: -0.10783333331346512 and parameters: {'lr': 0.001, 'gamma': 0.9, 'max_grad_norm': 2.0, 'tau': 0.1}. Best is trial 10 with value: -0.09433333575725555.
[I 2024-12-14 16:17:36,222] Trial 237 finished with value: -0.10783333331346512 and parameters: {'lr': 0.001, 'gamma': 0.95, 'max_grad_norm': 0.5, 'tau': 0.01}. Best is trial 10 with value: -0.09433333575725555.
[I 2024-12-14 16:23:36,384] Trial 238 finished with value: -0.10783333331346512 and parameters: {'lr': 0.001, 'gamma': 0.99, 'max_grad_norm': 2.0, 'tau': 0.1}. Best is trial 10 with value: -0.09433333575725555.
[I 2024-12-14 16:29:34,819] Trial 239 finished with value: -0.09433333575725555 and parameters: {'lr': 0.001, 'gamma': 0.8, 'max_grad_norm': 1.0, 'tau': 0.1}. Best is trial 10 with value: -0.09433333575725555.
[SUCCESS] Added module directory: /usr/share/sumo/tools
 Retrying in 1 seconds
[CONFIRMED] Environment variable exists: SUMO_HOME
[SUCCESS] Added module directory: /usr/share/sumo/tools
 Retrying in 1 seconds
[CONFIRMED] Environment variable exists: SUMO_HOME
[SUCCESS] Added module directory: /usr/share/sumo/tools
 Retrying in 1 seconds
[CONFIRMED] Environment variable exists: SUMO_HOME
[SUCCESS] Added module directory: /usr/share/sumo/tools
 Retrying in 1 seconds
[CONFIRMED] Environment variable exists: SUMO_HOME
[SUCCESS] Added module directory: /usr/share/sumo/tools
 Retrying in 1 seconds
[CONFIRMED] Environment variable exists: SUMO_HOME
[SUCCESS] Added module directory: /usr/share/sumo/tools
 Retrying in 1 seconds
[CONFIRMED] Environment variable exists: SUMO_HOME
[SUCCESS] Added module directory: /usr/share/sumo/tools
 Retrying in 1 seconds
[CONFIRMED] Environment variable exists: SUMO_HOME
[SUCCESS] Added module directory: /usr/share/sumo/tools
 Retrying in 1 seconds
[CONFIRMED] Environment variable exists: SUMO_HOME
[SUCCESS] Added module directory: /usr/share/sumo/tools
 Retrying in 1 seconds
[CONFIRMED] Environment variable exists: SUMO_HOME
[SUCCESS] Added module directory: /usr/share/sumo/tools
 Retrying in 1 seconds
[CONFIRMED] Environment variable exists: SUMO_HOME
[SUCCESS] Added module directory: /usr/share/sumo/tools
 Retrying in 1 seconds
[CONFIRMED] Environment variable exists: SUMO_HOME
[SUCCESS] Added module directory: /usr/share/sumo/tools
 Retrying in 1 seconds
[CONFIRMED] Environment variable exists: SUMO_HOME
[SUCCESS] Added module directory: /usr/share/sumo/tools
 Retrying in 1 seconds
[CONFIRMED] Environment variable exists: SUMO_HOME
[SUCCESS] Added module directory: /usr/share/sumo/tools
 Retrying in 1 seconds
[CONFIRMED] Environment variable exists: SUMO_HOME
[SUCCESS] Added module directory: /usr/share/sumo/tools
 Retrying in 1 seconds
[CONFIRMED] Environment variable exists: SUMO_HOME
[SUCCESS] Added module directory: /usr/share/sumo/tools
 Retrying in 1 seconds
[CONFIRMED] Environment variable exists: SUMO_HOME
[SUCCESS] Added module directory: /usr/share/sumo/tools
 Retrying in 1 seconds
[CONFIRMED] Environment variable exists: SUMO_HOME
[SUCCESS] Added module directory: /usr/share/sumo/tools
 Retrying in 1 seconds
[CONFIRMED] Environment variable exists: SUMO_HOME
[SUCCESS] Added module directory: /usr/share/sumo/tools
 Retrying in 1 seconds
[CONFIRMED] Environment variable exists: SUMO_HOME
[SUCCESS] Added module directory: /usr/share/sumo/tools
 Retrying in 1 seconds
[CONFIRMED] Environment variable exists: SUMO_HOME
[SUCCESS] Added module directory: /usr/share/sumo/tools
 Retrying in 1 seconds
[CONFIRMED] Environment variable exists: SUMO_HOME
[SUCCESS] Added module directory: /usr/share/sumo/tools
 Retrying in 1 seconds
[CONFIRMED] Environment variable exists: SUMO_HOME
[SUCCESS] Added module directory: /usr/share/sumo/tools
 Retrying in 1 seconds
[CONFIRMED] Environment variable exists: SUMO_HOME
[SUCCESS] Added module directory: /usr/share/sumo/tools
 Retrying in 1 seconds
[CONFIRMED] Environment variable exists: SUMO_HOME
[SUCCESS] Added module directory: /usr/share/sumo/tools
 Retrying in 1 seconds
[CONFIRMED] Environment variable exists: SUMO_HOME
[SUCCESS] Added module directory: /usr/share/sumo/tools
 Retrying in 1 seconds
[CONFIRMED] Environment variable exists: SUMO_HOME
[SUCCESS] Added module directory: /usr/share/sumo/tools
 Retrying in 1 seconds
[CONFIRMED] Environment variable exists: SUMO_HOME
[SUCCESS] Added module directory: /usr/share/sumo/tools
 Retrying in 1 seconds
[CONFIRMED] Environment variable exists: SUMO_HOME
[SUCCESS] Added module directory: /usr/share/sumo/tools
 Retrying in 1 seconds
[CONFIRMED] Environment variable exists: SUMO_HOME
[SUCCESS] Added module directory: /usr/share/sumo/tools
 Retrying in 1 seconds
[CONFIRMED] Environment variable exists: SUMO_HOME
[SUCCESS] Added module directory: /usr/share/sumo/tools
 Retrying in 1 seconds
[CONFIRMED] Environment variable exists: SUMO_HOME
[SUCCESS] Added module directory: /usr/share/sumo/tools
 Retrying in 1 seconds
[CONFIRMED] Environment variable exists: SUMO_HOME
[SUCCESS] Added module directory: /usr/share/sumo/tools
 Retrying in 1 seconds
[CONFIRMED] Environment variable exists: SUMO_HOME
[SUCCESS] Added module directory: /usr/share/sumo/tools
 Retrying in 1 seconds
[CONFIRMED] Environment variable exists: SUMO_HOME
[SUCCESS] Added module directory: /usr/share/sumo/tools
 Retrying in 1 seconds
[CONFIRMED] Environment variable exists: SUMO_HOME
[SUCCESS] Added module directory: /usr/share/sumo/tools
 Retrying in 1 seconds
[CONFIRMED] Environment variable exists: SUMO_HOME
[SUCCESS] Added module directory: /usr/share/sumo/tools
 Retrying in 1 seconds
[CONFIRMED] Environment variable exists: SUMO_HOME
[SUCCESS] Added module directory: /usr/share/sumo/tools
 Retrying in 1 seconds
[CONFIRMED] Environment variable exists: SUMO_HOME
[SUCCESS] Added module directory: /usr/share/sumo/tools
 Retrying in 1 seconds
[CONFIRMED] Environment variable exists: SUMO_HOME
[SUCCESS] Added module directory: /usr/share/sumo/tools
 Retrying in 1 seconds
[CONFIRMED] Environment variable exists: SUMO_HOME
[SUCCESS] Added module directory: /usr/share/sumo/tools
 Retrying in 1 seconds
[CONFIRMED] Environment variable exists: SUMO_HOME
[SUCCESS] Added module directory: /usr/share/sumo/tools
 Retrying in 1 seconds
[CONFIRMED] Environment variable exists: SUMO_HOME
[SUCCESS] Added module directory: /usr/share/sumo/tools
 Retrying in 1 seconds
[CONFIRMED] Environment variable exists: SUMO_HOME
[SUCCESS] Added module directory: /usr/share/sumo/tools
 Retrying in 1 seconds
[CONFIRMED] Environment variable exists: SUMO_HOME
[SUCCESS] Added module directory: /usr/share/sumo/tools
 Retrying in 1 seconds
[CONFIRMED] Environment variable exists: SUMO_HOME
[SUCCESS] Added module directory: /usr/share/sumo/tools
 Retrying in 1 seconds
[CONFIRMED] Environment variable exists: SUMO_HOME
[SUCCESS] Added module directory: /usr/share/sumo/tools
 Retrying in 1 seconds
[CONFIRMED] Environment variable exists: SUMO_HOME
[SUCCESS] Added module directory: /usr/share/sumo/tools
 Retrying in 1 seconds
[CONFIRMED] Environment variable exists: SUMO_HOME
[SUCCESS] Added module directory: /usr/share/sumo/tools
 Retrying in 1 seconds
[CONFIRMED] Environment variable exists: SUMO_HOME
[SUCCESS] Added module directory: /usr/share/sumo/tools
 Retrying in 1 seconds
[CONFIRMED] Environment variable exists: SUMO_HOME
[SUCCESS] Added module directory: /usr/share/sumo/tools
 Retrying in 1 seconds
[CONFIRMED] Environment variable exists: SUMO_HOME
[SUCCESS] Added module directory: /usr/share/sumo/tools
 Retrying in 1 seconds
[CONFIRMED] Environment variable exists: SUMO_HOME
[SUCCESS] Added module directory: /usr/share/sumo/tools
 Retrying in 1 seconds
[CONFIRMED] Environment variable exists: SUMO_HOME
[SUCCESS] Added module directory: /usr/share/sumo/tools
 Retrying in 1 seconds
[CONFIRMED] Environment variable exists: SUMO_HOME
[SUCCESS] Added module directory: /usr/share/sumo/tools
 Retrying in 1 seconds
[CONFIRMED] Environment variable exists: SUMO_HOME
[SUCCESS] Added module directory: /usr/share/sumo/tools
 Retrying in 1 seconds
[CONFIRMED] Environment variable exists: SUMO_HOME
[SUCCESS] Added module directory: /usr/share/sumo/tools
 Retrying in 1 seconds
[CONFIRMED] Environment variable exists: SUMO_HOME
[SUCCESS] Added module directory: /usr/share/sumo/tools
 Retrying in 1 seconds
[CONFIRMED] Environment variable exists: SUMO_HOME
[SUCCESS] Added module directory: /usr/share/sumo/tools
 Retrying in 1 seconds
[CONFIRMED] Environment variable exists: SUMO_HOME
[SUCCESS] Added module directory: /usr/share/sumo/tools
 Retrying in 1 seconds
[CONFIRMED] Environment variable exists: SUMO_HOME
[SUCCESS] Added module directory: /usr/share/sumo/tools
 Retrying in 1 seconds
[CONFIRMED] Environment variable exists: SUMO_HOME
[SUCCESS] Added module directory: /usr/share/sumo/tools
 Retrying in 1 seconds
[CONFIRMED] Environment variable exists: SUMO_HOME
[SUCCESS] Added module directory: /usr/share/sumo/tools
 Retrying in 1 seconds
[CONFIRMED] Environment variable exists: SUMO_HOME
[SUCCESS] Added module directory: /usr/share/sumo/tools
 Retrying in 1 seconds
[CONFIRMED] Environment variable exists: SUMO_HOME
[SUCCESS] Added module directory: /usr/share/sumo/tools
 Retrying in 1 seconds
[CONFIRMED] Environment variable exists: SUMO_HOME
[SUCCESS] Added module directory: /usr/share/sumo/tools
 Retrying in 1 seconds
[CONFIRMED] Environment variable exists: SUMO_HOME
[SUCCESS] Added module directory: /usr/share/sumo/tools
 Retrying in 1 seconds
[CONFIRMED] Environment variable exists: SUMO_HOME
[SUCCESS] Added module directory: /usr/share/sumo/tools
 Retrying in 1 seconds
[CONFIRMED] Environment variable exists: SUMO_HOME
[SUCCESS] Added module directory: /usr/share/sumo/tools
 Retrying in 1 seconds
[CONFIRMED] Environment variable exists: SUMO_HOME
[SUCCESS] Added module directory: /usr/share/sumo/tools
 Retrying in 1 seconds
[CONFIRMED] Environment variable exists: SUMO_HOME
[SUCCESS] Added module directory: /usr/share/sumo/tools
 Retrying in 1 seconds
[CONFIRMED] Environment variable exists: SUMO_HOME
[SUCCESS] Added module directory: /usr/share/sumo/tools
 Retrying in 1 seconds
[CONFIRMED] Environment variable exists: SUMO_HOME
[SUCCESS] Added module directory: /usr/share/sumo/tools
 Retrying in 1 seconds
[CONFIRMED] Environment variable exists: SUMO_HOME
[SUCCESS] Added module directory: /usr/share/sumo/tools
 Retrying in 1 seconds
[CONFIRMED] Environment variable exists: SUMO_HOME
[SUCCESS] Added module directory: /usr/share/sumo/tools
 Retrying in 1 seconds
[CONFIRMED] Environment variable exists: SUMO_HOME
[SUCCESS] Added module directory: /usr/share/sumo/tools
 Retrying in 1 seconds
[CONFIRMED] Environment variable exists: SUMO_HOME
[SUCCESS] Added module directory: /usr/share/sumo/tools
 Retrying in 1 seconds
[CONFIRMED] Environment variable exists: SUMO_HOME
[SUCCESS] Added module directory: /usr/share/sumo/tools
 Retrying in 1 seconds
[CONFIRMED] Environment variable exists: SUMO_HOME
[SUCCESS] Added module directory: /usr/share/sumo/tools
 Retrying in 1 seconds
[CONFIRMED] Environment variable exists: SUMO_HOME
[SUCCESS] Added module directory: /usr/share/sumo/tools
 Retrying in 1 seconds
[CONFIRMED] Environment variable exists: SUMO_HOME
[SUCCESS] Added module directory: /usr/share/sumo/tools
 Retrying in 1 seconds
[CONFIRMED] Environment variable exists: SUMO_HOME
[SUCCESS] Added module directory: /usr/share/sumo/tools
 Retrying in 1 seconds
[CONFIRMED] Environment variable exists: SUMO_HOME
[SUCCESS] Added module directory: /usr/share/sumo/tools
 Retrying in 1 seconds
[CONFIRMED] Environment variable exists: SUMO_HOME
[SUCCESS] Added module directory: /usr/share/sumo/tools
 Retrying in 1 seconds
[CONFIRMED] Environment variable exists: SUMO_HOME
[SUCCESS] Added module directory: /usr/share/sumo/tools
 Retrying in 1 seconds
[CONFIRMED] Environment variable exists: SUMO_HOME
[SUCCESS] Added module directory: /usr/share/sumo/tools
 Retrying in 1 seconds
[CONFIRMED] Environment variable exists: SUMO_HOME
[SUCCESS] Added module directory: /usr/share/sumo/tools
 Retrying in 1 seconds
[CONFIRMED] Environment variable exists: SUMO_HOME
[SUCCESS] Added module directory: /usr/share/sumo/tools
 Retrying in 1 seconds
[CONFIRMED] Environment variable exists: SUMO_HOME
[SUCCESS] Added module directory: /usr/share/sumo/tools
 Retrying in 1 seconds
[CONFIRMED] Environment variable exists: SUMO_HOME
[SUCCESS] Added module directory: /usr/share/sumo/tools
 Retrying in 1 seconds
[CONFIRMED] Environment variable exists: SUMO_HOME
[SUCCESS] Added module directory: /usr/share/sumo/tools
 Retrying in 1 seconds
[CONFIRMED] Environment variable exists: SUMO_HOME
[SUCCESS] Added module directory: /usr/share/sumo/tools
 Retrying in 1 seconds
[CONFIRMED] Environment variable exists: SUMO_HOME
[SUCCESS] Added module directory: /usr/share/sumo/tools
 Retrying in 1 seconds
[CONFIRMED] Environment variable exists: SUMO_HOME
[SUCCESS] Added module directory: /usr/share/sumo/tools
 Retrying in 1 seconds
[CONFIRMED] Environment variable exists: SUMO_HOME
[SUCCESS] Added module directory: /usr/share/sumo/tools
 Retrying in 1 seconds
[CONFIRMED] Environment variable exists: SUMO_HOME
[SUCCESS] Added module directory: /usr/share/sumo/tools
 Retrying in 1 seconds
[CONFIRMED] Environment variable exists: SUMO_HOME
[SUCCESS] Added module directory: /usr/share/sumo/tools
 Retrying in 1 seconds
[CONFIRMED] Environment variable exists: SUMO_HOME
[SUCCESS] Added module directory: /usr/share/sumo/tools
 Retrying in 1 seconds
[CONFIRMED] Environment variable exists: SUMO_HOME
[SUCCESS] Added module directory: /usr/share/sumo/tools
 Retrying in 1 seconds
[CONFIRMED] Environment variable exists: SUMO_HOME
[SUCCESS] Added module directory: /usr/share/sumo/tools
 Retrying in 1 seconds
[CONFIRMED] Environment variable exists: SUMO_HOME
[SUCCESS] Added module directory: /usr/share/sumo/tools
 Retrying in 1 seconds
[CONFIRMED] Environment variable exists: SUMO_HOME
[SUCCESS] Added module directory: /usr/share/sumo/tools
 Retrying in 1 seconds
[CONFIRMED] Environment variable exists: SUMO_HOME
[SUCCESS] Added module directory: /usr/share/sumo/tools
 Retrying in 1 seconds
[CONFIRMED] Environment variable exists: SUMO_HOME
[SUCCESS] Added module directory: /usr/share/sumo/tools
 Retrying in 1 seconds
[CONFIRMED] Environment variable exists: SUMO_HOME
[SUCCESS] Added module directory: /usr/share/sumo/tools
 Retrying in 1 seconds
[CONFIRMED] Environment variable exists: SUMO_HOME
[SUCCESS] Added module directory: /usr/share/sumo/tools
 Retrying in 1 seconds
[CONFIRMED] Environment variable exists: SUMO_HOME
[SUCCESS] Added module directory: /usr/share/sumo/tools
 Retrying in 1 seconds
[CONFIRMED] Environment variable exists: SUMO_HOME
[SUCCESS] Added module directory: /usr/share/sumo/tools
 Retrying in 1 seconds
[CONFIRMED] Environment variable exists: SUMO_HOME
[SUCCESS] Added module directory: /usr/share/sumo/tools
 Retrying in 1 seconds
[CONFIRMED] Environment variable exists: SUMO_HOME
[SUCCESS] Added module directory: /usr/share/sumo/tools
 Retrying in 1 seconds
[CONFIRMED] Environment variable exists: SUMO_HOME
[SUCCESS] Added module directory: /usr/share/sumo/tools
 Retrying in 1 seconds
[CONFIRMED] Environment variable exists: SUMO_HOME
[SUCCESS] Added module directory: /usr/share/sumo/tools
 Retrying in 1 seconds
[CONFIRMED] Environment variable exists: SUMO_HOME
[SUCCESS] Added module directory: /usr/share/sumo/tools
 Retrying in 1 seconds
[CONFIRMED] Environment variable exists: SUMO_HOME
[SUCCESS] Added module directory: /usr/share/sumo/tools
 Retrying in 1 seconds
[CONFIRMED] Environment variable exists: SUMO_HOME
[SUCCESS] Added module directory: /usr/share/sumo/tools
 Retrying in 1 seconds
Best trial:
  Value: -0.09433333575725555
  Params: 
    lr: 0.001
    gamma: 0.85
    max_grad_norm: 2.0
    tau: 0.1
/home/psarou/RouteRL_two_route_net/server_scripts/cmd_container.sh: error reading input file: Stale file handle
