[I 2024-12-15 03:32:44,631] Trial 191 finished with value: -0.10246666520833969 and parameters: {'lr': 1e-05, 'gamma': 0.99, 'max_grad_norm': 2.0, 'lmbda': 0.95, 'clip_epsilon': 0.3, 'entropy_coef': 0.0001}. Best is trial 93 with value: -0.09643332660198212.
[I 2024-12-15 03:44:52,986] Trial 192 finished with value: -0.10076668113470078 and parameters: {'lr': 1e-05, 'gamma': 0.99, 'max_grad_norm': 2.0, 'lmbda': 0.95, 'clip_epsilon': 0.3, 'entropy_coef': 0.0001}. Best is trial 93 with value: -0.09643332660198212.
[I 2024-12-15 03:56:58,504] Trial 193 finished with value: -0.10095000267028809 and parameters: {'lr': 1e-05, 'gamma': 0.99, 'max_grad_norm': 2.0, 'lmbda': 0.95, 'clip_epsilon': 0.3, 'entropy_coef': 0.0001}. Best is trial 93 with value: -0.09643332660198212.
[I 2024-12-15 04:09:03,299] Trial 194 finished with value: -0.10300000011920929 and parameters: {'lr': 1e-05, 'gamma': 0.99, 'max_grad_norm': 2.0, 'lmbda': 0.95, 'clip_epsilon': 0.3, 'entropy_coef': 0.0001}. Best is trial 93 with value: -0.09643332660198212.
[I 2024-12-15 04:21:07,151] Trial 195 finished with value: -0.1009666696190834 and parameters: {'lr': 1e-05, 'gamma': 0.99, 'max_grad_norm': 2.0, 'lmbda': 0.95, 'clip_epsilon': 0.3, 'entropy_coef': 0.01}. Best is trial 93 with value: -0.09643332660198212.
[I 2024-12-15 04:33:12,578] Trial 196 finished with value: -0.10579999536275864 and parameters: {'lr': 1e-05, 'gamma': 0.99, 'max_grad_norm': 2.0, 'lmbda': 0.95, 'clip_epsilon': 0.3, 'entropy_coef': 0.0001}. Best is trial 93 with value: -0.09643332660198212.
[I 2024-12-15 04:45:17,538] Trial 197 finished with value: -0.10691667348146439 and parameters: {'lr': 1e-05, 'gamma': 0.9, 'max_grad_norm': 2.0, 'lmbda': 1.0, 'clip_epsilon': 0.3, 'entropy_coef': 0.01}. Best is trial 93 with value: -0.09643332660198212.
[I 2024-12-15 04:57:15,661] Trial 198 finished with value: -0.11191666126251221 and parameters: {'lr': 1e-07, 'gamma': 0.99, 'max_grad_norm': 2.0, 'lmbda': 0.95, 'clip_epsilon': 0.3, 'entropy_coef': 0.0001}. Best is trial 93 with value: -0.09643332660198212.
[I 2024-12-15 05:09:35,165] Trial 199 finished with value: -0.10456666350364685 and parameters: {'lr': 0.001, 'gamma': 0.99, 'max_grad_norm': 2.0, 'lmbda': 0.95, 'clip_epsilon': 0.3, 'entropy_coef': 0.01}. Best is trial 93 with value: -0.09643332660198212.
[I 2024-12-15 05:21:34,939] Trial 200 finished with value: -0.11681666225194931 and parameters: {'lr': 1e-06, 'gamma': 0.75, 'max_grad_norm': 0.5, 'lmbda': 0.95, 'clip_epsilon': 0.3, 'entropy_coef': 0.01}. Best is trial 93 with value: -0.09643332660198212.
[I 2024-12-15 05:33:37,477] Trial 201 finished with value: -0.10066666454076767 and parameters: {'lr': 1e-05, 'gamma': 0.99, 'max_grad_norm': 2.0, 'lmbda': 0.95, 'clip_epsilon': 0.3, 'entropy_coef': 0.01}. Best is trial 93 with value: -0.09643332660198212.
[I 2024-12-15 05:45:43,666] Trial 202 finished with value: -0.1028333306312561 and parameters: {'lr': 1e-05, 'gamma': 0.99, 'max_grad_norm': 2.0, 'lmbda': 0.95, 'clip_epsilon': 0.3, 'entropy_coef': 0.01}. Best is trial 93 with value: -0.09643332660198212.
[I 2024-12-15 05:57:47,229] Trial 203 finished with value: -0.09986665844917297 and parameters: {'lr': 1e-05, 'gamma': 0.99, 'max_grad_norm': 2.0, 'lmbda': 0.95, 'clip_epsilon': 0.3, 'entropy_coef': 0.01}. Best is trial 93 with value: -0.09643332660198212.
[I 2024-12-15 06:09:50,154] Trial 204 finished with value: -0.1007833331823349 and parameters: {'lr': 1e-05, 'gamma': 0.99, 'max_grad_norm': 2.0, 'lmbda': 0.95, 'clip_epsilon': 0.3, 'entropy_coef': 0.01}. Best is trial 93 with value: -0.09643332660198212.
[I 2024-12-15 06:21:56,481] Trial 205 finished with value: -0.10651665925979614 and parameters: {'lr': 1e-05, 'gamma': 0.99, 'max_grad_norm': 2.0, 'lmbda': 0.95, 'clip_epsilon': 0.3, 'entropy_coef': 0.01}. Best is trial 93 with value: -0.09643332660198212.
[I 2024-12-15 06:33:59,984] Trial 206 finished with value: -0.1029166653752327 and parameters: {'lr': 1e-05, 'gamma': 0.99, 'max_grad_norm': 2.0, 'lmbda': 0.95, 'clip_epsilon': 0.3, 'entropy_coef': 0.01}. Best is trial 93 with value: -0.09643332660198212.
[I 2024-12-15 06:46:04,967] Trial 207 finished with value: -0.10244999080896378 and parameters: {'lr': 1e-05, 'gamma': 0.99, 'max_grad_norm': 2.0, 'lmbda': 0.95, 'clip_epsilon': 0.3, 'entropy_coef': 0.01}. Best is trial 93 with value: -0.09643332660198212.
[I 2024-12-15 06:58:09,078] Trial 208 finished with value: -0.10586667060852051 and parameters: {'lr': 1e-05, 'gamma': 0.99, 'max_grad_norm': 2.0, 'lmbda': 0.95, 'clip_epsilon': 0.3, 'entropy_coef': 0.01}. Best is trial 93 with value: -0.09643332660198212.
[I 2024-12-15 07:10:12,475] Trial 209 finished with value: -0.10173332691192627 and parameters: {'lr': 1e-05, 'gamma': 0.99, 'max_grad_norm': 1.5, 'lmbda': 0.95, 'clip_epsilon': 0.3, 'entropy_coef': 0.01}. Best is trial 93 with value: -0.09643332660198212.
[I 2024-12-15 07:22:16,320] Trial 210 finished with value: -0.1109333336353302 and parameters: {'lr': 1e-05, 'gamma': 0.85, 'max_grad_norm': 1.0, 'lmbda': 0.85, 'clip_epsilon': 0.3, 'entropy_coef': 0.01}. Best is trial 93 with value: -0.09643332660198212.
[I 2024-12-15 07:34:21,763] Trial 211 finished with value: -0.10293332487344742 and parameters: {'lr': 1e-05, 'gamma': 0.99, 'max_grad_norm': 2.0, 'lmbda': 0.95, 'clip_epsilon': 0.3, 'entropy_coef': 0.01}. Best is trial 93 with value: -0.09643332660198212.
[I 2024-12-15 07:46:24,214] Trial 212 finished with value: -0.10315000265836716 and parameters: {'lr': 1e-05, 'gamma': 0.99, 'max_grad_norm': 2.0, 'lmbda': 0.95, 'clip_epsilon': 0.3, 'entropy_coef': 0.01}. Best is trial 93 with value: -0.09643332660198212.
[I 2024-12-15 07:58:26,122] Trial 213 finished with value: -0.10180000215768814 and parameters: {'lr': 1e-05, 'gamma': 0.99, 'max_grad_norm': 2.0, 'lmbda': 0.95, 'clip_epsilon': 0.3, 'entropy_coef': 0.01}. Best is trial 93 with value: -0.09643332660198212.
[I 2024-12-15 08:10:30,370] Trial 214 finished with value: -0.1023833379149437 and parameters: {'lr': 1e-05, 'gamma': 0.99, 'max_grad_norm': 2.0, 'lmbda': 0.95, 'clip_epsilon': 0.3, 'entropy_coef': 0.01}. Best is trial 93 with value: -0.09643332660198212.
[I 2024-12-15 08:22:35,103] Trial 215 finished with value: -0.10468333214521408 and parameters: {'lr': 1e-05, 'gamma': 0.99, 'max_grad_norm': 2.0, 'lmbda': 0.95, 'clip_epsilon': 0.3, 'entropy_coef': 0.01}. Best is trial 93 with value: -0.09643332660198212.
[I 2024-12-15 08:34:45,008] Trial 216 finished with value: -0.10730000585317612 and parameters: {'lr': 0.0001, 'gamma': 0.99, 'max_grad_norm': 2.0, 'lmbda': 0.95, 'clip_epsilon': 0.3, 'entropy_coef': 0.01}. Best is trial 93 with value: -0.09643332660198212.
[I 2024-12-15 08:46:48,453] Trial 217 finished with value: -0.10478333383798599 and parameters: {'lr': 1e-05, 'gamma': 0.99, 'max_grad_norm': 2.0, 'lmbda': 0.9, 'clip_epsilon': 0.3, 'entropy_coef': 0.001}. Best is trial 93 with value: -0.09643332660198212.
[I 2024-12-15 08:58:53,587] Trial 218 finished with value: -0.10166666656732559 and parameters: {'lr': 1e-05, 'gamma': 0.99, 'max_grad_norm': 1.5, 'lmbda': 0.95, 'clip_epsilon': 0.3, 'entropy_coef': 0.01}. Best is trial 93 with value: -0.09643332660198212.
[I 2024-12-15 09:10:58,639] Trial 219 finished with value: -0.10178333520889282 and parameters: {'lr': 1e-05, 'gamma': 0.99, 'max_grad_norm': 2.0, 'lmbda': 0.95, 'clip_epsilon': 0.3, 'entropy_coef': 0.01}. Best is trial 93 with value: -0.09643332660198212.
[I 2024-12-15 09:23:42,435] Trial 220 finished with value: -0.11166667193174362 and parameters: {'lr': 0.01, 'gamma': 0.7, 'max_grad_norm': 2.0, 'lmbda': 0.95, 'clip_epsilon': 0.3, 'entropy_coef': 0.01}. Best is trial 93 with value: -0.09643332660198212.
[I 2024-12-15 09:35:50,383] Trial 221 finished with value: -0.10019999742507935 and parameters: {'lr': 1e-05, 'gamma': 0.99, 'max_grad_norm': 2.0, 'lmbda': 0.95, 'clip_epsilon': 0.3, 'entropy_coef': 0.0001}. Best is trial 93 with value: -0.09643332660198212.
[I 2024-12-15 09:47:58,285] Trial 222 finished with value: -0.10140000283718109 and parameters: {'lr': 1e-05, 'gamma': 0.99, 'max_grad_norm': 2.0, 'lmbda': 0.95, 'clip_epsilon': 0.3, 'entropy_coef': 0.0001}. Best is trial 93 with value: -0.09643332660198212.
[I 2024-12-15 10:00:05,826] Trial 223 finished with value: -0.10246666520833969 and parameters: {'lr': 1e-05, 'gamma': 0.99, 'max_grad_norm': 2.0, 'lmbda': 0.95, 'clip_epsilon': 0.3, 'entropy_coef': 0.0001}. Best is trial 93 with value: -0.09643332660198212.
[I 2024-12-15 10:12:10,302] Trial 224 finished with value: -0.10160000622272491 and parameters: {'lr': 1e-05, 'gamma': 0.99, 'max_grad_norm': 2.0, 'lmbda': 0.95, 'clip_epsilon': 0.3, 'entropy_coef': 0.0001}. Best is trial 93 with value: -0.09643332660198212.
[I 2024-12-15 10:24:13,751] Trial 225 finished with value: -0.10281667858362198 and parameters: {'lr': 1e-05, 'gamma': 0.95, 'max_grad_norm': 2.0, 'lmbda': 0.95, 'clip_epsilon': 0.3, 'entropy_coef': 0.01}. Best is trial 93 with value: -0.09643332660198212.
[I 2024-12-15 10:36:31,163] Trial 226 finished with value: -0.10286667197942734 and parameters: {'lr': 1e-05, 'gamma': 0.99, 'max_grad_norm': 2.0, 'lmbda': 0.95, 'clip_epsilon': 0.3, 'entropy_coef': 0.0001}. Best is trial 93 with value: -0.09643332660198212.
[I 2024-12-15 10:48:58,068] Trial 227 finished with value: -0.1031000092625618 and parameters: {'lr': 1e-05, 'gamma': 0.99, 'max_grad_norm': 1.5, 'lmbda': 0.95, 'clip_epsilon': 0.3, 'entropy_coef': 0.0}. Best is trial 93 with value: -0.09643332660198212.
[I 2024-12-15 11:01:02,075] Trial 228 finished with value: -0.11124999821186066 and parameters: {'lr': 1e-05, 'gamma': 0.6, 'max_grad_norm': 2.0, 'lmbda': 0.95, 'clip_epsilon': 0.1, 'entropy_coef': 0.01}. Best is trial 93 with value: -0.09643332660198212.
[I 2024-12-15 11:13:05,330] Trial 229 finished with value: -0.10193333774805069 and parameters: {'lr': 1e-05, 'gamma': 0.99, 'max_grad_norm': 2.0, 'lmbda': 0.95, 'clip_epsilon': 0.2, 'entropy_coef': 0.01}. Best is trial 93 with value: -0.09643332660198212.
[I 2024-12-15 11:25:11,780] Trial 230 finished with value: -0.10296666622161865 and parameters: {'lr': 1e-05, 'gamma': 0.99, 'max_grad_norm': 2.0, 'lmbda': 0.95, 'clip_epsilon': 0.3, 'entropy_coef': 0.0001}. Best is trial 93 with value: -0.09643332660198212.
[I 2024-12-15 11:37:18,003] Trial 231 finished with value: -0.10456666350364685 and parameters: {'lr': 1e-05, 'gamma': 0.99, 'max_grad_norm': 2.0, 'lmbda': 0.95, 'clip_epsilon': 0.3, 'entropy_coef': 0.0001}. Best is trial 93 with value: -0.09643332660198212.
[I 2024-12-15 11:49:22,911] Trial 232 finished with value: -0.10088333487510681 and parameters: {'lr': 1e-05, 'gamma': 0.99, 'max_grad_norm': 2.0, 'lmbda': 0.95, 'clip_epsilon': 0.3, 'entropy_coef': 0.0001}. Best is trial 93 with value: -0.09643332660198212.
[I 2024-12-15 12:01:30,895] Trial 233 finished with value: -0.10335000604391098 and parameters: {'lr': 1e-05, 'gamma': 0.99, 'max_grad_norm': 2.0, 'lmbda': 0.95, 'clip_epsilon': 0.3, 'entropy_coef': 0.0001}. Best is trial 93 with value: -0.09643332660198212.
[I 2024-12-15 12:13:35,849] Trial 234 finished with value: -0.10498333722352982 and parameters: {'lr': 1e-05, 'gamma': 0.99, 'max_grad_norm': 2.0, 'lmbda': 0.95, 'clip_epsilon': 0.3, 'entropy_coef': 0.0001}. Best is trial 93 with value: -0.09643332660198212.
[I 2024-12-15 12:25:42,714] Trial 235 finished with value: -0.10225000232458115 and parameters: {'lr': 1e-05, 'gamma': 0.99, 'max_grad_norm': 2.0, 'lmbda': 0.95, 'clip_epsilon': 0.3, 'entropy_coef': 0.0001}. Best is trial 93 with value: -0.09643332660198212.
[I 2024-12-15 12:37:49,181] Trial 236 finished with value: -0.10730000585317612 and parameters: {'lr': 1e-05, 'gamma': 0.8, 'max_grad_norm': 2.0, 'lmbda': 0.95, 'clip_epsilon': 0.3, 'entropy_coef': 0.01}. Best is trial 93 with value: -0.09643332660198212.
